Haromszereplos fizetesi tranzakcio

Inditas: 2012.03.19. 16:47:46

Indito adatok
  posId: 02200814
  azonosito: primaw3042
  osszeg: 11391
  devizanem: HUF
  nyelvkod: hu
  nevKell: true
  orszagKell: true
  megyeKell: true
  telepulesKell: true
  iranyitoszamKell: true
  utcaHazszamKell: true
  mailCimKell: true
  kozlemenyKell: true
  vevoVisszaigazolasKell: false
  ugyfelRegisztracioKell: 
  regisztraltUgyfelId: 
  shopMegjegyzes: Príma Wellness vásárlás: Fittness-SPA 8 alkalmas Egésznap
  backURL: http://shop.primawellness.hu:80/fiz3.php?func=fiz3%3FfizetesValasz%3Dtrue&posId=02200814&tranzId=primaw3042&fizetesValasz=true&tranzakcioAzonosito=primaw3042
  ketlepcsosFizetes: 
