Haromszereplos fizetesi tranzakcio

Inditas: 2012.04.16. 14:43:49

Indito adatok
  posId: 02200814
  azonosito: primaw3183
  osszeg: 1416
  devizanem: HUF
  nyelvkod: hu
  nevKell: true
  orszagKell: true
  megyeKell: true
  telepulesKell: true
  iranyitoszamKell: true
  utcaHazszamKell: true
  mailCimKell: true
  kozlemenyKell: true
  vevoVisszaigazolasKell: false
  ugyfelRegisztracioKell: 
  regisztraltUgyfelId: 
  shopMegjegyzes: Príma Wellness vásárlás: Fitness 1 alkalmas jegy Egésznap 
  backURL: http://web.primawellness.hu:80/shopfiz3.php?func=fiz3%3FfizetesValasz%3Dtrue&posId=02200814&tranzId=primaw3183&fizetesValasz=true&tranzakcioAzonosito=primaw3183
  ketlepcsosFizetes: 
