Haromszereplos fizetesi tranzakcio

Inditas: 2012.02.24. 15:52:29

Indito adatok
  posId: 02200814
  azonosito: primaw2929
  osszeg: 12341
  devizanem: HUF
  nyelvkod: hu
  nevKell: true
  orszagKell: true
  megyeKell: true
  telepulesKell: true
  iranyitoszamKell: true
  utcaHazszamKell: true
  mailCimKell: true
  kozlemenyKell: true
  vevoVisszaigazolasKell: false
  ugyfelRegisztracioKell: 
  regisztraltUgyfelId: 
  shopMegjegyzes: Príma Wellness vásárlás: Aerobic-Spa 12 alkalmas Egésznap
  backURL: http://shop.primawellness.hu:80/fiz3.php?func=fiz3%3FfizetesValasz%3Dtrue&posId=02200814&tranzId=primaw2929&fizetesValasz=true&tranzakcioAzonosito=primaw2929
  ketlepcsosFizetes: 
