Haromszereplos fizetesi tranzakcio

Inditas: 2012.02.01. 15:56:36

Indito adatok
  posId: 02200814
  azonosito: primaw2751
  osszeg: 13291
  devizanem: HUF
  nyelvkod: hu
  nevKell: true
  orszagKell: true
  megyeKell: true
  telepulesKell: true
  iranyitoszamKell: true
  utcaHazszamKell: true
  mailCimKell: true
  kozlemenyKell: true
  vevoVisszaigazolasKell: false
  ugyfelRegisztracioKell: 
  regisztraltUgyfelId: 
  shopMegjegyzes: Príma Wellness vásárlás: Príma korl. Aerobic egésznap + 8spa
  backURL: http://shop.primawellness.hu:80/fiz3.php?func=fiz3%3FfizetesValasz%3Dtrue&posId=02200814&tranzId=primaw2751&fizetesValasz=true&tranzakcioAzonosito=primaw2751
  ketlepcsosFizetes: 

Befejezes: 2012.02.01. 15:59:26

Valasz: SIKER

Valasz adatok
  posId: 02200814
  azonosito: primaw2751
  posValaszkod: 
  authorizaciosKod: 697933
  statuszKod: 
  teljesites: 2012.02.01 15.59.25 876
  nev: Á.Horváth Monika
  orszag: magyar
  megye: Pest
  varos: Budapest
  iranyitoszam: 1103
  utcaHazszam: Salamon 6/b
  mailCim: horvath.monika59@gmail.com
  kozlemeny: korlátlan bérlet
