Haromszereplos fizetesi tranzakcio

Inditas: 2012.02.01. 08:30:00

Indito adatok
  posId: 02200814
  azonosito: primaw2746
  osszeg: 5311
  devizanem: HUF
  nyelvkod: hu
  nevKell: true
  orszagKell: true
  megyeKell: true
  telepulesKell: true
  iranyitoszamKell: true
  utcaHazszamKell: true
  mailCimKell: true
  kozlemenyKell: true
  vevoVisszaigazolasKell: false
  ugyfelRegisztracioKell: 
  regisztraltUgyfelId: 
  shopMegjegyzes: Príma Wellness vásárlás: Aerobic-SPA 4 alkalmas Egésznapos
  backURL: http://shop.primawellness.hu:80/fiz3.php?func=fiz3%3FfizetesValasz%3Dtrue&posId=02200814&tranzId=primaw2746&fizetesValasz=true&tranzakcioAzonosito=primaw2746
  ketlepcsosFizetes: 

Befejezes: 2012.02.01. 08:32:57

Valasz: SIKER

Valasz adatok
  posId: 02200814
  azonosito: primaw2746
  posValaszkod: 
  authorizaciosKod: 708913
  statuszKod: 
  teljesites: 2012.02.01 08.32.54 854
  nev: Gulyás Tünde
  orszag: Magyarország
  megye: Pest
  varos: Budapest
  iranyitoszam: 1108
  utcaHazszam: Szõlõvirág utca 8.
  mailCim: tahiti72@freemail.hu
  kozlemeny: 
