Haromszereplos fizetesi tranzakcio

Inditas: 2012.01.29. 15:13:54

Indito adatok
  posId: 02200814
  azonosito: cbaf2719
  osszeg: 8161
  devizanem: HUF
  nyelvkod: hu
  nevKell: true
  orszagKell: true
  megyeKell: true
  telepulesKell: true
  iranyitoszamKell: true
  utcaHazszamKell: true
  mailCimKell: true
  kozlemenyKell: true
  vevoVisszaigazolasKell: false
  ugyfelRegisztracioKell: 
  regisztraltUgyfelId: 
  shopMegjegyzes: CBA Fitness vásárlás: Aerobic 8 alkalmas Egésznap + 4 SPA
  backURL: http://shop.primawellness.hu:80/fiz3.php?func=fiz3%3FfizetesValasz%3Dtrue&posId=02200814&tranzId=cbaf2719&fizetesValasz=true&tranzakcioAzonosito=cbaf2719
  ketlepcsosFizetes: 

Befejezes: 2012.01.29. 15:17:26

Valasz: SIKER

Valasz adatok
  posId: 02200814
  azonosito: cbaf2719
  posValaszkod: 
  authorizaciosKod: 492909
  statuszKod: 
  teljesites: 2012.01.29 15.17.24 440
  nev: Safranyik Anita
  orszag: magarország
  megye: pest
  varos: dabas
  iranyitoszam: 2370
  utcaHazszam: józsef attila 160
  mailCim: asafranyik@gmail.com
  kozlemeny: 
