Haromszereplos fizetesi tranzakcio

Inditas: 2012.02.05. 09:08:49

Indito adatok
  posId: 02200814
  azonosito: primaw2785
  osszeg: 6546
  devizanem: HUF
  nyelvkod: hu
  nevKell: true
  orszagKell: true
  megyeKell: true
  telepulesKell: true
  iranyitoszamKell: true
  utcaHazszamKell: true
  mailCimKell: true
  kozlemenyKell: true
  vevoVisszaigazolasKell: false
  ugyfelRegisztracioKell: 
  regisztraltUgyfelId: 
  shopMegjegyzes: Príma Wellness vásárlás: Diák és Nyugd. Fitness 8 alk De 14 h-tól
  backURL: http://shop.primawellness.hu:80/fiz3.php?func=fiz3%3FfizetesValasz%3Dtrue&posId=02200814&tranzId=primaw2785&fizetesValasz=true&tranzakcioAzonosito=primaw2785
  ketlepcsosFizetes: 

Befejezes: 2012.02.05. 09:13:25

Valasz: SIKER

Valasz adatok
  posId: 02200814
  azonosito: primaw2785
  posValaszkod: 
  authorizaciosKod: 007159
  statuszKod: 
  teljesites: 2012.02.05 09.13.22 477
  nev: Szilágyi katalin
  orszag: Magyar
  megye: Pest
  varos: Budapest
  iranyitoszam: 1183
  utcaHazszam: Kálti Márk u.11
  mailCim: kaltimark@freemail.hu
  kozlemeny: nyugd.bérlet
