Haromszereplos fizetesi tranzakcio

Inditas: 2012.02.04. 11:51:16

Indito adatok
  posId: 02200814
  azonosito: primaw2782
  osszeg: 8161
  devizanem: HUF
  nyelvkod: hu
  nevKell: true
  orszagKell: true
  megyeKell: true
  telepulesKell: true
  iranyitoszamKell: true
  utcaHazszamKell: true
  mailCimKell: true
  kozlemenyKell: true
  vevoVisszaigazolasKell: false
  ugyfelRegisztracioKell: 
  regisztraltUgyfelId: 
  shopMegjegyzes: Príma Wellness vásárlás: Aerobic 8 alkalmas Egésznap + 4 SPA
  backURL: http://shop.primawellness.hu:80/fiz3.php?func=fiz3%3FfizetesValasz%3Dtrue&posId=02200814&tranzId=primaw2782&fizetesValasz=true&tranzakcioAzonosito=primaw2782
  ketlepcsosFizetes: 

Befejezes: 2012.02.04. 11:53:27

Valasz: SIKER

Valasz adatok
  posId: 02200814
  azonosito: primaw2782
  posValaszkod: 
  authorizaciosKod: 512490
  statuszKod: 
  teljesites: 2012.02.04 11.53.24 744
  nev: Káli Andrea
  orszag: Magyarország
  megye: Pest
  varos: Budapest
  iranyitoszam: 1107
  utcaHazszam: Kékvirág u. 10.
  mailCim: kali.andrea@yahoo.com
  kozlemeny: 
