Haromszereplos fizetesi tranzakcio

Inditas: 2012.01.30. 16:55:45

Indito adatok
  posId: 02200814
  azonosito: primaw2741
  osszeg: 9776
  devizanem: HUF
  nyelvkod: hu
  nevKell: true
  orszagKell: true
  megyeKell: true
  telepulesKell: true
  iranyitoszamKell: true
  utcaHazszamKell: true
  mailCimKell: true
  kozlemenyKell: true
  vevoVisszaigazolasKell: false
  ugyfelRegisztracioKell: 
  regisztraltUgyfelId: 
  shopMegjegyzes: Príma Wellness vásárlás: Aerobic 12 alkalmas Egésznap + 6 SPA
  backURL: http://shop.primawellness.hu:80/fiz3.php?func=fiz3%3FfizetesValasz%3Dtrue&posId=02200814&tranzId=primaw2741&fizetesValasz=true&tranzakcioAzonosito=primaw2741
  ketlepcsosFizetes: 

Befejezes: 2012.01.30. 16:59:17

Valasz: SIKER

Valasz adatok
  posId: 02200814
  azonosito: primaw2741
  posValaszkod: 
  authorizaciosKod: 288636
  statuszKod: 
  teljesites: 2012.01.30 16.59.17 046
  nev: Miskolczi Judit
  orszag: Magyar
  megye: Pest
  varos: Budapest
  iranyitoszam: 1171
  utcaHazszam: Göcsej u. 32.
  mailCim: jmiskolczi@masonite.com
  kozlemeny: aerobic bérlet
