Haromszereplos fizetesi tranzakcio

Inditas: 2012.02.02. 16:43:55

Indito adatok
  posId: 02200814
  azonosito: primaw2766
  osszeg: 12341
  devizanem: HUF
  nyelvkod: hu
  nevKell: true
  orszagKell: true
  megyeKell: true
  telepulesKell: true
  iranyitoszamKell: true
  utcaHazszamKell: true
  mailCimKell: true
  kozlemenyKell: true
  vevoVisszaigazolasKell: false
  ugyfelRegisztracioKell: 
  regisztraltUgyfelId: 
  shopMegjegyzes: Príma Wellness vásárlás: Fittness-SPA 12 alkalmas Egésznap
  backURL: http://shop.primawellness.hu:80/fiz3.php?func=fiz3%3FfizetesValasz%3Dtrue&posId=02200814&tranzId=primaw2766&fizetesValasz=true&tranzakcioAzonosito=primaw2766
  ketlepcsosFizetes: 

Befejezes: 2012.02.02. 16:46:26

Valasz: SIKER

Valasz adatok
  posId: 02200814
  azonosito: primaw2766
  posValaszkod: 
  authorizaciosKod: 673207
  statuszKod: 
  teljesites: 2012.02.02 16.46.24 793
  nev: Nagy Imre Zsolt
  orszag: Magyar
  megye: Budapest
  varos: Budapest
  iranyitoszam: 1196
  utcaHazszam: Batthyany u 130
  mailCim: imrenagy69@freemail.hu
  kozlemeny: vásárlás
