Haromszereplos fizetesi tranzakcio

Inditas: 2012.02.03. 14:04:51

Indito adatok
  posId: 02200814
  azonosito: primaw2776
  osszeg: 5121
  devizanem: HUF
  nyelvkod: hu
  nevKell: true
  orszagKell: true
  megyeKell: true
  telepulesKell: true
  iranyitoszamKell: true
  utcaHazszamKell: true
  mailCimKell: true
  kozlemenyKell: true
  vevoVisszaigazolasKell: false
  ugyfelRegisztracioKell: 
  regisztraltUgyfelId: 
  shopMegjegyzes: Príma Wellness vásárlás: Aerobic 4 alkalmas Egésznapos + 2 SPA
  backURL: http://shop.primawellness.hu:80/fiz3.php?func=fiz3%3FfizetesValasz%3Dtrue&posId=02200814&tranzId=primaw2776&fizetesValasz=true&tranzakcioAzonosito=primaw2776
  ketlepcsosFizetes: 

Befejezes: 2012.02.03. 14:07:37

Valasz: SIKER

Valasz adatok
  posId: 02200814
  azonosito: primaw2776
  posValaszkod: 
  authorizaciosKod: 158613
  statuszKod: 
  teljesites: 2012.02.03 14.07.34 696
  nev: Lengyel Miklós
  orszag: Magyar
  megye: Pest 
  varos: Vecsés
  iranyitoszam: 2220
  utcaHazszam: Szép u 8
  mailCim: lmiklos2@index.hu
  kozlemeny: 
