Haromszereplos fizetesi tranzakcio

Inditas: 2012.02.01. 08:38:39

Indito adatok
  posId: 02200814
  azonosito: primaw2747
  osszeg: 13291
  devizanem: HUF
  nyelvkod: hu
  nevKell: true
  orszagKell: true
  megyeKell: true
  telepulesKell: true
  iranyitoszamKell: true
  utcaHazszamKell: true
  mailCimKell: true
  kozlemenyKell: true
  vevoVisszaigazolasKell: false
  ugyfelRegisztracioKell: 
  regisztraltUgyfelId: 
  shopMegjegyzes: Príma Wellness vásárlás: Príma korl. Aerobic egésznap + 8spa
  backURL: http://shop.primawellness.hu:80/fiz3.php?func=fiz3%3FfizetesValasz%3Dtrue&posId=02200814&tranzId=primaw2747&fizetesValasz=true&tranzakcioAzonosito=primaw2747
  ketlepcsosFizetes: 

Befejezes: 2012.02.01. 08:41:21

Valasz: SIKER

Valasz adatok
  posId: 02200814
  azonosito: primaw2747
  posValaszkod: 
  authorizaciosKod: 984278
  statuszKod: 
  teljesites: 2012.02.01 08.41.20 388
  nev: Kerékgyártó Judit
  orszag: Magyarország
  megye: Budapest
  varos: Budapest
  iranyitoszam: 1183
  utcaHazszam: Csörötnek u. 2/b
  mailCim: kerekgyarto.judit77@gmail.com
  kozlemeny: bérlet vásárlás
