Haromszereplos fizetesi tranzakcio

Inditas: 2012.01.24. 21:17:39

Indito adatok
  posId: 02200814
  azonosito: cbaf2697
  osszeg: 8150
  devizanem: HUF
  nyelvkod: hu
  nevKell: true
  orszagKell: true
  megyeKell: true
  telepulesKell: true
  iranyitoszamKell: true
  utcaHazszamKell: true
  mailCimKell: true
  kozlemenyKell: true
  vevoVisszaigazolasKell: false
  ugyfelRegisztracioKell: 
  regisztraltUgyfelId: 
  shopMegjegyzes: CBA Fitness vásárlás: Aerobic 8 alkalmas Egésznap + 4 SPA
  backURL: http://shop.primawellness.hu:80/fiz3.php?func=fiz3%3FfizetesValasz%3Dtrue&posId=02200814&tranzId=cbaf2697&fizetesValasz=true&tranzakcioAzonosito=cbaf2697
  ketlepcsosFizetes: 

Befejezes: 2012.01.24. 21:19:35

Valasz: SIKER

Valasz adatok
  posId: 02200814
  azonosito: cbaf2697
  posValaszkod: 
  authorizaciosKod: 065720
  statuszKod: 
  teljesites: 2012.01.24 21.19.33 147
  nev: Pap Rita
  orszag: Magyarország
  megye: Budapest
  varos: Budapest
  iranyitoszam: 1107
  utcaHazszam: Somfa köz 4.
  mailCim: rpap23@gmail.com
  kozlemeny: 
