Haromszereplos fizetesi tranzakcio

Inditas: 2012.01.25. 14:14:50

Indito adatok
  posId: 02200814
  azonosito: cbaf2699
  osszeg: 11865
  devizanem: HUF
  nyelvkod: hu
  nevKell: true
  orszagKell: true
  megyeKell: true
  telepulesKell: true
  iranyitoszamKell: true
  utcaHazszamKell: true
  mailCimKell: true
  kozlemenyKell: true
  vevoVisszaigazolasKell: false
  ugyfelRegisztracioKell: 
  regisztraltUgyfelId: 
  shopMegjegyzes: CBA Fitness vásárlás: Squash 5 alkalmas Egésznapos
  backURL: http://shop.primawellness.hu:80/fiz3.php?func=fiz3%3FfizetesValasz%3Dtrue&posId=02200814&tranzId=cbaf2699&fizetesValasz=true&tranzakcioAzonosito=cbaf2699
  ketlepcsosFizetes: 

Befejezes: 2012.01.25. 14:17:12

Valasz: SIKER

Valasz adatok
  posId: 02200814
  azonosito: cbaf2699
  posValaszkod: 
  authorizaciosKod: 169646
  statuszKod: 
  teljesites: 2012.01.25 14.17.11 135
  nev: Herendi Dániel
  orszag: Magyarország
  megye: Pest
  varos: Budapest
  iranyitoszam: 1123
  utcaHazszam: Schwartzer F. u. 4.
  mailCim: daniel.herendi@gmail.com
  kozlemeny: prima wellness squash 3 kat
