Haromszereplos fizetesi tranzakcio

Inditas: 2012.02.04. 09:32:03

Indito adatok
  posId: 02200814
  azonosito: primaw2781
  osszeg: 8446
  devizanem: HUF
  nyelvkod: hu
  nevKell: true
  orszagKell: true
  megyeKell: true
  telepulesKell: true
  iranyitoszamKell: true
  utcaHazszamKell: true
  mailCimKell: true
  kozlemenyKell: true
  vevoVisszaigazolasKell: false
  ugyfelRegisztracioKell: 
  regisztraltUgyfelId: 
  shopMegjegyzes: Príma Wellness vásárlás: Fitness 12 alkalmas DE 14h-ig
  backURL: http://shop.primawellness.hu:80/fiz3.php?func=fiz3%3FfizetesValasz%3Dtrue&posId=02200814&tranzId=primaw2781&fizetesValasz=true&tranzakcioAzonosito=primaw2781
  ketlepcsosFizetes: 

Befejezes: 2012.02.04. 09:34:04

Valasz: SIKER

Valasz adatok
  posId: 02200814
  azonosito: primaw2781
  posValaszkod: 
  authorizaciosKod: 390815
  statuszKod: 
  teljesites: 2012.02.04 09.34.04 479
  nev: bodnár attila
  orszag: hun
  megye: bud
  varos: budapest
  iranyitoszam: 1191
  utcaHazszam: kisfaludy 8. 4/10
  mailCim: bodnar15@freemail.hu
  kozlemeny: 
