Haromszereplos fizetesi tranzakcio

Inditas: 2011.12.19. 14:08:33

Indito adatok
  posId: 02200814
  azonosito: cbaf2549
  osszeg: 156000
  devizanem: HUF
  nyelvkod: hu
  nevKell: true
  orszagKell: true
  megyeKell: true
  telepulesKell: true
  iranyitoszamKell: true
  utcaHazszamKell: true
  mailCimKell: true
  kozlemenyKell: true
  vevoVisszaigazolasKell: false
  ugyfelRegisztracioKell: 
  regisztraltUgyfelId: 
  shopMegjegyzes: CBA Fitness vásárlás: Klubtagsági 12 hónap
  backURL: http://shop.primawellness.hu:80/fiz3.php?func=fiz3%3FfizetesValasz%3Dtrue&posId=02200814&tranzId=cbaf2549&fizetesValasz=true&tranzakcioAzonosito=cbaf2549
  ketlepcsosFizetes: 

Befejezes: 2011.12.19. 14:08:51

Valasz: HIBASKLIENSALAIRAS

Valasz adatok
  posId: 02200814
  azonosito: cbaf2549
  posValaszkod: 
  authorizaciosKod: 
  statuszKod: 
  teljesites: 
  nev: 
  orszag: 
  megye: 
  varos: 
  iranyitoszam: 
  utcaHazszam: 
  mailCim: 
  kozlemeny: 
