Haromszereplos fizetesi tranzakcio

Inditas: 2011.12.19. 14:07:48

Indito adatok
  posId: 02200814
  azonosito: cbaf2548
  osszeg: 18990
  devizanem: HUF
  nyelvkod: hu
  nevKell: true
  orszagKell: true
  megyeKell: true
  telepulesKell: true
  iranyitoszamKell: true
  utcaHazszamKell: true
  mailCimKell: true
  kozlemenyKell: true
  vevoVisszaigazolasKell: false
  ugyfelRegisztracioKell: 
  regisztraltUgyfelId: 
  shopMegjegyzes: CBA Fitness vásárlás: Squash 10 alkalmas 06-10h I.zóna
  backURL: http://shop.primawellness.hu:80/fiz3.php?func=fiz3%3FfizetesValasz%3Dtrue&posId=02200814&tranzId=cbaf2548&fizetesValasz=true&tranzakcioAzonosito=cbaf2548
  ketlepcsosFizetes: 

Befejezes: 2011.12.19. 14:07:54

Valasz: HIBASKLIENSALAIRAS

Valasz adatok
  posId: 02200814
  azonosito: cbaf2548
  posValaszkod: 
  authorizaciosKod: 
  statuszKod: 
  teljesites: 
  nev: 
  orszag: 
  megye: 
  varos: 
  iranyitoszam: 
  utcaHazszam: 
  mailCim: 
  kozlemeny: 
