Haromszereplos fizetesi tranzakcio

Inditas: 2012.03.25. 17:20:57

Indito adatok
  posId: 02200814
  azonosito: primaw3087
  osszeg: 8161
  devizanem: HUF
  nyelvkod: hu
  nevKell: true
  orszagKell: true
  megyeKell: true
  telepulesKell: true
  iranyitoszamKell: true
  utcaHazszamKell: true
  mailCimKell: true
  kozlemenyKell: true
  vevoVisszaigazolasKell: false
  ugyfelRegisztracioKell: 
  regisztraltUgyfelId: 
  shopMegjegyzes: Príma Wellness vásárlás: Fitness 8 alkalmas Egésznap
  backURL: http://shop.primawellness.hu:80/fiz3.php?func=fiz3%3FfizetesValasz%3Dtrue&posId=02200814&tranzId=primaw3087&fizetesValasz=true&tranzakcioAzonosito=primaw3087
  ketlepcsosFizetes: 

Befejezes: 2012.03.25. 17:22:57

Valasz: SIKER

Valasz adatok
  posId: 02200814
  azonosito: primaw3087
  posValaszkod: 
  authorizaciosKod: 950561
  statuszKod: 
  teljesites: 2012.03.25 17.22.58 169
  nev: Ruschel Zoltán
  orszag: Magyarország
  megye: Budapest
  varos: Budapest
  iranyitoszam: 1144
  utcaHazszam: Szentmihályi út 35.
  mailCim: zoltan.ruschel@gmail.com
  kozlemeny: bérlet
