Haromszereplos fizetesi tranzakcio

Inditas: 2012.03.20. 07:54:30

Indito adatok
  posId: 02200814
  azonosito: primaw3052
  osszeg: 7591
  devizanem: HUF
  nyelvkod: hu
  nevKell: true
  orszagKell: true
  megyeKell: true
  telepulesKell: true
  iranyitoszamKell: true
  utcaHazszamKell: true
  mailCimKell: true
  kozlemenyKell: true
  vevoVisszaigazolasKell: false
  ugyfelRegisztracioKell: 
  regisztraltUgyfelId: 
  shopMegjegyzes: Príma Wellness vásárlás: Diák és Nyugd. Fitness 12 alk DE.14h-ig
  backURL: http://shop.primawellness.hu:80/fiz3.php?func=fiz3%3FfizetesValasz%3Dtrue&posId=02200814&tranzId=primaw3052&fizetesValasz=true&tranzakcioAzonosito=primaw3052
  ketlepcsosFizetes: 

Befejezes: 2012.03.20. 07:57:56

Valasz: SIKER

Valasz adatok
  posId: 02200814
  azonosito: primaw3052
  posValaszkod: 
  authorizaciosKod: 705369
  statuszKod: 
  teljesites: 2012.03.20 07.57.55 229
  nev: Szilágyi Katalin
  orszag: Magyar
  megye: PEST
  varos: Budapest
  iranyitoszam: 1183
  utcaHazszam: Kálti Márk u.11
  mailCim: kaltimark@freemail.hu
  kozlemeny: 
