Haromszereplos fizetesi tranzakcio

Inditas: 2012.02.06. 15:55:52

Indito adatok
  posId: 02200814
  azonosito: primaw2787
  osszeg: 4551
  devizanem: HUF
  nyelvkod: hu
  nevKell: true
  orszagKell: true
  megyeKell: true
  telepulesKell: true
  iranyitoszamKell: true
  utcaHazszamKell: true
  mailCimKell: true
  kozlemenyKell: true
  vevoVisszaigazolasKell: false
  ugyfelRegisztracioKell: 
  regisztraltUgyfelId: 
  shopMegjegyzes: Príma Wellness vásárlás: Fitness 4 alkalmas DE 14h-ig
  backURL: http://shop.primawellness.hu:80/fiz3.php?func=fiz3%3FfizetesValasz%3Dtrue&posId=02200814&tranzId=primaw2787&fizetesValasz=true&tranzakcioAzonosito=primaw2787
  ketlepcsosFizetes: 

Befejezes: 2012.02.06. 16:01:55

Valasz: SIKER

Valasz adatok
  posId: 02200814
  azonosito: primaw2787
  posValaszkod: 
  authorizaciosKod: 858340
  statuszKod: 
  teljesites: 2012.02.06 16.01.51 245
  nev: Kelemen Tamás Zoltán
  orszag: Magyarország
  megye: Budapest
  varos: Budapest
  iranyitoszam: 1031
  utcaHazszam: Vízimolnár utca 20.
  mailCim: kelementz@gmail.com
  kozlemeny: tesztvásárlás 2012.02.06
