Haromszereplos fizetesi tranzakcio

Inditas: 2012.04.16. 13:05:22

Indito adatok
  posId: 02200814
  azonosito: primaw3180
  osszeg: 6166
  devizanem: HUF
  nyelvkod: hu
  nevKell: true
  orszagKell: true
  megyeKell: true
  telepulesKell: true
  iranyitoszamKell: true
  utcaHazszamKell: true
  mailCimKell: true
  kozlemenyKell: true
  vevoVisszaigazolasKell: false
  ugyfelRegisztracioKell: 
  regisztraltUgyfelId: 
  shopMegjegyzes: Príma Wellness vásárlás: Aerobic-SPA 4 alkalmas Egésznapos
  backURL: http://web.primawellness.hu:80/shopfiz3.php?func=fiz3%3FfizetesValasz%3Dtrue&posId=02200814&tranzId=primaw3180&fizetesValasz=true&tranzakcioAzonosito=primaw3180
  ketlepcsosFizetes: 

Befejezes: 2012.04.16. 13:08:08

Valasz: SIKER

Valasz adatok
  posId: 02200814
  azonosito: primaw3180
  posValaszkod: 
  authorizaciosKod: 147937
  statuszKod: 
  teljesites: 2012.04.16 13.08.08 994
  nev: Székely Melinda
  orszag: Magyarország
  megye: Budapest
  varos: Budapest
  iranyitoszam: 1108
  utcaHazszam: Tavas utca 1. A/A/1/12
  mailCim: szekely.melinda@mailbox.hu
  kozlemeny: primawellness
