Haromszereplos fizetesi tranzakcio

Inditas: 2012.03.30. 08:58:10

Indito adatok
  posId: 02200814
  azonosito: primaw3117
  osszeg: 16141
  devizanem: HUF
  nyelvkod: hu
  nevKell: true
  orszagKell: true
  megyeKell: true
  telepulesKell: true
  iranyitoszamKell: true
  utcaHazszamKell: true
  mailCimKell: true
  kozlemenyKell: true
  vevoVisszaigazolasKell: false
  ugyfelRegisztracioKell: 
  regisztraltUgyfelId: 
  shopMegjegyzes: Príma Wellness vásárlás: Príma korl. Fitness-Spa egésznapos
  backURL: http://shop.primawellness.hu:80/fiz3.php?func=fiz3%3FfizetesValasz%3Dtrue&posId=02200814&tranzId=primaw3117&fizetesValasz=true&tranzakcioAzonosito=primaw3117
  ketlepcsosFizetes: 

Befejezes: 2012.03.30. 09:00:40

Valasz: SIKER

Valasz adatok
  posId: 02200814
  azonosito: primaw3117
  posValaszkod: 
  authorizaciosKod: 098732
  statuszKod: 
  teljesites: 2012.03.30 09.00.33 865
  nev: Baráth Szilvia
  orszag: Magyarország
  megye: Pest megye
  varos: Budapest
  iranyitoszam: 1173
  utcaHazszam: Tápiószele u. 19.
  mailCim: sylbarath@gmail.com
  kozlemeny: bérlet
