Haromszereplos fizetesi tranzakcio

Inditas: 2012.03.09. 20:31:30

Indito adatok
  posId: 02200814
  azonosito: primaw2990
  osszeg: 11866
  devizanem: HUF
  nyelvkod: hu
  nevKell: true
  orszagKell: true
  megyeKell: true
  telepulesKell: true
  iranyitoszamKell: true
  utcaHazszamKell: true
  mailCimKell: true
  kozlemenyKell: true
  vevoVisszaigazolasKell: false
  ugyfelRegisztracioKell: 
  regisztraltUgyfelId: 
  shopMegjegyzes: Príma Wellness vásárlás: Squash 5 alkalmas Egésznapos
  backURL: http://shop.primawellness.hu:80/fiz3.php?func=fiz3%3FfizetesValasz%3Dtrue&posId=02200814&tranzId=primaw2990&fizetesValasz=true&tranzakcioAzonosito=primaw2990
  ketlepcsosFizetes: 

Befejezes: 2012.03.09. 20:35:04

Valasz: SIKER

Valasz adatok
  posId: 02200814
  azonosito: primaw2990
  posValaszkod: 
  authorizaciosKod: 451791
  statuszKod: 
  teljesites: 2012.03.09 20.35.03 374
  nev: Balog Richárd
  orszag: Magyarország
  megye: Budapest
  varos: Budapest
  iranyitoszam: 1087
  utcaHazszam: Ciprus utca 8./C
  mailCim: balog.richard@gmail.com
  kozlemeny: 
