Haromszereplos fizetesi tranzakcio

Inditas: 2012.03.06. 22:18:38

Indito adatok
  posId: 02200814
  azonosito: primaw2976
  osszeg: 9491
  devizanem: HUF
  nyelvkod: hu
  nevKell: true
  orszagKell: true
  megyeKell: true
  telepulesKell: true
  iranyitoszamKell: true
  utcaHazszamKell: true
  mailCimKell: true
  kozlemenyKell: true
  vevoVisszaigazolasKell: false
  ugyfelRegisztracioKell: 
  regisztraltUgyfelId: 
  shopMegjegyzes: Príma Wellness vásárlás: Squash 5 alkalmas 10-16h  II.zóna
  backURL: http://shop.primawellness.hu:80/fiz3.php?func=fiz3%3FfizetesValasz%3Dtrue&posId=02200814&tranzId=primaw2976&fizetesValasz=true&tranzakcioAzonosito=primaw2976
  ketlepcsosFizetes: 

Befejezes: 2012.03.06. 22:23:36

Valasz: SIKER

Valasz adatok
  posId: 02200814
  azonosito: primaw2976
  posValaszkod: 
  authorizaciosKod: 863107
  statuszKod: 
  teljesites: 2012.03.06 22.23.31 912
  nev: Medve Norbert
  orszag: Magyarország
  megye: Budapest
  varos: Budapest
  iranyitoszam: 1108
  utcaHazszam: tavas utca 2. 7/45
  mailCim: maci.norbi@gmail.com
  kozlemeny: Medve Norbert-5alkalmasSquas
