Haromszereplos fizetesi tranzakcio

Inditas: 2012.03.03. 22:58:25

Indito adatok
  posId: 02200814
  azonosito: primaw2961
  osszeg: 9776
  devizanem: HUF
  nyelvkod: hu
  nevKell: true
  orszagKell: true
  megyeKell: true
  telepulesKell: true
  iranyitoszamKell: true
  utcaHazszamKell: true
  mailCimKell: true
  kozlemenyKell: true
  vevoVisszaigazolasKell: false
  ugyfelRegisztracioKell: 
  regisztraltUgyfelId: 
  shopMegjegyzes: Príma Wellness vásárlás: Aerobik 12 alkalmas Egésznapos
  backURL: http://shop.primawellness.hu:80/fiz3.php?func=fiz3%3FfizetesValasz%3Dtrue&posId=02200814&tranzId=primaw2961&fizetesValasz=true&tranzakcioAzonosito=primaw2961
  ketlepcsosFizetes: 

Befejezes: 2012.03.03. 23:01:16

Valasz: SIKER

Valasz adatok
  posId: 02200814
  azonosito: primaw2961
  posValaszkod: 
  authorizaciosKod: 577805
  statuszKod: 
  teljesites: 2012.03.03 23.01.12 499
  nev: Kummer Gábor
  orszag: Magyarország
  megye: Budapest
  varos: Budapest
  iranyitoszam: 1183
  utcaHazszam: Gyömrõi út 118/A 1/4.
  mailCim: moncsa@index.hu
  kozlemeny: 
