Haromszereplos fizetesi tranzakcio

Inditas: 2012.03.02. 00:11:16

Indito adatok
  posId: 02200814
  azonosito: primaw2954
  osszeg: 9776
  devizanem: HUF
  nyelvkod: hu
  nevKell: true
  orszagKell: true
  megyeKell: true
  telepulesKell: true
  iranyitoszamKell: true
  utcaHazszamKell: true
  mailCimKell: true
  kozlemenyKell: true
  vevoVisszaigazolasKell: false
  ugyfelRegisztracioKell: 
  regisztraltUgyfelId: 
  shopMegjegyzes: Príma Wellness vásárlás: Fitness 12 alkalmas Egésznap
  backURL: http://shop.primawellness.hu:80/fiz3.php?func=fiz3%3FfizetesValasz%3Dtrue&posId=02200814&tranzId=primaw2954&fizetesValasz=true&tranzakcioAzonosito=primaw2954
  ketlepcsosFizetes: 

Befejezes: 2012.03.02. 00:14:27

Valasz: SIKER

Valasz adatok
  posId: 02200814
  azonosito: primaw2954
  posValaszkod: 
  authorizaciosKod: 289341
  statuszKod: 
  teljesites: 2012.03.02 00.14.27 702
  nev: Tóth Krisztián
  orszag: Magyar
  megye: Pest
  varos: Budapest
  iranyitoszam: 1173
  utcaHazszam: Egészségház u. 36. 3/10.
  mailCim: belvaros.lipotvaros@gmail.com
  kozlemeny: 
