Haromszereplos fizetesi tranzakcio

Inditas: 2012.04.04. 13:56:13

Indito adatok
  posId: 02200814
  azonosito: primaw3154
  osszeg: 9776
  devizanem: HUF
  nyelvkod: hu
  nevKell: true
  orszagKell: true
  megyeKell: true
  telepulesKell: true
  iranyitoszamKell: true
  utcaHazszamKell: true
  mailCimKell: true
  kozlemenyKell: true
  vevoVisszaigazolasKell: false
  ugyfelRegisztracioKell: 
  regisztraltUgyfelId: 
  shopMegjegyzes: Príma Wellness vásárlás: Fitness 12 alkalmas Egésznap
  backURL: http://shop.primawellness.hu:80/fiz3.php?func=fiz3%3FfizetesValasz%3Dtrue&posId=02200814&tranzId=primaw3154&fizetesValasz=true&tranzakcioAzonosito=primaw3154
  ketlepcsosFizetes: 

Befejezes: 2012.04.04. 13:58:33

Valasz: SIKER

Valasz adatok
  posId: 02200814
  azonosito: primaw3154
  posValaszkod: 
  authorizaciosKod: 433504
  statuszKod: 
  teljesites: 2012.04.04 13.58.35 000
  nev: Windisch Gábor
  orszag: Magyar
  megye: Pest
  varos: Budapest
  iranyitoszam: 1182
  utcaHazszam: Sallai utca 21/b.
  mailCim: windischgabor@hotmail.com
  kozlemeny: 
