Haromszereplos fizetesi tranzakcio

Inditas: 2012.02.09. 15:15:40

Indito adatok
  posId: 02200814
  azonosito: primaw2796
  osszeg: 13291
  devizanem: HUF
  nyelvkod: hu
  nevKell: true
  orszagKell: true
  megyeKell: true
  telepulesKell: true
  iranyitoszamKell: true
  utcaHazszamKell: true
  mailCimKell: true
  kozlemenyKell: true
  vevoVisszaigazolasKell: false
  ugyfelRegisztracioKell: 
  regisztraltUgyfelId: 
  shopMegjegyzes: Príma Wellness vásárlás: Príma korl. Aerobic egésznap + 8spa
  backURL: http://shop.primawellness.hu:80/fiz3.php?func=fiz3%3FfizetesValasz%3Dtrue&posId=02200814&tranzId=primaw2796&fizetesValasz=true&tranzakcioAzonosito=primaw2796
  ketlepcsosFizetes: 

Befejezes: 2012.02.09. 15:20:30

Valasz: SIKER

Valasz adatok
  posId: 02200814
  azonosito: primaw2796
  posValaszkod: 
  authorizaciosKod: 019614
  statuszKod: 
  teljesites: 2012.02.09 15.20.29 707
  nev: Radics Edina
  orszag: Magyarország
  megye: Pest
  varos: Érd
  iranyitoszam: 2030
  utcaHazszam: Csurgói 9.
  mailCim: edina.radics@gmail.com
  kozlemeny: x
