Haromszereplos fizetesi tranzakcio

Inditas: 2012.02.21. 20:37:09

Indito adatok
  posId: 02200814
  azonosito: primaw2859
  osszeg: 15191
  devizanem: HUF
  nyelvkod: hu
  nevKell: true
  orszagKell: true
  megyeKell: true
  telepulesKell: true
  iranyitoszamKell: true
  utcaHazszamKell: true
  mailCimKell: true
  kozlemenyKell: true
  vevoVisszaigazolasKell: false
  ugyfelRegisztracioKell: 
  regisztraltUgyfelId: 
  shopMegjegyzes: Príma Wellness vásárlás: Príma korl. Fitness-Spa egésznapos
  backURL: http://shop.primawellness.hu:80/fiz3.php?func=fiz3%3FfizetesValasz%3Dtrue&posId=02200814&tranzId=primaw2859&fizetesValasz=true&tranzakcioAzonosito=primaw2859
  ketlepcsosFizetes: 

Befejezes: 2012.02.21. 20:41:26

Valasz: SIKER

Valasz adatok
  posId: 02200814
  azonosito: primaw2859
  posValaszkod: 
  authorizaciosKod: 174482
  statuszKod: 
  teljesites: 2012.02.21 20.41.22 565
  nev: dömötöri Gábor
  orszag: Magyarország
  megye: Pest
  varos: Budapest
  iranyitoszam: 1181
  utcaHazszam: Havanna u. 76. 2/25
  mailCim: gabor.domotori@gmail.com
  kozlemeny: 
