Haromszereplos fizetesi tranzakcio

Inditas: 2012.03.24. 13:19:42

Indito adatok
  posId: 02200814
  azonosito: primaw3084
  osszeg: 38941
  devizanem: HUF
  nyelvkod: hu
  nevKell: true
  orszagKell: true
  megyeKell: true
  telepulesKell: true
  iranyitoszamKell: true
  utcaHazszamKell: true
  mailCimKell: true
  kozlemenyKell: true
  vevoVisszaigazolasKell: false
  ugyfelRegisztracioKell: 
  regisztraltUgyfelId: 
  shopMegjegyzes: Príma Wellness vásárlás: Klubtagsági 3 hónap
  backURL: http://shop.primawellness.hu:80/fiz3.php?func=fiz3%3FfizetesValasz%3Dtrue&posId=02200814&tranzId=primaw3084&fizetesValasz=true&tranzakcioAzonosito=primaw3084
  ketlepcsosFizetes: 

Befejezes: 2012.03.24. 13:22:47

Valasz: SIKER

Valasz adatok
  posId: 02200814
  azonosito: primaw3084
  posValaszkod: 
  authorizaciosKod: 448164
  statuszKod: 
  teljesites: 2012.03.24 13.22.44 785
  nev: Dömötöri Gábor
  orszag: Magyarország
  megye: Pest
  varos: Budapest
  iranyitoszam: 1181
  utcaHazszam: Havanna u. 76. 2/25
  mailCim: gabor.domotori@gmail.com
  kozlemeny: 
