Haromszereplos fizetesi tranzakcio

Inditas: 2012.04.19. 11:17:06

Indito adatok
  posId: 02200814
  azonosito: primaw3198
  osszeg: 8446
  devizanem: HUF
  nyelvkod: hu
  nevKell: true
  orszagKell: true
  megyeKell: true
  telepulesKell: true
  iranyitoszamKell: true
  utcaHazszamKell: true
  mailCimKell: true
  kozlemenyKell: true
  vevoVisszaigazolasKell: false
  ugyfelRegisztracioKell: 
  regisztraltUgyfelId: 
  shopMegjegyzes: Príma Wellness vásárlás: Fitness 12 alkalmas DE 14h-ig
  backURL: http://web.primawellness.hu:80/shop/fiz3.php?func=fiz3%3FfizetesValasz%3Dtrue&posId=02200814&tranzId=primaw3198&fizetesValasz=true&tranzakcioAzonosito=primaw3198
  ketlepcsosFizetes: 

Befejezes: 2012.04.19. 11:19:26

Valasz: SIKER

Valasz adatok
  posId: 02200814
  azonosito: primaw3198
  posValaszkod: 
  authorizaciosKod: 744542
  statuszKod: 
  teljesites: 2012.04.19 11.19.27 065
  nev: bodnár attila
  orszag: hun
  megye: bud
  varos: budapest
  iranyitoszam: 1191
  utcaHazszam: kisfaludy 8
  mailCim: bodnar15@freemail.hu
  kozlemeny: 
