Haromszereplos fizetesi tranzakcio

Inditas: 2012.02.16. 15:15:05

Indito adatok
  posId: 02200814
  azonosito: primaw2845
  osszeg: 8161
  devizanem: HUF
  nyelvkod: hu
  nevKell: true
  orszagKell: true
  megyeKell: true
  telepulesKell: true
  iranyitoszamKell: true
  utcaHazszamKell: true
  mailCimKell: true
  kozlemenyKell: true
  vevoVisszaigazolasKell: false
  ugyfelRegisztracioKell: 
  regisztraltUgyfelId: 
  shopMegjegyzes: Príma Wellness vásárlás: Aerobic 8 alkalmas Egésznap + 4 SPA
  backURL: http://shop.primawellness.hu:80/fiz3.php?func=fiz3%3FfizetesValasz%3Dtrue&posId=02200814&tranzId=primaw2845&fizetesValasz=true&tranzakcioAzonosito=primaw2845
  ketlepcsosFizetes: 

Befejezes: 2012.02.16. 15:18:26

Valasz: SIKER

Valasz adatok
  posId: 02200814
  azonosito: primaw2845
  posValaszkod: 
  authorizaciosKod: 647541
  statuszKod: 
  teljesites: 2012.02.16 15.18.22 818
  nev: Vizhányó Zsófia
  orszag: Magyarország
  megye: Pest
  varos: Budapest
  iranyitoszam: 1108
  utcaHazszam: Harmat 180
  mailCim: zsofiavizhanyo@gmail.com
  kozlemeny: bérlet
