Haromszereplos fizetesi tranzakcio

Inditas: 2012.03.19. 11:07:25

Indito adatok
  posId: 02200814
  azonosito: primaw3033
  osszeg: 8446
  devizanem: HUF
  nyelvkod: hu
  nevKell: true
  orszagKell: true
  megyeKell: true
  telepulesKell: true
  iranyitoszamKell: true
  utcaHazszamKell: true
  mailCimKell: true
  kozlemenyKell: true
  vevoVisszaigazolasKell: false
  ugyfelRegisztracioKell: 
  regisztraltUgyfelId: 
  shopMegjegyzes: Príma Wellness vásárlás: Fitness 12 alkalmas DE 14h-ig
  backURL: http://shop.primawellness.hu:80/fiz3.php?func=fiz3%3FfizetesValasz%3Dtrue&posId=02200814&tranzId=primaw3033&fizetesValasz=true&tranzakcioAzonosito=primaw3033
  ketlepcsosFizetes: 

Befejezes: 2012.03.19. 11:10:46

Valasz: SIKER

Valasz adatok
  posId: 02200814
  azonosito: primaw3033
  posValaszkod: 
  authorizaciosKod: 087391
  statuszKod: 
  teljesites: 2012.03.19 11.10.42 414
  nev: bodnár attila
  orszag: hun
  megye: bud
  varos: budapest
  iranyitoszam: 1191
  utcaHazszam: kisfaludy 8
  mailCim: bodnar15@freemail.hu
  kozlemeny: 
