Haromszereplos fizetesi tranzakcio

Inditas: 2012.02.28. 22:32:53

Indito adatok
  posId: 02200814
  azonosito: primaw2950
  osszeg: 8161
  devizanem: HUF
  nyelvkod: hu
  nevKell: true
  orszagKell: true
  megyeKell: true
  telepulesKell: true
  iranyitoszamKell: true
  utcaHazszamKell: true
  mailCimKell: true
  kozlemenyKell: true
  vevoVisszaigazolasKell: false
  ugyfelRegisztracioKell: 
  regisztraltUgyfelId: 
  shopMegjegyzes: Príma Wellness vásárlás: Aerobik 8 alkalmas Egésznapos
  backURL: http://shop.primawellness.hu:80/fiz3.php?func=fiz3%3FfizetesValasz%3Dtrue&posId=02200814&tranzId=primaw2950&fizetesValasz=true&tranzakcioAzonosito=primaw2950
  ketlepcsosFizetes: 

Befejezes: 2012.02.28. 22:35:24

Valasz: SIKER

Valasz adatok
  posId: 02200814
  azonosito: primaw2950
  posValaszkod: 
  authorizaciosKod: 387788
  statuszKod: 
  teljesites: 2012.02.28 22.35.22 295
  nev: Drágus-Madarász Réka
  orszag: magyar
  megye: Budapest
  varos: Budapest
  iranyitoszam: 1103
  utcaHazszam: Noszlopy u. 45
  mailCim: madarszreka@hotmail.com
  kozlemeny: 
