Haromszereplos fizetesi tranzakcio

Inditas: 2012.03.21. 06:50:19

Indito adatok
  posId: 02200814
  azonosito: primaw3061
  osszeg: 8161
  devizanem: HUF
  nyelvkod: hu
  nevKell: true
  orszagKell: true
  megyeKell: true
  telepulesKell: true
  iranyitoszamKell: true
  utcaHazszamKell: true
  mailCimKell: true
  kozlemenyKell: true
  vevoVisszaigazolasKell: false
  ugyfelRegisztracioKell: 
  regisztraltUgyfelId: 
  shopMegjegyzes: Príma Wellness vásárlás: Aerobik 8 alkalmas Egésznapos
  backURL: http://shop.primawellness.hu:80/fiz3.php?func=fiz3%3FfizetesValasz%3Dtrue&posId=02200814&tranzId=primaw3061&fizetesValasz=true&tranzakcioAzonosito=primaw3061
  ketlepcsosFizetes: 

Befejezes: 2012.03.21. 06:52:50

Valasz: SIKER

Valasz adatok
  posId: 02200814
  azonosito: primaw3061
  posValaszkod: 
  authorizaciosKod: 376657
  statuszKod: 
  teljesites: 2012.03.21 06.52.47 343
  nev: Bánffy Panna
  orszag: Magyarország
  megye: Budapest
  varos: Budapest
  iranyitoszam: 1192
  utcaHazszam: Álmos u. 31/4.
  mailCim: banffy.panna@gmail.com
  kozlemeny: 
