Haromszereplos fizetesi tranzakcio

Inditas: 2012.03.07. 15:20:17

Indito adatok
  posId: 02200814
  azonosito: primaw2983
  osszeg: 16141
  devizanem: HUF
  nyelvkod: hu
  nevKell: true
  orszagKell: true
  megyeKell: true
  telepulesKell: true
  iranyitoszamKell: true
  utcaHazszamKell: true
  mailCimKell: true
  kozlemenyKell: true
  vevoVisszaigazolasKell: false
  ugyfelRegisztracioKell: 
  regisztraltUgyfelId: 
  shopMegjegyzes: Príma Wellness vásárlás: Príma korl. Aerobic-Spa egésznap
  backURL: http://shop.primawellness.hu:80/fiz3.php?func=fiz3%3FfizetesValasz%3Dtrue&posId=02200814&tranzId=primaw2983&fizetesValasz=true&tranzakcioAzonosito=primaw2983
  ketlepcsosFizetes: 

Befejezes: 2012.03.07. 15:22:03

Valasz: SIKER

Valasz adatok
  posId: 02200814
  azonosito: primaw2983
  posValaszkod: 
  authorizaciosKod: 931586
  statuszKod: 
  teljesites: 2012.03.07 15.22.03 710
  nev: Baráth Szilvia
  orszag: Magyarország
  megye: Budapest
  varos: Budapest
  iranyitoszam: 1173
  utcaHazszam: Tápiószele u. 19.
  mailCim: sylbarath@gmail.com
  kozlemeny: bérlet
