Haromszereplos fizetesi tranzakcio

Inditas: 2012.04.05. 07:32:08

Indito adatok
  posId: 02200814
  azonosito: primaw3157
  osszeg: 13291
  devizanem: HUF
  nyelvkod: hu
  nevKell: true
  orszagKell: true
  megyeKell: true
  telepulesKell: true
  iranyitoszamKell: true
  utcaHazszamKell: true
  mailCimKell: true
  kozlemenyKell: true
  vevoVisszaigazolasKell: false
  ugyfelRegisztracioKell: 
  regisztraltUgyfelId: 
  shopMegjegyzes: Príma Wellness vásárlás: Príma korl. Aerobik Egésznap
  backURL: http://shop.primawellness.hu:80/fiz3.php?func=fiz3%3FfizetesValasz%3Dtrue&posId=02200814&tranzId=primaw3157&fizetesValasz=true&tranzakcioAzonosito=primaw3157
  ketlepcsosFizetes: 

Befejezes: 2012.04.05. 07:34:14

Valasz: SIKER

Valasz adatok
  posId: 02200814
  azonosito: primaw3157
  posValaszkod: 
  authorizaciosKod: 912713
  statuszKod: 
  teljesites: 2012.04.05 07.34.11 256
  nev: Kerékgyártó Judit
  orszag: Magyarország
  megye: Budapest
  varos: Budapest
  iranyitoszam: 1183
  utcaHazszam: Csörötnek u. 2/b
  mailCim: kerekgyarto.judit77@gmail.com
  kozlemeny: bérlet vásárlás
