Haromszereplos fizetesi tranzakcio

Inditas: 2012.03.27. 14:22:59

Indito adatok
  posId: 02200814
  azonosito: primaw3094
  osszeg: 7496
  devizanem: HUF
  nyelvkod: hu
  nevKell: true
  orszagKell: true
  megyeKell: true
  telepulesKell: true
  iranyitoszamKell: true
  utcaHazszamKell: true
  mailCimKell: true
  kozlemenyKell: true
  vevoVisszaigazolasKell: false
  ugyfelRegisztracioKell: 
  regisztraltUgyfelId: 
  shopMegjegyzes: Príma Wellness vásárlás: Diák és Nyugd. Fitness 8 alk egésznap
  backURL: http://shop.primawellness.hu:80/fiz3.php?func=fiz3%3FfizetesValasz%3Dtrue&posId=02200814&tranzId=primaw3094&fizetesValasz=true&tranzakcioAzonosito=primaw3094
  ketlepcsosFizetes: 

Befejezes: 2012.03.27. 14:28:05

Valasz: SIKER

Valasz adatok
  posId: 02200814
  azonosito: primaw3094
  posValaszkod: 
  authorizaciosKod: 108254
  statuszKod: 
  teljesites: 2012.03.27 14.28.01 488
  nev: Bajári Attila
  orszag: Magyarország
  megye: Pest
  varos: Monor
  iranyitoszam: 2200
  utcaHazszam: Bajcsy-Zs. utca 20.
  mailCim: external.attila.bajari@hu.bosch.com
  kozlemeny: Bajári Attila diák fitness
