Haromszereplos fizetesi tranzakcio

Inditas: 2012.03.06. 07:56:46

Indito adatok
  posId: 02200814
  azonosito: primaw2973
  osszeg: 13291
  devizanem: HUF
  nyelvkod: hu
  nevKell: true
  orszagKell: true
  megyeKell: true
  telepulesKell: true
  iranyitoszamKell: true
  utcaHazszamKell: true
  mailCimKell: true
  kozlemenyKell: true
  vevoVisszaigazolasKell: false
  ugyfelRegisztracioKell: 
  regisztraltUgyfelId: 
  shopMegjegyzes: Príma Wellness vásárlás: Príma korl. Aerobik Egésznap
  backURL: http://shop.primawellness.hu:80/fiz3.php?func=fiz3%3FfizetesValasz%3Dtrue&posId=02200814&tranzId=primaw2973&fizetesValasz=true&tranzakcioAzonosito=primaw2973
  ketlepcsosFizetes: 

Befejezes: 2012.03.06. 07:59:17

Valasz: SIKER

Valasz adatok
  posId: 02200814
  azonosito: primaw2973
  posValaszkod: 
  authorizaciosKod: 291817
  statuszKod: 
  teljesites: 2012.03.06 07.59.15 138
  nev: Á Horváth Monika
  orszag: magyar
  megye: Pest
  varos: Budapest
  iranyitoszam: 1103
  utcaHazszam: Salamon 6/b
  mailCim: horvath.monika59@gmail.com
  kozlemeny: 
