Haromszereplos fizetesi tranzakcio

Inditas: 2012.02.13. 14:45:28

Indito adatok
  posId: 02200814
  azonosito: primaw2824
  osszeg: 9776
  devizanem: HUF
  nyelvkod: hu
  nevKell: true
  orszagKell: true
  megyeKell: true
  telepulesKell: true
  iranyitoszamKell: true
  utcaHazszamKell: true
  mailCimKell: true
  kozlemenyKell: true
  vevoVisszaigazolasKell: false
  ugyfelRegisztracioKell: 
  regisztraltUgyfelId: 
  shopMegjegyzes: Príma Wellness vásárlás: Aerobic 12 alkalmas Egésznap + 6 SPA
  backURL: http://shop.primawellness.hu:80/fiz3.php?func=fiz3%3FfizetesValasz%3Dtrue&posId=02200814&tranzId=primaw2824&fizetesValasz=true&tranzakcioAzonosito=primaw2824
  ketlepcsosFizetes: 

Befejezes: 2012.02.13. 14:47:15

Valasz: SIKER

Valasz adatok
  posId: 02200814
  azonosito: primaw2824
  posValaszkod: 
  authorizaciosKod: 176263
  statuszKod: 
  teljesites: 2012.02.13 14.47.15 860
  nev: Baráth Szilvia
  orszag: Magyarország
  megye: Budapest
  varos: Budapest
  iranyitoszam: 1173
  utcaHazszam: Tápiószele u. 19. 
  mailCim: sylbarath@gmail.com
  kozlemeny: bérlet
