Haromszereplos fizetesi tranzakcio

Inditas: 2012.02.20. 15:06:12

Indito adatok
  posId: 02200814
  azonosito: primaw2856
  osszeg: 12341
  devizanem: HUF
  nyelvkod: hu
  nevKell: true
  orszagKell: true
  megyeKell: true
  telepulesKell: true
  iranyitoszamKell: true
  utcaHazszamKell: true
  mailCimKell: true
  kozlemenyKell: true
  vevoVisszaigazolasKell: false
  ugyfelRegisztracioKell: 
  regisztraltUgyfelId: 
  shopMegjegyzes: Príma Wellness vásárlás: Fittness-SPA 12 alkalmas Egésznap
  backURL: http://shop.primawellness.hu:80/fiz3.php?func=fiz3%3FfizetesValasz%3Dtrue&posId=02200814&tranzId=primaw2856&fizetesValasz=true&tranzakcioAzonosito=primaw2856
  ketlepcsosFizetes: 

Befejezes: 2012.02.20. 15:09:13

Valasz: SIKER

Valasz adatok
  posId: 02200814
  azonosito: primaw2856
  posValaszkod: 
  authorizaciosKod: 458512
  statuszKod: 
  teljesites: 2012.02.20 15.09.11 291
  nev: Szabó Ernõ
  orszag: Magyarország
  megye: Budapest
  varos: Budapest
  iranyitoszam: 1192
  utcaHazszam: Álmos u. 31/4.
  mailCim: erno.szabo@freemail.hu
  kozlemeny: 
