Haromszereplos fizetesi tranzakcio

Inditas: 2012.02.09. 15:06:49

Indito adatok
  posId: 02200814
  azonosito: primaw2795
  osszeg: 5311
  devizanem: HUF
  nyelvkod: hu
  nevKell: true
  orszagKell: true
  megyeKell: true
  telepulesKell: true
  iranyitoszamKell: true
  utcaHazszamKell: true
  mailCimKell: true
  kozlemenyKell: true
  vevoVisszaigazolasKell: false
  ugyfelRegisztracioKell: 
  regisztraltUgyfelId: 
  shopMegjegyzes: Príma Wellness vásárlás: Fittness-SPA 4 alkalmas Egésznapos
  backURL: http://shop.primawellness.hu:80/fiz3.php?func=fiz3%3FfizetesValasz%3Dtrue&posId=02200814&tranzId=primaw2795&fizetesValasz=true&tranzakcioAzonosito=primaw2795
  ketlepcsosFizetes: 

Befejezes: 2012.02.09. 15:08:20

Valasz: SIKER

Valasz adatok
  posId: 02200814
  azonosito: primaw2795
  posValaszkod: 
  authorizaciosKod: 043522
  statuszKod: 
  teljesites: 2012.02.09 15.08.17 614
  nev: Varga Róbert
  orszag: Magyarország
  megye: Budapest
  varos: Budapest
  iranyitoszam: 1104
  utcaHazszam: Sörgyár utca 84
  mailCim: roba@t-online.hu
  kozlemeny: 
