Haromszereplos fizetesi tranzakcio

Inditas: 2012.03.20. 08:13:16

Indito adatok
  posId: 02200814
  azonosito: primaw3054
  osszeg: 8446
  devizanem: HUF
  nyelvkod: hu
  nevKell: true
  orszagKell: true
  megyeKell: true
  telepulesKell: true
  iranyitoszamKell: true
  utcaHazszamKell: true
  mailCimKell: true
  kozlemenyKell: true
  vevoVisszaigazolasKell: false
  ugyfelRegisztracioKell: 
  regisztraltUgyfelId: 
  shopMegjegyzes: Príma Wellness vásárlás: Aerobik 12 alkalmas DE 14-ig
  backURL: http://shop.primawellness.hu:80/fiz3.php?func=fiz3%3FfizetesValasz%3Dtrue&posId=02200814&tranzId=primaw3054&fizetesValasz=true&tranzakcioAzonosito=primaw3054
  ketlepcsosFizetes: 

Befejezes: 2012.03.20. 08:15:28

Valasz: SIKER

Valasz adatok
  posId: 02200814
  azonosito: primaw3054
  posValaszkod: 
  authorizaciosKod: 130344
  statuszKod: 
  teljesites: 2012.03.20 08.15.23 640
  nev: Trencsényi Csaba
  orszag: Magyarország
  megye: Budapest
  varos: Budapest
  iranyitoszam: 1107
  utcaHazszam: Makk utca 1
  mailCim: trencsenyi.csaba@upcmail.hu
  kozlemeny: bérlet
