Haromszereplos fizetesi tranzakcio

Inditas: 2012.03.08. 12:48:43

Indito adatok
  posId: 02200814
  azonosito: primaw2986
  osszeg: 8446
  devizanem: HUF
  nyelvkod: hu
  nevKell: true
  orszagKell: true
  megyeKell: true
  telepulesKell: true
  iranyitoszamKell: true
  utcaHazszamKell: true
  mailCimKell: true
  kozlemenyKell: true
  vevoVisszaigazolasKell: false
  ugyfelRegisztracioKell: 
  regisztraltUgyfelId: 
  shopMegjegyzes: Príma Wellness vásárlás: Aerobik 12 alkalmas DE 14-ig
  backURL: http://shop.primawellness.hu:80/fiz3.php?func=fiz3%3FfizetesValasz%3Dtrue&posId=02200814&tranzId=primaw2986&fizetesValasz=true&tranzakcioAzonosito=primaw2986
  ketlepcsosFizetes: 

Befejezes: 2012.03.08. 12:51:16

Valasz: SIKER

Valasz adatok
  posId: 02200814
  azonosito: primaw2986
  posValaszkod: 
  authorizaciosKod: 148618
  statuszKod: 
  teljesites: 2012.03.08 12.51.12 994
  nev: Szegedy Viktória
  orszag: Magyarország
  megye: Budapest
  varos: Budapest
  iranyitoszam: 1101
  utcaHazszam: Hungária krt. 5-7. 4/2. 7/1.
  mailCim: v.szegedy@richter.hu
  kozlemeny: 
