Haromszereplos fizetesi tranzakcio

Inditas: 2012.04.01. 12:29:40

Indito adatok
  posId: 02200814
  azonosito: primaw3137
  osszeg: 13291
  devizanem: HUF
  nyelvkod: hu
  nevKell: true
  orszagKell: true
  megyeKell: true
  telepulesKell: true
  iranyitoszamKell: true
  utcaHazszamKell: true
  mailCimKell: true
  kozlemenyKell: true
  vevoVisszaigazolasKell: false
  ugyfelRegisztracioKell: 
  regisztraltUgyfelId: 
  shopMegjegyzes: Príma Wellness vásárlás: Príma korl. Aerobik Egésznap
  backURL: http://shop.primawellness.hu:80/fiz3.php?func=fiz3%3FfizetesValasz%3Dtrue&posId=02200814&tranzId=primaw3137&fizetesValasz=true&tranzakcioAzonosito=primaw3137
  ketlepcsosFizetes: 

Befejezes: 2012.04.01. 12:31:40

Valasz: SIKER

Valasz adatok
  posId: 02200814
  azonosito: primaw3137
  posValaszkod: 
  authorizaciosKod: 848935
  statuszKod: 
  teljesites: 2012.04.01 12.31.38 169
  nev: Kummer Gábor
  orszag: Magyarország
  megye: Budapest
  varos: Budapest
  iranyitoszam: 1183
  utcaHazszam: Gyömrõi út 118/A 1/4.
  mailCim: moncsa@index.hu
  kozlemeny: 
