Haromszereplos fizetesi tranzakcio

Inditas: 2012.02.27. 10:14:19

Indito adatok
  posId: 02200814
  azonosito: primaw2943
  osszeg: 20891
  devizanem: HUF
  nyelvkod: hu
  nevKell: true
  orszagKell: true
  megyeKell: true
  telepulesKell: true
  iranyitoszamKell: true
  utcaHazszamKell: true
  mailCimKell: true
  kozlemenyKell: true
  vevoVisszaigazolasKell: false
  ugyfelRegisztracioKell: 
  regisztraltUgyfelId: 
  shopMegjegyzes: Príma Wellness vásárlás: Squash 10 alkalmas Egésznapos
  backURL: http://shop.primawellness.hu:80/fiz3.php?func=fiz3%3FfizetesValasz%3Dtrue&posId=02200814&tranzId=primaw2943&fizetesValasz=true&tranzakcioAzonosito=primaw2943
  ketlepcsosFizetes: 

Befejezes: 2012.02.27. 10:16:05

Valasz: SIKER

Valasz adatok
  posId: 02200814
  azonosito: primaw2943
  posValaszkod: 
  authorizaciosKod: 291674
  statuszKod: 
  teljesites: 2012.02.27 10.16.05 199
  nev: BOZÓ VIKTOR
  orszag: MAGYARORSZÁG
  megye: PEST
  varos: BUDAPEST
  iranyitoszam: 1194
  utcaHazszam: PÁKOZD U. 33.
  mailCim: info@papillondesign.hu
  kozlemeny: 
