Haromszereplos fizetesi tranzakcio

Inditas: 2012.04.17. 20:56:15

Indito adatok
  posId: 02200814
  azonosito: primaw3194
  osszeg: 7211
  devizanem: HUF
  nyelvkod: hu
  nevKell: true
  orszagKell: true
  megyeKell: true
  telepulesKell: true
  iranyitoszamKell: true
  utcaHazszamKell: true
  mailCimKell: true
  kozlemenyKell: true
  vevoVisszaigazolasKell: false
  ugyfelRegisztracioKell: 
  regisztraltUgyfelId: 
  shopMegjegyzes: Príma Wellness vásárlás: Aerobik 8 alkalmas DE 14-ig
  backURL: http://web.primawellness.hu:80/shop/fiz3.php?func=fiz3%3FfizetesValasz%3Dtrue&posId=02200814&tranzId=primaw3194&fizetesValasz=true&tranzakcioAzonosito=primaw3194
  ketlepcsosFizetes: 

Befejezes: 2012.04.17. 20:59:31

Valasz: SIKER

Valasz adatok
  posId: 02200814
  azonosito: primaw3194
  posValaszkod: 
  authorizaciosKod: 502727
  statuszKod: 
  teljesites: 2012.04.17 20.59.28 336
  nev: Némedi Ferenc
  orszag: Magyar
  megye: Pest
  varos: Budaörs
  iranyitoszam: 2040
  utcaHazszam: Kolozsvári u. 40
  mailCim: f.nemedi@euroex.hu
  kozlemeny: Prima welness
