Haromszereplos fizetesi tranzakcio

Inditas: 2012.04.03. 17:08:56

Indito adatok
  posId: 02200814
  azonosito: primaw3145
  osszeg: 1416
  devizanem: HUF
  nyelvkod: hu
  nevKell: true
  orszagKell: true
  megyeKell: true
  telepulesKell: true
  iranyitoszamKell: true
  utcaHazszamKell: true
  mailCimKell: true
  kozlemenyKell: true
  vevoVisszaigazolasKell: false
  ugyfelRegisztracioKell: 
  regisztraltUgyfelId: 
  shopMegjegyzes: Príma Wellness vásárlás: Aerobic 1 alkalmas jegy Egésznap 
  backURL: http://shop.primawellness.hu:80/fiz3.php?func=fiz3%3FfizetesValasz%3Dtrue&posId=02200814&tranzId=primaw3145&fizetesValasz=true&tranzakcioAzonosito=primaw3145
  ketlepcsosFizetes: 

Befejezes: 2012.04.03. 17:12:12

Valasz: SIKER

Valasz adatok
  posId: 02200814
  azonosito: primaw3145
  posValaszkod: 
  authorizaciosKod: 442700
  statuszKod: 
  teljesites: 2012.04.03 17.12.09 810
  nev: Boza Brigitta
  orszag: Magyarország
  megye: Budapest
  varos: Budapest
  iranyitoszam: 1103
  utcaHazszam: Gergely utca 116. fszt. 12.
  mailCim: boza.brigi@gmail.com
  kozlemeny: 
