Haromszereplos fizetesi tranzakcio

Inditas: 2012.02.07. 20:53:50

Indito adatok
  posId: 02200814
  azonosito: primaw2790
  osszeg: 20891
  devizanem: HUF
  nyelvkod: hu
  nevKell: true
  orszagKell: true
  megyeKell: true
  telepulesKell: true
  iranyitoszamKell: true
  utcaHazszamKell: true
  mailCimKell: true
  kozlemenyKell: true
  vevoVisszaigazolasKell: false
  ugyfelRegisztracioKell: 
  regisztraltUgyfelId: 
  shopMegjegyzes: Príma Wellness vásárlás: Squash 10 alkalmas Egésznapos
  backURL: http://shop.primawellness.hu:80/fiz3.php?func=fiz3%3FfizetesValasz%3Dtrue&posId=02200814&tranzId=primaw2790&fizetesValasz=true&tranzakcioAzonosito=primaw2790
  ketlepcsosFizetes: 

Befejezes: 2012.02.07. 20:55:48

Valasz: SIKER

Valasz adatok
  posId: 02200814
  azonosito: primaw2790
  posValaszkod: 
  authorizaciosKod: 098877
  statuszKod: 
  teljesites: 2012.02.07 20.55.45 324
  nev: Veréb Péter
  orszag: Magyar
  megye: Pest
  varos: Budapest
  iranyitoszam: 1102
  utcaHazszam: Ónodi u. 11.
  mailCim: petervverebpeter.hu
  kozlemeny: 
