Haromszereplos fizetesi tranzakcio

Inditas: 2012.03.04. 10:19:47

Indito adatok
  posId: 02200814
  azonosito: primaw2966
  osszeg: 16141
  devizanem: HUF
  nyelvkod: hu
  nevKell: true
  orszagKell: true
  megyeKell: true
  telepulesKell: true
  iranyitoszamKell: true
  utcaHazszamKell: true
  mailCimKell: true
  kozlemenyKell: true
  vevoVisszaigazolasKell: false
  ugyfelRegisztracioKell: 
  regisztraltUgyfelId: 
  shopMegjegyzes: Príma Wellness vásárlás: Príma korl. Aerobic-Spa egésznap
  backURL: http://shop.primawellness.hu:80/fiz3.php?func=fiz3%3FfizetesValasz%3Dtrue&posId=02200814&tranzId=primaw2966&fizetesValasz=true&tranzakcioAzonosito=primaw2966
  ketlepcsosFizetes: 

Befejezes: 2012.03.04. 10:22:38

Valasz: SIKER

Valasz adatok
  posId: 02200814
  azonosito: primaw2966
  posValaszkod: 
  authorizaciosKod: 108490
  statuszKod: 
  teljesites: 2012.03.04 10.22.38 373
  nev: Gábriel László
  orszag: Magyarország
  megye: Pest
  varos: Budapest
  iranyitoszam: 1135
  utcaHazszam: Szent L. út 83.
  mailCim: gabriel.laszlo@tvnetwork.hu
  kozlemeny: 20. alk. aerobic bérlet
