Haromszereplos fizetesi tranzakcio

Inditas: 2012.03.19. 12:40:09

Indito adatok
  posId: 02200814
  azonosito: primaw3040
  osszeg: 12151
  devizanem: HUF
  nyelvkod: hu
  nevKell: true
  orszagKell: true
  megyeKell: true
  telepulesKell: true
  iranyitoszamKell: true
  utcaHazszamKell: true
  mailCimKell: true
  kozlemenyKell: true
  vevoVisszaigazolasKell: false
  ugyfelRegisztracioKell: 
  regisztraltUgyfelId: 
  shopMegjegyzes: Príma Wellness vásárlás: Diák és Nyugd. Fitness korl. egésznap
  backURL: http://shop.primawellness.hu:80/fiz3.php?func=fiz3%3FfizetesValasz%3Dtrue&posId=02200814&tranzId=primaw3040&fizetesValasz=true&tranzakcioAzonosito=primaw3040
  ketlepcsosFizetes: 

Befejezes: 2012.03.19. 12:43:32

Valasz: SIKER

Valasz adatok
  posId: 02200814
  azonosito: primaw3040
  posValaszkod: 
  authorizaciosKod: 295760
  statuszKod: 
  teljesites: 2012.03.19 12.43.31 875
  nev: Dósáné Nagy Anikó
  orszag: Magyarország
  megye: Pest 
  varos: Vecsés
  iranyitoszam: 2220
  utcaHazszam: Nagysándor József u. 19/A.
  mailCim: dode@gmail.hu
  kozlemeny: 
