Haromszereplos fizetesi tranzakcio

Inditas: 2012.02.08. 16:16:09

Indito adatok
  posId: 02200814
  azonosito: primaw2791
  osszeg: 9776
  devizanem: HUF
  nyelvkod: hu
  nevKell: true
  orszagKell: true
  megyeKell: true
  telepulesKell: true
  iranyitoszamKell: true
  utcaHazszamKell: true
  mailCimKell: true
  kozlemenyKell: true
  vevoVisszaigazolasKell: false
  ugyfelRegisztracioKell: 
  regisztraltUgyfelId: 
  shopMegjegyzes: Príma Wellness vásárlás: Aerobic 12 alkalmas Egésznap + 6 SPA
  backURL: http://shop.primawellness.hu:80/fiz3.php?func=fiz3%3FfizetesValasz%3Dtrue&posId=02200814&tranzId=primaw2791&fizetesValasz=true&tranzakcioAzonosito=primaw2791
  ketlepcsosFizetes: 

Befejezes: 2012.02.08. 16:19:01

Valasz: SIKER

Valasz adatok
  posId: 02200814
  azonosito: primaw2791
  posValaszkod: 
  authorizaciosKod: 193083
  statuszKod: 
  teljesites: 2012.02.08 16.18.59 416
  nev: Cserdiné Sz Katalin
  orszag: Magyarország
  megye: Pest
  varos: Budapest
  iranyitoszam: 1196
  utcaHazszam: Fõ utca 191
  mailCim: k.cserdine@richter.hu
  kozlemeny: 12 alkalmas bérlet
