Haromszereplos fizetesi tranzakcio

Inditas: 2012.04.03. 20:27:17

Indito adatok
  posId: 02200814
  azonosito: primaw3151
  osszeg: 7211
  devizanem: HUF
  nyelvkod: hu
  nevKell: true
  orszagKell: true
  megyeKell: true
  telepulesKell: true
  iranyitoszamKell: true
  utcaHazszamKell: true
  mailCimKell: true
  kozlemenyKell: true
  vevoVisszaigazolasKell: false
  ugyfelRegisztracioKell: 
  regisztraltUgyfelId: 
  shopMegjegyzes: Príma Wellness vásárlás: Fitness 8 alkalmas DE 14h-ig
  backURL: http://shop.primawellness.hu:80/fiz3.php?func=fiz3%3FfizetesValasz%3Dtrue&posId=02200814&tranzId=primaw3151&fizetesValasz=true&tranzakcioAzonosito=primaw3151
  ketlepcsosFizetes: 

Befejezes: 2012.04.03. 20:29:51

Valasz: SIKER

Valasz adatok
  posId: 02200814
  azonosito: primaw3151
  posValaszkod: 
  authorizaciosKod: 738259
  statuszKod: 
  teljesites: 2012.04.03 20.29.47 547
  nev: Jánvári Ágnes
  orszag: Magyarország
  megye: Budapest
  varos: Budapest
  iranyitoszam: 1193
  utcaHazszam: Szigligeti u. 7.
  mailCim: janvari.agnes@gmail.com
  kozlemeny: 
