Haromszereplos fizetesi tranzakcio

Inditas: 2012.03.08. 20:24:08

Indito adatok
  posId: 02200814
  azonosito: primaw2989
  osszeg: 9491
  devizanem: HUF
  nyelvkod: hu
  nevKell: true
  orszagKell: true
  megyeKell: true
  telepulesKell: true
  iranyitoszamKell: true
  utcaHazszamKell: true
  mailCimKell: true
  kozlemenyKell: true
  vevoVisszaigazolasKell: false
  ugyfelRegisztracioKell: 
  regisztraltUgyfelId: 
  shopMegjegyzes: Príma Wellness vásárlás: Squash 5 alkalmas 10-16h  II.zóna
  backURL: http://shop.primawellness.hu:80/fiz3.php?func=fiz3%3FfizetesValasz%3Dtrue&posId=02200814&tranzId=primaw2989&fizetesValasz=true&tranzakcioAzonosito=primaw2989
  ketlepcsosFizetes: 

Befejezes: 2012.03.08. 20:26:59

Valasz: SIKER

Valasz adatok
  posId: 02200814
  azonosito: primaw2989
  posValaszkod: 
  authorizaciosKod: 650667
  statuszKod: 
  teljesites: 2012.03.08 20.26.55 448
  nev: Konczér Tamás
  orszag: Magyarország
  megye: Pest megye
  varos: Budapest
  iranyitoszam: 1174
  utcaHazszam: Horváth E. u.
  mailCim: tkonczer@gmail.com
  kozlemeny: squash
