Haromszereplos fizetesi tranzakcio

Inditas: 2012.02.15. 15:26:21

Indito adatok
  posId: 02200814
  azonosito: primaw2844
  osszeg: 15191
  devizanem: HUF
  nyelvkod: hu
  nevKell: true
  orszagKell: true
  megyeKell: true
  telepulesKell: true
  iranyitoszamKell: true
  utcaHazszamKell: true
  mailCimKell: true
  kozlemenyKell: true
  vevoVisszaigazolasKell: false
  ugyfelRegisztracioKell: 
  regisztraltUgyfelId: 
  shopMegjegyzes: Príma Wellness vásárlás: Príma korl. Fitness-Spa egésznapos
  backURL: http://shop.primawellness.hu:80/fiz3.php?func=fiz3%3FfizetesValasz%3Dtrue&posId=02200814&tranzId=primaw2844&fizetesValasz=true&tranzakcioAzonosito=primaw2844
  ketlepcsosFizetes: 

Befejezes: 2012.02.15. 15:30:52

Valasz: SIKER

Valasz adatok
  posId: 02200814
  azonosito: primaw2844
  posValaszkod: 
  authorizaciosKod: 038656
  statuszKod: 
  teljesites: 2012.02.15 15.30.51 123
  nev: Molnár Csaba
  orszag: Magyarország
  megye: Pest
  varos: Budapest
  iranyitoszam: 1103
  utcaHazszam: Kisgergely 2
  mailCim: menenius@freemail.hu
  kozlemeny: kondibérlet
