Haromszereplos fizetesi tranzakcio

Inditas: 2012.04.09. 19:59:21

Indito adatok
  posId: 02200814
  azonosito: primaw3167
  osszeg: 9491
  devizanem: HUF
  nyelvkod: hu
  nevKell: true
  orszagKell: true
  megyeKell: true
  telepulesKell: true
  iranyitoszamKell: true
  utcaHazszamKell: true
  mailCimKell: true
  kozlemenyKell: true
  vevoVisszaigazolasKell: false
  ugyfelRegisztracioKell: 
  regisztraltUgyfelId: 
  shopMegjegyzes: Príma Wellness vásárlás: Squash 5 alkalmas 10-16h  II.zóna
  backURL: http://shop.primawellness.hu:80/fiz3.php?func=fiz3%3FfizetesValasz%3Dtrue&posId=02200814&tranzId=primaw3167&fizetesValasz=true&tranzakcioAzonosito=primaw3167
  ketlepcsosFizetes: 

Befejezes: 2012.04.09. 20:01:26

Valasz: SIKER

Valasz adatok
  posId: 02200814
  azonosito: primaw3167
  posValaszkod: 
  authorizaciosKod: 946826
  statuszKod: 
  teljesites: 2012.04.09 20.01.22 515
  nev: Veréb Péter
  orszag: Magyar
  megye: Pest
  varos: Budapest
  iranyitoszam: 1102
  utcaHazszam: Ónodi u. 11. 2/7.
  mailCim: peter@verebpeter.hu
  kozlemeny: -
