Haromszereplos fizetesi tranzakcio

Inditas: 2012.03.08. 13:35:42

Indito adatok
  posId: 02200814
  azonosito: primaw2987
  osszeg: 9491
  devizanem: HUF
  nyelvkod: hu
  nevKell: true
  orszagKell: true
  megyeKell: true
  telepulesKell: true
  iranyitoszamKell: true
  utcaHazszamKell: true
  mailCimKell: true
  kozlemenyKell: true
  vevoVisszaigazolasKell: false
  ugyfelRegisztracioKell: 
  regisztraltUgyfelId: 
  shopMegjegyzes: Príma Wellness vásárlás: Squash 5 alkalmas 10-16h  II.zóna
  backURL: http://shop.primawellness.hu:80/fiz3.php?func=fiz3%3FfizetesValasz%3Dtrue&posId=02200814&tranzId=primaw2987&fizetesValasz=true&tranzakcioAzonosito=primaw2987
  ketlepcsosFizetes: 

Befejezes: 2012.03.08. 13:41:21

Valasz: SIKER

Valasz adatok
  posId: 02200814
  azonosito: primaw2987
  posValaszkod: 
  authorizaciosKod: 076862
  statuszKod: 
  teljesites: 2012.03.08 13.41.18 210
  nev: Agárdi Anikó
  orszag: Magyarország
  megye: Budapest
  varos: Budapest
  iranyitoszam: 1191
  utcaHazszam: Arany János u. 16.
  mailCim: pacsirtaniko@citromail.hu
  kozlemeny: 
