Haromszereplos fizetesi tranzakcio

Inditas: 2012.04.15. 14:32:03

Indito adatok
  posId: 02200814
  azonosito: primaw3185
  osszeg: 10916
  devizanem: HUF
  nyelvkod: hu
  nevKell: true
  orszagKell: true
  megyeKell: true
  telepulesKell: true
  iranyitoszamKell: true
  utcaHazszamKell: true
  mailCimKell: true
  kozlemenyKell: true
  vevoVisszaigazolasKell: false
  ugyfelRegisztracioKell: 
  regisztraltUgyfelId: 
  shopMegjegyzes: Príma Wellness vásárlás: Squash 5 alkalmas 06-10h  I.zóna
  backURL: http://shop.primawellness.hu:80/fiz3.php?func=fiz3%3FfizetesValasz%3Dtrue&posId=02200814&tranzId=primaw3185&fizetesValasz=true&tranzakcioAzonosito=primaw3185
  ketlepcsosFizetes: 

Befejezes: 2012.04.15. 14:35:08

Valasz: SIKER

Valasz adatok
  posId: 02200814
  azonosito: primaw3185
  posValaszkod: 
  authorizaciosKod: 157354
  statuszKod: 
  teljesites: 2012.04.15 14.35.05 757
  nev: Berta Miklós
  orszag: Magyarország
  megye: Budapest
  varos: Budapest
  iranyitoszam: 1183
  utcaHazszam: Korpona u. 16
  mailCim: m.berta@hdsnet.hu
  kozlemeny: 
