Haromszereplos fizetesi tranzakcio

Inditas: 2012.02.17. 14:42:27

Indito adatok
  posId: 02200814
  azonosito: primaw2846
  osszeg: 5121
  devizanem: HUF
  nyelvkod: hu
  nevKell: true
  orszagKell: true
  megyeKell: true
  telepulesKell: true
  iranyitoszamKell: true
  utcaHazszamKell: true
  mailCimKell: true
  kozlemenyKell: true
  vevoVisszaigazolasKell: false
  ugyfelRegisztracioKell: 
  regisztraltUgyfelId: 
  shopMegjegyzes: Príma Wellness vásárlás: Aerobic 4 alkalmas Egésznapos + 2 SPA
  backURL: http://shop.primawellness.hu:80/fiz3.php?func=fiz3%3FfizetesValasz%3Dtrue&posId=02200814&tranzId=primaw2846&fizetesValasz=true&tranzakcioAzonosito=primaw2846
  ketlepcsosFizetes: 

Befejezes: 2012.02.17. 14:45:08

Valasz: SIKER

Valasz adatok
  posId: 02200814
  azonosito: primaw2846
  posValaszkod: 
  authorizaciosKod: 753106
  statuszKod: 
  teljesites: 2012.02.17 14.45.07 980
  nev: Kovács Gergely
  orszag: Magyarország
  megye: Budapest
  varos: Budapest
  iranyitoszam: 1106
  utcaHazszam: Köszméte u.3.
  mailCim: danielbracso@freemail.hu
  kozlemeny: 
