Haromszereplos fizetesi tranzakcio

Inditas: 2012.02.10. 10:28:31

Indito adatok
  posId: 02200814
  azonosito: primaw2803
  osszeg: 10441
  devizanem: HUF
  nyelvkod: hu
  nevKell: true
  orszagKell: true
  megyeKell: true
  telepulesKell: true
  iranyitoszamKell: true
  utcaHazszamKell: true
  mailCimKell: true
  kozlemenyKell: true
  vevoVisszaigazolasKell: false
  ugyfelRegisztracioKell: 
  regisztraltUgyfelId: 
  shopMegjegyzes: Príma Wellness vásárlás: Aerobic-Spa 8 alkalmas Egésznap
  backURL: http://shop.primawellness.hu:80/fiz3.php?func=fiz3%3FfizetesValasz%3Dtrue&posId=02200814&tranzId=primaw2803&fizetesValasz=true&tranzakcioAzonosito=primaw2803
  ketlepcsosFizetes: 

Befejezes: 2012.02.10. 10:30:22

Valasz: SIKER

Valasz adatok
  posId: 02200814
  azonosito: primaw2803
  posValaszkod: 
  authorizaciosKod: 414841
  statuszKod: 
  teljesites: 2012.02.10 10.30.19 709
  nev: Boza Brigitta
  orszag: Magyarország
  megye: Budapest
  varos: Budapest
  iranyitoszam: 1103
  utcaHazszam: Gergely utca 116. fsz. 12.
  mailCim: boza.brigi@gmail.com
  kozlemeny: 
