Haromszereplos fizetesi tranzakcio

Inditas: 2012.03.03. 06:56:51

Indito adatok
  posId: 02200814
  azonosito: primaw2955
  osszeg: 8161
  devizanem: HUF
  nyelvkod: hu
  nevKell: true
  orszagKell: true
  megyeKell: true
  telepulesKell: true
  iranyitoszamKell: true
  utcaHazszamKell: true
  mailCimKell: true
  kozlemenyKell: true
  vevoVisszaigazolasKell: false
  ugyfelRegisztracioKell: 
  regisztraltUgyfelId: 
  shopMegjegyzes: Príma Wellness vásárlás: Aerobik 8 alkalmas Egésznapos
  backURL: http://shop.primawellness.hu:80/fiz3.php?func=fiz3%3FfizetesValasz%3Dtrue&posId=02200814&tranzId=primaw2955&fizetesValasz=true&tranzakcioAzonosito=primaw2955
  ketlepcsosFizetes: 

Befejezes: 2012.03.03. 06:58:52

Valasz: SIKER

Valasz adatok
  posId: 02200814
  azonosito: primaw2955
  posValaszkod: 
  authorizaciosKod: 047022
  statuszKod: 
  teljesites: 2012.03.03 06.58.50 865
  nev: Pap Rita
  orszag: Magyarország
  megye: Budapest
  varos: Budapest
  iranyitoszam: 1107
  utcaHazszam: Somfa köz 4
  mailCim: rpap23@gmail.com
  kozlemeny: 
