Haromszereplos fizetesi tranzakcio

Inditas: 2012.03.11. 11:10:41

Indito adatok
  posId: 02200814
  azonosito: primaw2999
  osszeg: 5121
  devizanem: HUF
  nyelvkod: hu
  nevKell: true
  orszagKell: true
  megyeKell: true
  telepulesKell: true
  iranyitoszamKell: true
  utcaHazszamKell: true
  mailCimKell: true
  kozlemenyKell: true
  vevoVisszaigazolasKell: false
  ugyfelRegisztracioKell: 
  regisztraltUgyfelId: 
  shopMegjegyzes: Príma Wellness vásárlás: Fitness 4 alkalmas Egésznapos
  backURL: http://shop.primawellness.hu:80/fiz3.php?func=fiz3%3FfizetesValasz%3Dtrue&posId=02200814&tranzId=primaw2999&fizetesValasz=true&tranzakcioAzonosito=primaw2999
  ketlepcsosFizetes: 

Befejezes: 2012.03.11. 11:12:26

Valasz: SIKER

Valasz adatok
  posId: 02200814
  azonosito: primaw2999
  posValaszkod: 
  authorizaciosKod: 181533
  statuszKod: 
  teljesites: 2012.03.11 11.12.26 848
  nev: Ági Tamás
  orszag: HU
  megye: Budapest
  varos: Budapest
  iranyitoszam: 1105
  utcaHazszam: Maláta köz 6/I.
  mailCim: tamas.agi@inv.hu
  kozlemeny: 
