Haromszereplos fizetesi tranzakcio

Inditas: 2012.02.11. 21:36:19

Indito adatok
  posId: 02200814
  azonosito: primaw2812
  osszeg: 9776
  devizanem: HUF
  nyelvkod: hu
  nevKell: true
  orszagKell: true
  megyeKell: true
  telepulesKell: true
  iranyitoszamKell: true
  utcaHazszamKell: true
  mailCimKell: true
  kozlemenyKell: true
  vevoVisszaigazolasKell: false
  ugyfelRegisztracioKell: 
  regisztraltUgyfelId: 
  shopMegjegyzes: Príma Wellness vásárlás: Aerobic 12 alkalmas Egésznap + 6 SPA
  backURL: http://shop.primawellness.hu:80/fiz3.php?func=fiz3%3FfizetesValasz%3Dtrue&posId=02200814&tranzId=primaw2812&fizetesValasz=true&tranzakcioAzonosito=primaw2812
  ketlepcsosFizetes: 

Befejezes: 2012.02.11. 21:38:31

Valasz: SIKER

Valasz adatok
  posId: 02200814
  azonosito: primaw2812
  posValaszkod: 
  authorizaciosKod: 621878
  statuszKod: 
  teljesites: 2012.02.11 21.38.30 050
  nev: Kummer Gábor
  orszag: Magyarország
  megye: Budapest
  varos: Budapest
  iranyitoszam: 1183
  utcaHazszam: Gyömrõi út 118/A 1/4.
  mailCim: moncsa@index.hu
  kozlemeny: 
