Haromszereplos fizetesi tranzakcio

Inditas: 2012.02.10. 05:25:41

Indito adatok
  posId: 02200814
  azonosito: primaw2797
  osszeg: 7211
  devizanem: HUF
  nyelvkod: hu
  nevKell: true
  orszagKell: true
  megyeKell: true
  telepulesKell: true
  iranyitoszamKell: true
  utcaHazszamKell: true
  mailCimKell: true
  kozlemenyKell: true
  vevoVisszaigazolasKell: false
  ugyfelRegisztracioKell: 
  regisztraltUgyfelId: 
  shopMegjegyzes: Príma Wellness vásárlás: Fitness 8 alkalmas DE 14h-ig
  backURL: http://shop.primawellness.hu:80/fiz3.php?func=fiz3%3FfizetesValasz%3Dtrue&posId=02200814&tranzId=primaw2797&fizetesValasz=true&tranzakcioAzonosito=primaw2797
  ketlepcsosFizetes: 

Befejezes: 2012.02.10. 05:28:07

Valasz: SIKER

Valasz adatok
  posId: 02200814
  azonosito: primaw2797
  posValaszkod: 
  authorizaciosKod: 686523
  statuszKod: 
  teljesites: 2012.02.10 05.28.06 117
  nev: Ficzkó Juhász Emese
  orszag: Magyarország
  megye: Pest
  varos: Vecsés
  iranyitoszam: 2220
  utcaHazszam: Széchenyi u. 27
  mailCim: emesemes328@yahoo.de
  kozlemeny: fitness bérlet
