Haromszereplos fizetesi tranzakcio

Inditas: 2012.02.29. 14:42:16

Indito adatok
  posId: 02200814
  azonosito: primaw2951
  osszeg: 8161
  devizanem: HUF
  nyelvkod: hu
  nevKell: true
  orszagKell: true
  megyeKell: true
  telepulesKell: true
  iranyitoszamKell: true
  utcaHazszamKell: true
  mailCimKell: true
  kozlemenyKell: true
  vevoVisszaigazolasKell: false
  ugyfelRegisztracioKell: 
  regisztraltUgyfelId: 
  shopMegjegyzes: Príma Wellness vásárlás: Fitness 8 alkalmas Egésznap
  backURL: http://shop.primawellness.hu:80/fiz3.php?func=fiz3%3FfizetesValasz%3Dtrue&posId=02200814&tranzId=primaw2951&fizetesValasz=true&tranzakcioAzonosito=primaw2951
  ketlepcsosFizetes: 

Befejezes: 2012.02.29. 14:44:07

Valasz: SIKER

Valasz adatok
  posId: 02200814
  azonosito: primaw2951
  posValaszkod: 
  authorizaciosKod: 735447
  statuszKod: 
  teljesites: 2012.02.29 14.44.05 685
  nev: Rábaközi Attila
  orszag: M
  megye: Bp
  varos: Bp
  iranyitoszam: 1156
  utcaHazszam: 1156. Nyírpalota 16.
  mailCim: rabakozi.attila@gmail.com
  kozlemeny: fitness bérlet
