Haromszereplos fizetesi tranzakcio

Inditas: 2012.02.27. 11:27:56

Indito adatok
  posId: 02200814
  azonosito: primaw2945
  osszeg: 15191
  devizanem: HUF
  nyelvkod: hu
  nevKell: true
  orszagKell: true
  megyeKell: true
  telepulesKell: true
  iranyitoszamKell: true
  utcaHazszamKell: true
  mailCimKell: true
  kozlemenyKell: true
  vevoVisszaigazolasKell: false
  ugyfelRegisztracioKell: 
  regisztraltUgyfelId: 
  shopMegjegyzes: Príma Wellness vásárlás: Príma korl. Fitness-Spa egésznapos
  backURL: http://shop.primawellness.hu:80/fiz3.php?func=fiz3%3FfizetesValasz%3Dtrue&posId=02200814&tranzId=primaw2945&fizetesValasz=true&tranzakcioAzonosito=primaw2945
  ketlepcsosFizetes: 

Befejezes: 2012.02.27. 11:29:47

Valasz: SIKER

Valasz adatok
  posId: 02200814
  azonosito: primaw2945
  posValaszkod: 
  authorizaciosKod: 747291
  statuszKod: 
  teljesites: 2012.02.27 11.29.43 438
  nev: Baráth Szilvia
  orszag: Magyarország
  megye: Budapest
  varos: Budapest
  iranyitoszam: 1173
  utcaHazszam: Tápiószele u. 19.
  mailCim: sylbarath@gmail.com
  kozlemeny: bérlet
