Haromszereplos fizetesi tranzakcio

Inditas: 2012.03.05. 14:10:42

Indito adatok
  posId: 02200814
  azonosito: primaw2969
  osszeg: 13291
  devizanem: HUF
  nyelvkod: hu
  nevKell: true
  orszagKell: true
  megyeKell: true
  telepulesKell: true
  iranyitoszamKell: true
  utcaHazszamKell: true
  mailCimKell: true
  kozlemenyKell: true
  vevoVisszaigazolasKell: false
  ugyfelRegisztracioKell: 
  regisztraltUgyfelId: 
  shopMegjegyzes: Príma Wellness vásárlás: Príma korl. Aerobik Egésznap
  backURL: http://shop.primawellness.hu:80/fiz3.php?func=fiz3%3FfizetesValasz%3Dtrue&posId=02200814&tranzId=primaw2969&fizetesValasz=true&tranzakcioAzonosito=primaw2969
  ketlepcsosFizetes: 

Befejezes: 2012.03.05. 14:13:08

Valasz: SIKER

Valasz adatok
  posId: 02200814
  azonosito: primaw2969
  posValaszkod: 
  authorizaciosKod: 312002
  statuszKod: 
  teljesites: 2012.03.05 14.13.07 823
  nev: Kerékgyártó Judit
  orszag: Magyarország
  megye: Budapest
  varos: Budapest
  iranyitoszam: 1183
  utcaHazszam: Csörötnek u. 2/b
  mailCim: kerekgyarto.judit77@gmail.com
  kozlemeny: bérlet vásárlás
