Haromszereplos fizetesi tranzakcio

Inditas: 2012.02.14. 14:20:14

Indito adatok
  posId: 02200814
  azonosito: primaw2840
  osszeg: 9776
  devizanem: HUF
  nyelvkod: hu
  nevKell: true
  orszagKell: true
  megyeKell: true
  telepulesKell: true
  iranyitoszamKell: true
  utcaHazszamKell: true
  mailCimKell: true
  kozlemenyKell: true
  vevoVisszaigazolasKell: false
  ugyfelRegisztracioKell: 
  regisztraltUgyfelId: 
  shopMegjegyzes: Príma Wellness vásárlás: Fitness 12 alkalmas Egésznap
  backURL: http://shop.primawellness.hu:80/fiz3.php?func=fiz3%3FfizetesValasz%3Dtrue&posId=02200814&tranzId=primaw2840&fizetesValasz=true&tranzakcioAzonosito=primaw2840
  ketlepcsosFizetes: 

Befejezes: 2012.02.14. 14:27:31

Valasz: SIKER

Valasz adatok
  posId: 02200814
  azonosito: primaw2840
  posValaszkod: 
  authorizaciosKod: 000209
  statuszKod: 
  teljesites: 2012.02.14 14.27.29 123
  nev: STIFTER GÁBOR
  orszag: MAGYARORSZÁG
  megye: BUDAPEST
  varos: BUDAPEST
  iranyitoszam: 1105
  utcaHazszam: GERGELY UTCA 1.
  mailCim: stiftergabor@gmail.com
  kozlemeny: Fitness berlet
