Haromszereplos fizetesi tranzakcio

Inditas: 2012.03.20. 10:51:42

Indito adatok
  posId: 02200814
  azonosito: primaw3055
  osszeg: 8161
  devizanem: HUF
  nyelvkod: hu
  nevKell: true
  orszagKell: true
  megyeKell: true
  telepulesKell: true
  iranyitoszamKell: true
  utcaHazszamKell: true
  mailCimKell: true
  kozlemenyKell: true
  vevoVisszaigazolasKell: false
  ugyfelRegisztracioKell: 
  regisztraltUgyfelId: 
  shopMegjegyzes: Príma Wellness vásárlás: Aerobik 8 alkalmas Egésznapos
  backURL: http://shop.primawellness.hu:80/fiz3.php?func=fiz3%3FfizetesValasz%3Dtrue&posId=02200814&tranzId=primaw3055&fizetesValasz=true&tranzakcioAzonosito=primaw3055
  ketlepcsosFizetes: 

Befejezes: 2012.03.20. 10:56:28

Valasz: SIKER

Valasz adatok
  posId: 02200814
  azonosito: primaw3055
  posValaszkod: 
  authorizaciosKod: 060797
  statuszKod: 
  teljesites: 2012.03.20 10.56.26 710
  nev: Szabó Mariann
  orszag: Magyarország
  megye: Pest
  varos: Budapest
  iranyitoszam: 1203
  utcaHazszam: Széchenyi u. 3-5. C lph 2/11
  mailCim: mariann.szabo@freemail.hu
  kozlemeny: 
