Haromszereplos fizetesi tranzakcio

Inditas: 2012.03.20. 17:27:13

Indito adatok
  posId: 02200814
  azonosito: primaw3058
  osszeg: 1416
  devizanem: HUF
  nyelvkod: hu
  nevKell: true
  orszagKell: true
  megyeKell: true
  telepulesKell: true
  iranyitoszamKell: true
  utcaHazszamKell: true
  mailCimKell: true
  kozlemenyKell: true
  vevoVisszaigazolasKell: false
  ugyfelRegisztracioKell: 
  regisztraltUgyfelId: 
  shopMegjegyzes: Príma Wellness vásárlás: Aerobic 1 alkalmas jegy Egésznap 
  backURL: http://shop.primawellness.hu:80/fiz3.php?func=fiz3%3FfizetesValasz%3Dtrue&posId=02200814&tranzId=primaw3058&fizetesValasz=true&tranzakcioAzonosito=primaw3058
  ketlepcsosFizetes: 

Befejezes: 2012.03.20. 17:28:58

Valasz: SIKER

Valasz adatok
  posId: 02200814
  azonosito: primaw3058
  posValaszkod: 
  authorizaciosKod: 686459
  statuszKod: 
  teljesites: 2012.03.20 17.28.59 699
  nev: Boza Brigitta
  orszag: Magyarország
  megye: Budapest
  varos: Budapest
  iranyitoszam: 1103
  utcaHazszam: Gergely utca 116. fsz. 12.
  mailCim: boza.brigi@gmail.com
  kozlemeny: 
