Haromszereplos fizetesi tranzakcio

Inditas: 2012.03.11. 20:13:36

Indito adatok
  posId: 02200814
  azonosito: primaw3000
  osszeg: 9491
  devizanem: HUF
  nyelvkod: hu
  nevKell: true
  orszagKell: true
  megyeKell: true
  telepulesKell: true
  iranyitoszamKell: true
  utcaHazszamKell: true
  mailCimKell: true
  kozlemenyKell: true
  vevoVisszaigazolasKell: false
  ugyfelRegisztracioKell: 
  regisztraltUgyfelId: 
  shopMegjegyzes: Príma Wellness vásárlás: Squash 5 alkalmas 10-16h  II.zóna
  backURL: http://shop.primawellness.hu:80/fiz3.php?func=fiz3%3FfizetesValasz%3Dtrue&posId=02200814&tranzId=primaw3000&fizetesValasz=true&tranzakcioAzonosito=primaw3000
  ketlepcsosFizetes: 

Befejezes: 2012.03.11. 20:15:07

Valasz: SIKER

Valasz adatok
  posId: 02200814
  azonosito: primaw3000
  posValaszkod: 
  authorizaciosKod: 172903
  statuszKod: 
  teljesites: 2012.03.11 20.15.03 998
  nev: NYÍRI VIKTÓRIA
  orszag: MAGYARORSZÁG
  megye: PEST
  varos: BUDAPEST
  iranyitoszam: 1171
  utcaHazszam: ÓVÓNÕ U. 60.
  mailCim: nyiri.viktoria@t-online.hu
  kozlemeny: 
