Haromszereplos fizetesi tranzakcio

Inditas: 2012.03.08. 17:43:37

Indito adatok
  posId: 02200814
  azonosito: primaw2988
  osszeg: 8161
  devizanem: HUF
  nyelvkod: hu
  nevKell: true
  orszagKell: true
  megyeKell: true
  telepulesKell: true
  iranyitoszamKell: true
  utcaHazszamKell: true
  mailCimKell: true
  kozlemenyKell: true
  vevoVisszaigazolasKell: false
  ugyfelRegisztracioKell: 
  regisztraltUgyfelId: 
  shopMegjegyzes: Príma Wellness vásárlás: Aerobik 8 alkalmas Egésznapos
  backURL: http://shop.primawellness.hu:80/fiz3.php?func=fiz3%3FfizetesValasz%3Dtrue&posId=02200814&tranzId=primaw2988&fizetesValasz=true&tranzakcioAzonosito=primaw2988
  ketlepcsosFizetes: 

Befejezes: 2012.03.08. 17:47:08

Valasz: SIKER

Valasz adatok
  posId: 02200814
  azonosito: primaw2988
  posValaszkod: 
  authorizaciosKod: 884562
  statuszKod: 
  teljesites: 2012.03.08 17.47.08 670
  nev: Suba László
  orszag: Magyarország
  megye: Budapest
  varos: Budapest
  iranyitoszam: 1205
  utcaHazszam: Hitel Márton u. 64.
  mailCim: subalaszlo@t-online.hu
  kozlemeny: 
