Haromszereplos fizetesi tranzakcio

Inditas: 2012.02.09. 14:52:32

Indito adatok
  posId: 02200814
  azonosito: primaw2794
  osszeg: 7211
  devizanem: HUF
  nyelvkod: hu
  nevKell: true
  orszagKell: true
  megyeKell: true
  telepulesKell: true
  iranyitoszamKell: true
  utcaHazszamKell: true
  mailCimKell: true
  kozlemenyKell: true
  vevoVisszaigazolasKell: false
  ugyfelRegisztracioKell: 
  regisztraltUgyfelId: 
  shopMegjegyzes: Príma Wellness vásárlás: Aerobic 8 alkalmas DE 14h-ig + 4 SPA
  backURL: http://shop.primawellness.hu:80/fiz3.php?func=fiz3%3FfizetesValasz%3Dtrue&posId=02200814&tranzId=primaw2794&fizetesValasz=true&tranzakcioAzonosito=primaw2794
  ketlepcsosFizetes: 

Befejezes: 2012.02.09. 14:55:24

Valasz: SIKER

Valasz adatok
  posId: 02200814
  azonosito: primaw2794
  posValaszkod: 
  authorizaciosKod: 174732
  statuszKod: 
  teljesites: 2012.02.09 14.55.20 010
  nev: Szegedy Viktória
  orszag: Magyarország
  megye: Budapest
  varos: Budapest
  iranyitoszam: 1101
  utcaHazszam: Hungária krt. 5-7.
  mailCim: v.szegedy@richter.hu
  kozlemeny: 
