Haromszereplos fizetesi tranzakcio

Inditas: 2012.04.18. 15:22:26

Indito adatok
  posId: 02200814
  azonosito: primaw3197
  osszeg: 13291
  devizanem: HUF
  nyelvkod: hu
  nevKell: true
  orszagKell: true
  megyeKell: true
  telepulesKell: true
  iranyitoszamKell: true
  utcaHazszamKell: true
  mailCimKell: true
  kozlemenyKell: true
  vevoVisszaigazolasKell: false
  ugyfelRegisztracioKell: 
  regisztraltUgyfelId: 
  shopMegjegyzes: Príma Wellness vásárlás: Príma korl. Aerobik Egésznap
  backURL: http://web.primawellness.hu:80/shop/fiz3.php?func=fiz3%3FfizetesValasz%3Dtrue&posId=02200814&tranzId=primaw3197&fizetesValasz=true&tranzakcioAzonosito=primaw3197
  ketlepcsosFizetes: 

Befejezes: 2012.04.18. 15:25:16

Valasz: SIKER

Valasz adatok
  posId: 02200814
  azonosito: primaw3197
  posValaszkod: 
  authorizaciosKod: 178938
  statuszKod: 
  teljesites: 2012.04.18 15.25.16 997
  nev: Karl László
  orszag: Magyarország
  megye: Pest
  varos: Budapest
  iranyitoszam: 1173
  utcaHazszam: Borsó u 16
  mailCim: karllaszlo@freemail.hu
  kozlemeny: 
