Haromszereplos fizetesi tranzakcio

Inditas: 2012.02.09. 10:44:22

Indito adatok
  posId: 02200814
  azonosito: primaw2793
  osszeg: 8161
  devizanem: HUF
  nyelvkod: hu
  nevKell: true
  orszagKell: true
  megyeKell: true
  telepulesKell: true
  iranyitoszamKell: true
  utcaHazszamKell: true
  mailCimKell: true
  kozlemenyKell: true
  vevoVisszaigazolasKell: false
  ugyfelRegisztracioKell: 
  regisztraltUgyfelId: 
  shopMegjegyzes: Príma Wellness vásárlás: Aerobic 8 alkalmas Egésznap + 4 SPA
  backURL: http://shop.primawellness.hu:80/fiz3.php?func=fiz3%3FfizetesValasz%3Dtrue&posId=02200814&tranzId=primaw2793&fizetesValasz=true&tranzakcioAzonosito=primaw2793
  ketlepcsosFizetes: 

Befejezes: 2012.02.09. 10:46:18

Valasz: SIKER

Valasz adatok
  posId: 02200814
  azonosito: primaw2793
  posValaszkod: 
  authorizaciosKod: 060024
  statuszKod: 
  teljesites: 2012.02.09 10.46.14 719
  nev: Szabó Mariann
  orszag: Magyarország
  megye: Pest
  varos: Budapest
  iranyitoszam: 1203
  utcaHazszam: Széchenyi u. 3-5/C lph. 2/11
  mailCim: mariann.szabo@freemail.hu
  kozlemeny: X
