Haromszereplos fizetesi tranzakcio

Inditas: 2012.03.27. 13:37:04

Indito adatok
  posId: 02200814
  azonosito: primaw3092
  osszeg: 2366
  devizanem: HUF
  nyelvkod: hu
  nevKell: true
  orszagKell: true
  megyeKell: true
  telepulesKell: true
  iranyitoszamKell: true
  utcaHazszamKell: true
  mailCimKell: true
  kozlemenyKell: true
  vevoVisszaigazolasKell: false
  ugyfelRegisztracioKell: 
  regisztraltUgyfelId: 
  shopMegjegyzes: Príma Wellness vásárlás: Squash 1 alk. 10-16
  backURL: http://shop.primawellness.hu:80/fiz3.php?func=fiz3%3FfizetesValasz%3Dtrue&posId=02200814&tranzId=primaw3092&fizetesValasz=true&tranzakcioAzonosito=primaw3092
  ketlepcsosFizetes: 

Befejezes: 2012.03.27. 13:39:10

Valasz: SIKER

Valasz adatok
  posId: 02200814
  azonosito: primaw3092
  posValaszkod: 
  authorizaciosKod: 219258
  statuszKod: 
  teljesites: 2012.03.27 13.39.06 514
  nev: simonics ákos
  orszag: mo
  megye: pest
  varos: budapest
  iranyitoszam: 1184
  utcaHazszam: építõ 30
  mailCim: akos@simonics.hu
  kozlemeny: 
