Haromszereplos fizetesi tranzakcio

Inditas: 2012.02.21. 19:58:55

Indito adatok
  posId: 02200814
  azonosito: primaw2858
  osszeg: 8161
  devizanem: HUF
  nyelvkod: hu
  nevKell: true
  orszagKell: true
  megyeKell: true
  telepulesKell: true
  iranyitoszamKell: true
  utcaHazszamKell: true
  mailCimKell: true
  kozlemenyKell: true
  vevoVisszaigazolasKell: false
  ugyfelRegisztracioKell: 
  regisztraltUgyfelId: 
  shopMegjegyzes: Príma Wellness vásárlás: Fitness 8 alkalmas Egésznap
  backURL: http://shop.primawellness.hu:80/fiz3.php?func=fiz3%3FfizetesValasz%3Dtrue&posId=02200814&tranzId=primaw2858&fizetesValasz=true&tranzakcioAzonosito=primaw2858
  ketlepcsosFizetes: 

Befejezes: 2012.02.21. 20:01:47

Valasz: SIKER

Valasz adatok
  posId: 02200814
  azonosito: primaw2858
  posValaszkod: 
  authorizaciosKod: 145622
  statuszKod: 
  teljesites: 2012.02.21 20.01.42 610
  nev: Ruschel Zoltán
  orszag: Magyarország
  megye: Budapest
  varos: Budapest
  iranyitoszam: 1144
  utcaHazszam: Szentmihályi út 35.
  mailCim: zoltan.ruschel@gmail.com
  kozlemeny: wellness
