Haromszereplos fizetesi tranzakcio

Inditas: 2012.04.19. 12:40:42

Indito adatok
  posId: 02200814
  azonosito: primaw3200
  osszeg: 14906
  devizanem: HUF
  nyelvkod: hu
  nevKell: true
  orszagKell: true
  megyeKell: true
  telepulesKell: true
  iranyitoszamKell: true
  utcaHazszamKell: true
  mailCimKell: true
  kozlemenyKell: true
  vevoVisszaigazolasKell: false
  ugyfelRegisztracioKell: 
  regisztraltUgyfelId: 
  shopMegjegyzes: Príma Wellness vásárlás: Diák és Nyugd. Fit-Spa korl. egésznap
  backURL: http://web.primawellness.hu:80/shop/fiz3.php?func=fiz3%3FfizetesValasz%3Dtrue&posId=02200814&tranzId=primaw3200&fizetesValasz=true&tranzakcioAzonosito=primaw3200
  ketlepcsosFizetes: 

Befejezes: 2012.04.19. 12:42:32

Valasz: SIKER

Valasz adatok
  posId: 02200814
  azonosito: primaw3200
  posValaszkod: 
  authorizaciosKod: 814053
  statuszKod: 
  teljesites: 2012.04.19 12.42.29 620
  nev: Miklós József
  orszag: Magyarország
  megye: Budapest
  varos: Budapest
  iranyitoszam: 1104
  utcaHazszam: Mádi 167. fsz 1
  mailCim: nicks2004@gmail.com
  kozlemeny: 
