Haromszereplos fizetesi tranzakcio

Inditas: 2012.02.06. 16:45:46

Indito adatok
  posId: 02200814
  azonosito: primaw2789
  osszeg: 5121
  devizanem: HUF
  nyelvkod: hu
  nevKell: true
  orszagKell: true
  megyeKell: true
  telepulesKell: true
  iranyitoszamKell: true
  utcaHazszamKell: true
  mailCimKell: true
  kozlemenyKell: true
  vevoVisszaigazolasKell: false
  ugyfelRegisztracioKell: 
  regisztraltUgyfelId: 
  shopMegjegyzes: Príma Wellness vásárlás: Aerobic 4 alkalmas Egésznapos + 2 SPA
  backURL: http://shop.primawellness.hu:80/fiz3.php?func=fiz3%3FfizetesValasz%3Dtrue&posId=02200814&tranzId=primaw2789&fizetesValasz=true&tranzakcioAzonosito=primaw2789
  ketlepcsosFizetes: 

Befejezes: 2012.02.06. 16:47:52

Valasz: SIKER

Valasz adatok
  posId: 02200814
  azonosito: primaw2789
  posValaszkod: 
  authorizaciosKod: 468766
  statuszKod: 
  teljesites: 2012.02.06 16.47.52 542
  nev: Gyirkisné G. Krisztina
  orszag: Magyarország
  megye: Budapest
  varos: Budapest
  iranyitoszam: 1203
  utcaHazszam: Vizisport út 21/B.
  mailCim: krisz_g@yahoo.com
  kozlemeny: bérlet vásárlás
