Haromszereplos fizetesi tranzakcio

Inditas: 2012.04.17. 16:50:38

Indito adatok
  posId: 02200814
  azonosito: primaw3193
  osszeg: 20891
  devizanem: HUF
  nyelvkod: hu
  nevKell: true
  orszagKell: true
  megyeKell: true
  telepulesKell: true
  iranyitoszamKell: true
  utcaHazszamKell: true
  mailCimKell: true
  kozlemenyKell: true
  vevoVisszaigazolasKell: false
  ugyfelRegisztracioKell: 
  regisztraltUgyfelId: 
  shopMegjegyzes: Príma Wellness vásárlás: Squash 10 alkalmas Egésznapos
  backURL: http://web.primawellness.hu:80/shop/fiz3.php?func=fiz3%3FfizetesValasz%3Dtrue&posId=02200814&tranzId=primaw3193&fizetesValasz=true&tranzakcioAzonosito=primaw3193
  ketlepcsosFizetes: 

Befejezes: 2012.04.17. 16:52:53

Valasz: SIKER

Valasz adatok
  posId: 02200814
  azonosito: primaw3193
  posValaszkod: 
  authorizaciosKod: 496089
  statuszKod: 
  teljesites: 2012.04.17 16.52.52 318
  nev: Bozó Viktor
  orszag: Magyar
  megye: Pest
  varos: Budapest
  iranyitoszam: 1194
  utcaHazszam: Pákozd u. 33.
  mailCim: bozoviktor76@gmail.com
  kozlemeny: 
