Haromszereplos fizetesi tranzakcio

Inditas: 2012.03.21. 13:23:26

Indito adatok
  posId: 02200814
  azonosito: primaw3066
  osszeg: 9776
  devizanem: HUF
  nyelvkod: hu
  nevKell: true
  orszagKell: true
  megyeKell: true
  telepulesKell: true
  iranyitoszamKell: true
  utcaHazszamKell: true
  mailCimKell: true
  kozlemenyKell: true
  vevoVisszaigazolasKell: false
  ugyfelRegisztracioKell: 
  regisztraltUgyfelId: 
  shopMegjegyzes: Príma Wellness vásárlás: Aerobik 12 alkalmas Egésznapos
  backURL: http://shop.primawellness.hu:80/fiz3.php?func=fiz3%3FfizetesValasz%3Dtrue&posId=02200814&tranzId=primaw3066&fizetesValasz=true&tranzakcioAzonosito=primaw3066
  ketlepcsosFizetes: 

Befejezes: 2012.03.21. 13:26:52

Valasz: SIKER

Valasz adatok
  posId: 02200814
  azonosito: primaw3066
  posValaszkod: 
  authorizaciosKod: 152805
  statuszKod: 
  teljesites: 2012.03.21 13.26.49 700
  nev: Cserdiné Sz. Katalin
  orszag: Magyarország
  megye: Pest
  varos: Budapest
  iranyitoszam: 1196
  utcaHazszam: Fõ utca 191
  mailCim: k.cserdine@richter.hu
  kozlemeny: bérlet
