Haromszereplos fizetesi tranzakcio

Inditas: 2012.04.18. 04:29:24

Indito adatok
  posId: 02200814
  azonosito: primaw3195
  osszeg: 7211
  devizanem: HUF
  nyelvkod: hu
  nevKell: true
  orszagKell: true
  megyeKell: true
  telepulesKell: true
  iranyitoszamKell: true
  utcaHazszamKell: true
  mailCimKell: true
  kozlemenyKell: true
  vevoVisszaigazolasKell: false
  ugyfelRegisztracioKell: 
  regisztraltUgyfelId: 
  shopMegjegyzes: Príma Wellness vásárlás: Aerobik 8 alkalmas DE 14-ig
  backURL: http://web.primawellness.hu:80/shop/fiz3.php?func=fiz3%3FfizetesValasz%3Dtrue&posId=02200814&tranzId=primaw3195&fizetesValasz=true&tranzakcioAzonosito=primaw3195
  ketlepcsosFizetes: 

Befejezes: 2012.04.18. 04:31:20

Valasz: SIKER

Valasz adatok
  posId: 02200814
  azonosito: primaw3195
  posValaszkod: 
  authorizaciosKod: 504434
  statuszKod: 
  teljesites: 2012.04.18 04.31.18 503
  nev: Kovalik Marianna
  orszag: Magyar
  megye: Pest
  varos: Diósd
  iranyitoszam: 2049
  utcaHazszam: Rákóczi F. u. 21
  mailCim: kiscsillag00@gmail.com
  kozlemeny: Bérlet
