Haromszereplos fizetesi tranzakcio

Inditas: 2012.02.13. 20:50:37

Indito adatok
  posId: 02200814
  azonosito: primaw2835
  osszeg: 21375
  devizanem: HUF
  nyelvkod: hu
  nevKell: true
  orszagKell: true
  megyeKell: true
  telepulesKell: true
  iranyitoszamKell: true
  utcaHazszamKell: true
  mailCimKell: true
  kozlemenyKell: true
  vevoVisszaigazolasKell: false
  ugyfelRegisztracioKell: 
  regisztraltUgyfelId: 
  shopMegjegyzes: Príma Wellness vásárlás: Masszázsbérlet normál 6 alkalmas 60 perces
  backURL: http://shop.primawellness.hu:80/fiz3.php?func=fiz3%3FfizetesValasz%3Dtrue&posId=02200814&tranzId=primaw2835&fizetesValasz=true&tranzakcioAzonosito=primaw2835
  ketlepcsosFizetes: 

Befejezes: 2012.02.13. 20:52:18

Valasz: SIKER

Valasz adatok
  posId: 02200814
  azonosito: primaw2835
  posValaszkod: 
  authorizaciosKod: 408001
  statuszKod: 
  teljesites: 2012.02.13 20.52.14 275
  nev: Veréb Péter
  orszag: Magyar
  megye: Pest
  varos: Budapest
  iranyitoszam: 1102
  utcaHazszam: Ónodi u. 11. 2/7.
  mailCim: peter@verebpeter.hu
  kozlemeny: 
