Haromszereplos fizetesi tranzakcio

Inditas: 2012.03.30. 15:26:53

Indito adatok
  posId: 02200814
  azonosito: primaw3131
  osszeg: 9776
  devizanem: HUF
  nyelvkod: hu
  nevKell: true
  orszagKell: true
  megyeKell: true
  telepulesKell: true
  iranyitoszamKell: true
  utcaHazszamKell: true
  mailCimKell: true
  kozlemenyKell: true
  vevoVisszaigazolasKell: false
  ugyfelRegisztracioKell: 
  regisztraltUgyfelId: 
  shopMegjegyzes: Príma Wellness vásárlás: Aerobik 12 alkalmas Egésznapos
  backURL: http://shop.primawellness.hu:80/fiz3.php?func=fiz3%3FfizetesValasz%3Dtrue&posId=02200814&tranzId=primaw3131&fizetesValasz=true&tranzakcioAzonosito=primaw3131
  ketlepcsosFizetes: 

Befejezes: 2012.03.30. 15:29:39

Valasz: SIKER

Valasz adatok
  posId: 02200814
  azonosito: primaw3131
  posValaszkod: 
  authorizaciosKod: 055777
  statuszKod: 
  teljesites: 2012.03.30 15.29.38 143
  nev: Kovács Gergely
  orszag: Magyarország
  megye: Budapest
  varos: Budapest
  iranyitoszam: 1106
  utcaHazszam: Köszméte 3
  mailCim: danielbracso@freemail.hu
  kozlemeny: 
