Haromszereplos fizetesi tranzakcio

Inditas: 2012.03.07. 16:24:12

Indito adatok
  posId: 02200814
  azonosito: primaw2984
  osszeg: 5121
  devizanem: HUF
  nyelvkod: hu
  nevKell: true
  orszagKell: true
  megyeKell: true
  telepulesKell: true
  iranyitoszamKell: true
  utcaHazszamKell: true
  mailCimKell: true
  kozlemenyKell: true
  vevoVisszaigazolasKell: false
  ugyfelRegisztracioKell: 
  regisztraltUgyfelId: 
  shopMegjegyzes: Príma Wellness vásárlás: Aerobik 4 alkalmas Egésznapos
  backURL: http://shop.primawellness.hu:80/fiz3.php?func=fiz3%3FfizetesValasz%3Dtrue&posId=02200814&tranzId=primaw2984&fizetesValasz=true&tranzakcioAzonosito=primaw2984
  ketlepcsosFizetes: 

Befejezes: 2012.03.07. 16:27:31

Valasz: SIKER

Valasz adatok
  posId: 02200814
  azonosito: primaw2984
  posValaszkod: 
  authorizaciosKod: 937424
  statuszKod: 
  teljesites: 2012.03.07 16.27.31 855
  nev: Lengyel Miklós
  orszag: Magyar
  megye: Pest
  varos: Vecsés
  iranyitoszam: 2220
  utcaHazszam: Szép u. 8.
  mailCim: miklos.lengyel@heedaudio.hu
  kozlemeny: 
