Haromszereplos fizetesi tranzakcio

Inditas: 2012.03.16. 09:17:42

Indito adatok
  posId: 02200814
  azonosito: primaw3013
  osszeg: 13291
  devizanem: HUF
  nyelvkod: hu
  nevKell: true
  orszagKell: true
  megyeKell: true
  telepulesKell: true
  iranyitoszamKell: true
  utcaHazszamKell: true
  mailCimKell: true
  kozlemenyKell: true
  vevoVisszaigazolasKell: false
  ugyfelRegisztracioKell: 
  regisztraltUgyfelId: 
  shopMegjegyzes: Príma Wellness vásárlás: Príma korl. Aerobik Egésznap
  backURL: http://shop.primawellness.hu:80/fiz3.php?func=fiz3%3FfizetesValasz%3Dtrue&posId=02200814&tranzId=primaw3013&fizetesValasz=true&tranzakcioAzonosito=primaw3013
  ketlepcsosFizetes: 

Befejezes: 2012.03.16. 09:20:32

Valasz: SIKER

Valasz adatok
  posId: 02200814
  azonosito: primaw3013
  posValaszkod: 
  authorizaciosKod: 778216
  statuszKod: 
  teljesites: 2012.03.16 09.20.28 110
  nev: Radics Edina
  orszag: Magyarország
  megye: Pest
  varos: Csurgói
  iranyitoszam: 2030
  utcaHazszam: 9.
  mailCim: edina.radics@gmail.com
  kozlemeny: x
