Haromszereplos fizetesi tranzakcio

Inditas: 2012.03.03. 15:16:07

Indito adatok
  posId: 02200814
  azonosito: primaw2956
  osszeg: 2841
  devizanem: HUF
  nyelvkod: hu
  nevKell: true
  orszagKell: true
  megyeKell: true
  telepulesKell: true
  iranyitoszamKell: true
  utcaHazszamKell: true
  mailCimKell: true
  kozlemenyKell: true
  vevoVisszaigazolasKell: false
  ugyfelRegisztracioKell: 
  regisztraltUgyfelId: 
  shopMegjegyzes: Príma Wellness vásárlás: Squash 1 alk. 06-10
  backURL: http://shop.primawellness.hu:80/fiz3.php?func=fiz3%3FfizetesValasz%3Dtrue&posId=02200814&tranzId=primaw2956&fizetesValasz=true&tranzakcioAzonosito=primaw2956
  ketlepcsosFizetes: 

Befejezes: 2012.03.03. 15:19:03

Valasz: SIKER

Valasz adatok
  posId: 02200814
  azonosito: primaw2956
  posValaszkod: 
  authorizaciosKod: 710686
  statuszKod: 
  teljesites: 2012.03.03 15.19.01 764
  nev: Szabó Renáta
  orszag: Magyarország
  megye: Pest
  varos: Budapest
  iranyitoszam: 1108
  utcaHazszam: Gõzmozdony utca 20.
  mailCim: rencsy@gmail.com
  kozlemeny: 
