Haromszereplos fizetesi tranzakcio

Inditas: 2012.03.18. 08:56:14

Indito adatok
  posId: 02200814
  azonosito: primaw3029
  osszeg: 6166
  devizanem: HUF
  nyelvkod: hu
  nevKell: true
  orszagKell: true
  megyeKell: true
  telepulesKell: true
  iranyitoszamKell: true
  utcaHazszamKell: true
  mailCimKell: true
  kozlemenyKell: true
  vevoVisszaigazolasKell: false
  ugyfelRegisztracioKell: 
  regisztraltUgyfelId: 
  shopMegjegyzes: Príma Wellness vásárlás: Fittness-SPA 4 alkalmas Egésznapos
  backURL: http://shop.primawellness.hu:80/fiz3.php?func=fiz3%3FfizetesValasz%3Dtrue&posId=02200814&tranzId=primaw3029&fizetesValasz=true&tranzakcioAzonosito=primaw3029
  ketlepcsosFizetes: 

Befejezes: 2012.03.18. 08:59:09

Valasz: SIKER

Valasz adatok
  posId: 02200814
  azonosito: primaw3029
  posValaszkod: 
  authorizaciosKod: 765691
  statuszKod: 
  teljesites: 2012.03.18 08.59.06 911
  nev: Füstös Gabriella
  orszag: Magyarország
  megye: Pest
  varos: Budapest
  iranyitoszam: 1171
  utcaHazszam: Fehértemplom utca3.
  mailCim: fustosgabivfreemail.hu
  kozlemeny: 
