Haromszereplos fizetesi tranzakcio

Inditas: 2012.03.20. 08:12:37

Indito adatok
  posId: 02200814
  azonosito: primaw3053
  osszeg: 21375
  devizanem: HUF
  nyelvkod: hu
  nevKell: true
  orszagKell: true
  megyeKell: true
  telepulesKell: true
  iranyitoszamKell: true
  utcaHazszamKell: true
  mailCimKell: true
  kozlemenyKell: true
  vevoVisszaigazolasKell: false
  ugyfelRegisztracioKell: 
  regisztraltUgyfelId: 
  shopMegjegyzes: Príma Wellness vásárlás: Masszázsbérlet normál 6 alkalmas 60 perces
  backURL: http://shop.primawellness.hu:80/fiz3.php?func=fiz3%3FfizetesValasz%3Dtrue&posId=02200814&tranzId=primaw3053&fizetesValasz=true&tranzakcioAzonosito=primaw3053
  ketlepcsosFizetes: 

Befejezes: 2012.03.20. 08:15:02

Valasz: SIKER

Valasz adatok
  posId: 02200814
  azonosito: primaw3053
  posValaszkod: 
  authorizaciosKod: 706743
  statuszKod: 
  teljesites: 2012.03.20 08.14.59 887
  nev: Szilágyi Katalin
  orszag: Magyar
  megye: Pest
  varos: Budapest
  iranyitoszam: 1183
  utcaHazszam: Kálti Márk u.11
  mailCim: kaltimark@freemail.hu
  kozlemeny: 
