Haromszereplos fizetesi tranzakcio

Inditas: 2012.02.26. 13:40:41

Indito adatok
  posId: 02200814
  azonosito: primaw2940
  osszeg: 13291
  devizanem: HUF
  nyelvkod: hu
  nevKell: true
  orszagKell: true
  megyeKell: true
  telepulesKell: true
  iranyitoszamKell: true
  utcaHazszamKell: true
  mailCimKell: true
  kozlemenyKell: true
  vevoVisszaigazolasKell: false
  ugyfelRegisztracioKell: 
  regisztraltUgyfelId: 
  shopMegjegyzes: Príma Wellness vásárlás: Príma korl. Aerobik Egésznap
  backURL: http://shop.primawellness.hu:80/fiz3.php?func=fiz3%3FfizetesValasz%3Dtrue&posId=02200814&tranzId=primaw2940&fizetesValasz=true&tranzakcioAzonosito=primaw2940
  ketlepcsosFizetes: 

Befejezes: 2012.02.26. 13:44:22

Valasz: SIKER

Valasz adatok
  posId: 02200814
  azonosito: primaw2940
  posValaszkod: 
  authorizaciosKod: 061860
  statuszKod: 
  teljesites: 2012.02.26 13.44.21 738
  nev: Franciszcy Mónika
  orszag: Magyar
  megye: Budapest
  varos: Budapest
  iranyitoszam: 1053
  utcaHazszam: Ferenciek tere 7-8
  mailCim: francimo@gmail.com
  kozlemeny: torna bérlet
