Haromszereplos fizetesi tranzakcio

Inditas: 2012.04.17. 06:41:58

Indito adatok
  posId: 02200814
  azonosito: primaw3189
  osszeg: 13291
  devizanem: HUF
  nyelvkod: hu
  nevKell: true
  orszagKell: true
  megyeKell: true
  telepulesKell: true
  iranyitoszamKell: true
  utcaHazszamKell: true
  mailCimKell: true
  kozlemenyKell: true
  vevoVisszaigazolasKell: false
  ugyfelRegisztracioKell: 
  regisztraltUgyfelId: 
  shopMegjegyzes: Príma Wellness vásárlás: Príma korl. Aerobik Egésznap
  backURL: http://web.primawellness.hu:80/shop/fiz3.php?func=fiz3%3FfizetesValasz%3Dtrue&posId=02200814&tranzId=primaw3189&fizetesValasz=true&tranzakcioAzonosito=primaw3189
  ketlepcsosFizetes: 

Befejezes: 2012.04.17. 06:45:44

Valasz: SIKER

Valasz adatok
  posId: 02200814
  azonosito: primaw3189
  posValaszkod: 
  authorizaciosKod: 214169
  statuszKod: 
  teljesites: 2012.04.17 06.45.43 179
  nev: Molnár Tamás
  orszag: Magyarország
  megye: Pest
  varos: Nagykáta
  iranyitoszam: 2760
  utcaHazszam: Kiss Ernõ 24
  mailCim: molni1982@gmail.com
  kozlemeny: Príma Wellness korl.bérlet
