Haromszereplos fizetesi tranzakcio

Inditas: 2012.04.14. 11:17:28

Indito adatok
  posId: 02200814
  azonosito: primaw3175
  osszeg: 11866
  devizanem: HUF
  nyelvkod: hu
  nevKell: true
  orszagKell: true
  megyeKell: true
  telepulesKell: true
  iranyitoszamKell: true
  utcaHazszamKell: true
  mailCimKell: true
  kozlemenyKell: true
  vevoVisszaigazolasKell: false
  ugyfelRegisztracioKell: 
  regisztraltUgyfelId: 
  shopMegjegyzes: Príma Wellness vásárlás: Squash 5 alkalmas Egésznapos
  backURL: http://web.primawellness.hu:80/shopfiz3.php?func=fiz3%3FfizetesValasz%3Dtrue&posId=02200814&tranzId=primaw3175&fizetesValasz=true&tranzakcioAzonosito=primaw3175
  ketlepcsosFizetes: 

Befejezes: 2012.04.14. 11:21:09

Valasz: SIKER

Valasz adatok
  posId: 02200814
  azonosito: primaw3175
  posValaszkod: 
  authorizaciosKod: 064500
  statuszKod: 
  teljesites: 2012.04.14 11.21.08 846
  nev: Verebélyi Zoltán
  orszag: Magyarország
  megye: Pest
  varos: Budapest
  iranyitoszam: 1092
  utcaHazszam: Knézits u. 12 2/1
  mailCim: gereblye@gmail.com
  kozlemeny: -
