Haromszereplos fizetesi tranzakcio

Inditas: 2012.03.21. 04:45:35

Indito adatok
  posId: 02200814
  azonosito: primaw3060
  osszeg: 7211
  devizanem: HUF
  nyelvkod: hu
  nevKell: true
  orszagKell: true
  megyeKell: true
  telepulesKell: true
  iranyitoszamKell: true
  utcaHazszamKell: true
  mailCimKell: true
  kozlemenyKell: true
  vevoVisszaigazolasKell: false
  ugyfelRegisztracioKell: 
  regisztraltUgyfelId: 
  shopMegjegyzes: Príma Wellness vásárlás: Aerobik 8 alkalmas DE 14-ig
  backURL: http://shop.primawellness.hu:80/fiz3.php?func=fiz3%3FfizetesValasz%3Dtrue&posId=02200814&tranzId=primaw3060&fizetesValasz=true&tranzakcioAzonosito=primaw3060
  ketlepcsosFizetes: 

Befejezes: 2012.03.21. 04:47:56

Valasz: SIKER

Valasz adatok
  posId: 02200814
  azonosito: primaw3060
  posValaszkod: 
  authorizaciosKod: 057324
  statuszKod: 
  teljesites: 2012.03.21 04.47.54 715
  nev: Kovalik MArianna
  orszag: Magyarország
  megye: Pest
  varos: Diósd
  iranyitoszam: 2049
  utcaHazszam: Rákóczi F. u. 21
  mailCim: kiscsillag00@gmail.com
  kozlemeny: Príma W. bérlet
