Haromszereplos fizetesi tranzakcio

Inditas: 2012.03.05. 14:21:40

Indito adatok
  posId: 02200814
  azonosito: primaw2971
  osszeg: 8826
  devizanem: HUF
  nyelvkod: hu
  nevKell: true
  orszagKell: true
  megyeKell: true
  telepulesKell: true
  iranyitoszamKell: true
  utcaHazszamKell: true
  mailCimKell: true
  kozlemenyKell: true
  vevoVisszaigazolasKell: false
  ugyfelRegisztracioKell: 
  regisztraltUgyfelId: 
  shopMegjegyzes: Príma Wellness vásárlás: Diák és Nyugd. Aerobik 12 alk. Egésznapos
  backURL: http://shop.primawellness.hu:80/fiz3.php?func=fiz3%3FfizetesValasz%3Dtrue&posId=02200814&tranzId=primaw2971&fizetesValasz=true&tranzakcioAzonosito=primaw2971
  ketlepcsosFizetes: 

Befejezes: 2012.03.05. 14:24:11

Valasz: SIKER

Valasz adatok
  posId: 02200814
  azonosito: primaw2971
  posValaszkod: 
  authorizaciosKod: 571225
  statuszKod: 
  teljesites: 2012.03.05 14.24.08 137
  nev: Kerékgyártó Zalán
  orszag: Magyarország
  megye: Budapest
  varos: Budapest
  iranyitoszam: 1183
  utcaHazszam: Csörötnek u. 2/b
  mailCim: kerekgyarto.zalan@gmail.com
  kozlemeny: bérlet vásárlás
