Haromszereplos fizetesi tranzakcio

Inditas: 2012.03.05. 14:18:04

Indito adatok
  posId: 02200814
  azonosito: primaw2970
  osszeg: 8826
  devizanem: HUF
  nyelvkod: hu
  nevKell: true
  orszagKell: true
  megyeKell: true
  telepulesKell: true
  iranyitoszamKell: true
  utcaHazszamKell: true
  mailCimKell: true
  kozlemenyKell: true
  vevoVisszaigazolasKell: false
  ugyfelRegisztracioKell: 
  regisztraltUgyfelId: 
  shopMegjegyzes: Príma Wellness vásárlás: Diák és Nyugd. Aerobik 12 alk. Egésznapos
  backURL: http://shop.primawellness.hu:80/fiz3.php?func=fiz3%3FfizetesValasz%3Dtrue&posId=02200814&tranzId=primaw2970&fizetesValasz=true&tranzakcioAzonosito=primaw2970
  ketlepcsosFizetes: 

Befejezes: 2012.03.05. 14:20:09

Valasz: SIKER

Valasz adatok
  posId: 02200814
  azonosito: primaw2970
  posValaszkod: 
  authorizaciosKod: 505501
  statuszKod: 
  teljesites: 2012.03.05 14.20.05 795
  nev: Kerékgyártó Marcell
  orszag: Magyarország
  megye: Budapest
  varos: Budapest
  iranyitoszam: 1183
  utcaHazszam: Csörötnek u. 2/b
  mailCim: kerekgyarto.marcell@gmail.com
  kozlemeny: bérlet vásárlás
