Haromszereplos fizetesi tranzakcio

Inditas: 2012.03.11. 09:24:11

Indito adatok
  posId: 02200814
  azonosito: primaw2995
  osszeg: 8161
  devizanem: HUF
  nyelvkod: hu
  nevKell: true
  orszagKell: true
  megyeKell: true
  telepulesKell: true
  iranyitoszamKell: true
  utcaHazszamKell: true
  mailCimKell: true
  kozlemenyKell: true
  vevoVisszaigazolasKell: false
  ugyfelRegisztracioKell: 
  regisztraltUgyfelId: 
  shopMegjegyzes: Príma Wellness vásárlás: Fitness 8 alkalmas Egésznap
  backURL: http://shop.primawellness.hu:80/fiz3.php?func=fiz3%3FfizetesValasz%3Dtrue&posId=02200814&tranzId=primaw2995&fizetesValasz=true&tranzakcioAzonosito=primaw2995
  ketlepcsosFizetes: 

Befejezes: 2012.03.11. 09:28:27

Valasz: SIKER

Valasz adatok
  posId: 02200814
  azonosito: primaw2995
  posValaszkod: 
  authorizaciosKod: 049357
  statuszKod: 
  teljesites: 2012.03.11 09.28.26 608
  nev: Gyõrfi Csaba
  orszag: Magyarország
  megye: Budapest
  varos: Budapest
  iranyitoszam: 1181
  utcaHazszam:  Csontváry u. 47.
  mailCim: csaba13@europe.com
  kozlemeny: 
