Haromszereplos fizetesi tranzakcio

Inditas: 2012.02.12. 09:36:10

Indito adatok
  posId: 02200814
  azonosito: primaw2813
  osszeg: 9776
  devizanem: HUF
  nyelvkod: hu
  nevKell: true
  orszagKell: true
  megyeKell: true
  telepulesKell: true
  iranyitoszamKell: true
  utcaHazszamKell: true
  mailCimKell: true
  kozlemenyKell: true
  vevoVisszaigazolasKell: false
  ugyfelRegisztracioKell: 
  regisztraltUgyfelId: 
  shopMegjegyzes: Príma Wellness vásárlás: Aerobic 12 alkalmas Egésznap + 6 SPA
  backURL: http://shop.primawellness.hu:80/fiz3.php?func=fiz3%3FfizetesValasz%3Dtrue&posId=02200814&tranzId=primaw2813&fizetesValasz=true&tranzakcioAzonosito=primaw2813
  ketlepcsosFizetes: 

Befejezes: 2012.02.12. 09:37:36

Valasz: SIKER

Valasz adatok
  posId: 02200814
  azonosito: primaw2813
  posValaszkod: 
  authorizaciosKod: 649417
  statuszKod: 
  teljesites: 2012.02.12 09.37.32 502
  nev: Szántó Adrienn
  orszag: Magyarország
  megye: Pest
  varos: Budapest
  iranyitoszam: 1108
  utcaHazszam: Tavas utca 2
  mailCim: adrienn.szanto@gmail.com
  kozlemeny: 
