Haromszereplos fizetesi tranzakcio

Inditas: 2012.02.24. 21:02:27

Indito adatok
  posId: 02200814
  azonosito: primaw2935
  osszeg: 12341
  devizanem: HUF
  nyelvkod: hu
  nevKell: true
  orszagKell: true
  megyeKell: true
  telepulesKell: true
  iranyitoszamKell: true
  utcaHazszamKell: true
  mailCimKell: true
  kozlemenyKell: true
  vevoVisszaigazolasKell: false
  ugyfelRegisztracioKell: 
  regisztraltUgyfelId: 
  shopMegjegyzes: Príma Wellness vásárlás: Aerobic-Spa 12 alkalmas Egésznap
  backURL: http://shop.primawellness.hu:80/fiz3.php?func=fiz3%3FfizetesValasz%3Dtrue&posId=02200814&tranzId=primaw2935&fizetesValasz=true&tranzakcioAzonosito=primaw2935
  ketlepcsosFizetes: 

Befejezes: 2012.02.24. 21:07:43

Valasz: SIKER

Valasz adatok
  posId: 02200814
  azonosito: primaw2935
  posValaszkod: 
  authorizaciosKod: 462794
  statuszKod: 
  teljesites: 2012.02.24 21.07.42 479
  nev: Petrányi Orsolya
  orszag: Magyarország
  megye: Pest
  varos: Üllõ
  iranyitoszam: 2225
  utcaHazszam: Pesti út 67.
  mailCim: petranyi.orsolya@gmail.com
  kozlemeny: 
