Haromszereplos fizetesi tranzakcio

Inditas: 2012.04.02. 14:28:37

Indito adatok
  posId: 02200814
  azonosito: primaw3142
  osszeg: 13291
  devizanem: HUF
  nyelvkod: hu
  nevKell: true
  orszagKell: true
  megyeKell: true
  telepulesKell: true
  iranyitoszamKell: true
  utcaHazszamKell: true
  mailCimKell: true
  kozlemenyKell: true
  vevoVisszaigazolasKell: false
  ugyfelRegisztracioKell: 
  regisztraltUgyfelId: 
  shopMegjegyzes: Príma Wellness vásárlás: Príma korl. Fitness egésznap 
  backURL: http://shop.primawellness.hu:80/fiz3.php?func=fiz3%3FfizetesValasz%3Dtrue&posId=02200814&tranzId=primaw3142&fizetesValasz=true&tranzakcioAzonosito=primaw3142
  ketlepcsosFizetes: 

Befejezes: 2012.04.02. 14:33:13

Valasz: SIKER

Valasz adatok
  posId: 02200814
  azonosito: primaw3142
  posValaszkod: 
  authorizaciosKod: 323014
  statuszKod: 
  teljesites: 2012.04.02 14.33.11 007
  nev: Dósáné Nagy Anikó
  orszag: Magyarország
  megye: Pest
  varos: Vecsés
  iranyitoszam: 2220
  utcaHazszam: Nagysándor József u. 19/A.
  mailCim: dode@gmail.hu
  kozlemeny: Fitness korlátlan bérlet/hó
