Haromszereplos fizetesi tranzakcio

Inditas: 2012.02.19. 16:32:55

Indito adatok
  posId: 02200814
  azonosito: primaw2851
  osszeg: 8161
  devizanem: HUF
  nyelvkod: hu
  nevKell: true
  orszagKell: true
  megyeKell: true
  telepulesKell: true
  iranyitoszamKell: true
  utcaHazszamKell: true
  mailCimKell: true
  kozlemenyKell: true
  vevoVisszaigazolasKell: false
  ugyfelRegisztracioKell: 
  regisztraltUgyfelId: 
  shopMegjegyzes: Príma Wellness vásárlás: Aerobic 8 alkalmas Egésznap + 4 SPA
  backURL: http://shop.primawellness.hu:80/fiz3.php?func=fiz3%3FfizetesValasz%3Dtrue&posId=02200814&tranzId=primaw2851&fizetesValasz=true&tranzakcioAzonosito=primaw2851
  ketlepcsosFizetes: 

Befejezes: 2012.02.19. 16:36:01

Valasz: SIKER

Valasz adatok
  posId: 02200814
  azonosito: primaw2851
  posValaszkod: 
  authorizaciosKod: 140423
  statuszKod: 
  teljesites: 2012.02.19 16.36.02 378
  nev: Erdélyi Árpád
  orszag: Magyarország
  megye: Budapest
  varos: Budapest
  iranyitoszam: 1193
  utcaHazszam: Csokonai u 18 10/39
  mailCim: erdelyi1.arpad@gmail.com
  kozlemeny: 
