Haromszereplos fizetesi tranzakcio

Inditas: 2012.04.19. 13:44:05

Indito adatok
  posId: 02200814
  azonosito: primaw3202
  osszeg: 9491
  devizanem: HUF
  nyelvkod: hu
  nevKell: true
  orszagKell: true
  megyeKell: true
  telepulesKell: true
  iranyitoszamKell: true
  utcaHazszamKell: true
  mailCimKell: true
  kozlemenyKell: true
  vevoVisszaigazolasKell: false
  ugyfelRegisztracioKell: 
  regisztraltUgyfelId: 
  shopMegjegyzes: Príma Wellness vásárlás: Squash 5 alkalmas 10-16h  II.zóna
  backURL: http://web.primawellness.hu:80/shop/fiz3.php?func=fiz3%3FfizetesValasz%3Dtrue&posId=02200814&tranzId=primaw3202&fizetesValasz=true&tranzakcioAzonosito=primaw3202
  ketlepcsosFizetes: 

Befejezes: 2012.04.19. 13:47:29

Valasz: SIKER

Valasz adatok
  posId: 02200814
  azonosito: primaw3202
  posValaszkod: 
  authorizaciosKod: 070845
  statuszKod: 
  teljesites: 2012.04.19 13.47.27 638
  nev: Agárdi Anikó
  orszag: Magyarország
  megye: Budapest
  varos: Budapest
  iranyitoszam: 1191
  utcaHazszam: Arany J. u.16
  mailCim: pacsirtaniko@gmail.com
  kozlemeny: 
