Haromszereplos fizetesi tranzakcio

Inditas: 2012.03.29. 19:21:02

Indito adatok
  posId: 02200814
  azonosito: primaw3116
  osszeg: 2841
  devizanem: HUF
  nyelvkod: hu
  nevKell: true
  orszagKell: true
  megyeKell: true
  telepulesKell: true
  iranyitoszamKell: true
  utcaHazszamKell: true
  mailCimKell: true
  kozlemenyKell: true
  vevoVisszaigazolasKell: false
  ugyfelRegisztracioKell: 
  regisztraltUgyfelId: 
  shopMegjegyzes: Príma Wellness vásárlás: Squash 1 alk. 16-21
  backURL: http://shop.primawellness.hu:80/fiz3.php?func=fiz3%3FfizetesValasz%3Dtrue&posId=02200814&tranzId=primaw3116&fizetesValasz=true&tranzakcioAzonosito=primaw3116
  ketlepcsosFizetes: 

Befejezes: 2012.03.29. 19:26:33

Valasz: SIKER

Valasz adatok
  posId: 02200814
  azonosito: primaw3116
  posValaszkod: 
  authorizaciosKod: 942110
  statuszKod: 
  teljesites: 2012.03.29 19.26.30 302
  nev: Kelemen Tamas
  orszag: Magyarorszag
  megye: Pest
  varos: Dunakeszi
  iranyitoszam: 2120
  utcaHazszam: Huszka Jeno utca 16
  mailCim: tmskelemen@gmail.com
  kozlemeny: 
