Haromszereplos fizetesi tranzakcio

Inditas: 2012.04.02. 11:14:59

Indito adatok
  posId: 02200814
  azonosito: primaw3141
  osszeg: 11391
  devizanem: HUF
  nyelvkod: hu
  nevKell: true
  orszagKell: true
  megyeKell: true
  telepulesKell: true
  iranyitoszamKell: true
  utcaHazszamKell: true
  mailCimKell: true
  kozlemenyKell: true
  vevoVisszaigazolasKell: false
  ugyfelRegisztracioKell: 
  regisztraltUgyfelId: 
  shopMegjegyzes: Príma Wellness vásárlás: Fittness-SPA 8 alkalmas Egésznap
  backURL: http://shop.primawellness.hu:80/fiz3.php?func=fiz3%3FfizetesValasz%3Dtrue&posId=02200814&tranzId=primaw3141&fizetesValasz=true&tranzakcioAzonosito=primaw3141
  ketlepcsosFizetes: 

Befejezes: 2012.04.02. 11:17:07

Valasz: SIKER

Valasz adatok
  posId: 02200814
  azonosito: primaw3141
  posValaszkod: 
  authorizaciosKod: 468443
  statuszKod: 
  teljesites: 2012.04.02 11.17.06 691
  nev: Szabó Ernõ
  orszag: Magyarország
  megye: Budapest
  varos: Budapest
  iranyitoszam: 1192
  utcaHazszam: Álmos u. 31/4.
  mailCim: ernoszabo@gmail.com
  kozlemeny: 
