Haromszereplos fizetesi tranzakcio

Inditas: 2012.02.15. 06:57:49

Indito adatok
  posId: 02200814
  azonosito: primaw2842
  osszeg: 8161
  devizanem: HUF
  nyelvkod: hu
  nevKell: true
  orszagKell: true
  megyeKell: true
  telepulesKell: true
  iranyitoszamKell: true
  utcaHazszamKell: true
  mailCimKell: true
  kozlemenyKell: true
  vevoVisszaigazolasKell: false
  ugyfelRegisztracioKell: 
  regisztraltUgyfelId: 
  shopMegjegyzes: Príma Wellness vásárlás: Aerobic 8 alkalmas Egésznap + 4 SPA
  backURL: http://shop.primawellness.hu:80/fiz3.php?func=fiz3%3FfizetesValasz%3Dtrue&posId=02200814&tranzId=primaw2842&fizetesValasz=true&tranzakcioAzonosito=primaw2842
  ketlepcsosFizetes: 

Befejezes: 2012.02.15. 07:00:36

Valasz: SIKER

Valasz adatok
  posId: 02200814
  azonosito: primaw2842
  posValaszkod: 
  authorizaciosKod: 071411
  statuszKod: 
  teljesites: 2012.02.15 07.00.32 764
  nev: Zörényi Dóra
  orszag: Magyarország
  megye: Pest
  varos: Budapest
  iranyitoszam: 1108
  utcaHazszam: Ujhegyi ut 4B 411.
  mailCim: zorenyidora@gmail.com
  kozlemeny: 8 alk aerobik berlet
