Haromszereplos fizetesi tranzakcio

Inditas: 2012.03.20. 21:30:43

Indito adatok
  posId: 02200814
  azonosito: primaw3059
  osszeg: 7211
  devizanem: HUF
  nyelvkod: hu
  nevKell: true
  orszagKell: true
  megyeKell: true
  telepulesKell: true
  iranyitoszamKell: true
  utcaHazszamKell: true
  mailCimKell: true
  kozlemenyKell: true
  vevoVisszaigazolasKell: false
  ugyfelRegisztracioKell: 
  regisztraltUgyfelId: 
  shopMegjegyzes: Príma Wellness vásárlás: Fitness 8 alkalmas DE 14h-ig
  backURL: http://shop.primawellness.hu:80/fiz3.php?func=fiz3%3FfizetesValasz%3Dtrue&posId=02200814&tranzId=primaw3059&fizetesValasz=true&tranzakcioAzonosito=primaw3059
  ketlepcsosFizetes: 

Befejezes: 2012.03.20. 21:33:39

Valasz: SIKER

Valasz adatok
  posId: 02200814
  azonosito: primaw3059
  posValaszkod: 
  authorizaciosKod: 056132
  statuszKod: 
  teljesites: 2012.03.20 21.33.39 463
  nev: Némedi Ferenc
  orszag: Magyar
  megye: Pest
  varos: Budaörs
  iranyitoszam: 2040
  utcaHazszam: Kolozsvári u. 40
  mailCim: f.nemedi@euroex.hu
  kozlemeny: prima bérlet
