Haromszereplos fizetesi tranzakcio

Inditas: 2012.03.01. 21:35:39

Indito adatok
  posId: 02200814
  azonosito: primaw2953
  osszeg: 8161
  devizanem: HUF
  nyelvkod: hu
  nevKell: true
  orszagKell: true
  megyeKell: true
  telepulesKell: true
  iranyitoszamKell: true
  utcaHazszamKell: true
  mailCimKell: true
  kozlemenyKell: true
  vevoVisszaigazolasKell: false
  ugyfelRegisztracioKell: 
  regisztraltUgyfelId: 
  shopMegjegyzes: Príma Wellness vásárlás: Aerobik 8 alkalmas Egésznapos
  backURL: http://shop.primawellness.hu:80/fiz3.php?func=fiz3%3FfizetesValasz%3Dtrue&posId=02200814&tranzId=primaw2953&fizetesValasz=true&tranzakcioAzonosito=primaw2953
  ketlepcsosFizetes: 

Befejezes: 2012.03.01. 21:38:30

Valasz: SIKER

Valasz adatok
  posId: 02200814
  azonosito: primaw2953
  posValaszkod: 
  authorizaciosKod: 987989
  statuszKod: 
  teljesites: 2012.03.01 21.38.26 741
  nev: Schmidt Zsófia
  orszag: Magyarország
  megye: Fejér
  varos: Adony
  iranyitoszam: 2457
  utcaHazszam: Fáy András u.24
  mailCim: napsugar06vgmail.com
  kozlemeny: aerobik bérlet
