Haromszereplos fizetesi tranzakcio

Inditas: 2012.02.24. 10:42:39

Indito adatok
  posId: 02200814
  azonosito: primaw2872
  osszeg: 8161
  devizanem: HUF
  nyelvkod: hu
  nevKell: true
  orszagKell: true
  megyeKell: true
  telepulesKell: true
  iranyitoszamKell: true
  utcaHazszamKell: true
  mailCimKell: true
  kozlemenyKell: true
  vevoVisszaigazolasKell: false
  ugyfelRegisztracioKell: 
  regisztraltUgyfelId: 
  shopMegjegyzes: Príma Wellness vásárlás: Aerobik 8 alkalmas Egésznapos
  backURL: http://shop.primawellness.hu:80/fiz3.php?func=fiz3%3FfizetesValasz%3Dtrue&posId=02200814&tranzId=primaw2872&fizetesValasz=true&tranzakcioAzonosito=primaw2872
  ketlepcsosFizetes: 

Befejezes: 2012.02.24. 10:46:26

Valasz: SIKER

Valasz adatok
  posId: 02200814
  azonosito: primaw2872
  posValaszkod: 
  authorizaciosKod: 056798
  statuszKod: 
  teljesites: 2012.02.24 10.46.25 626
  nev: Tóth János
  orszag: Magyarország
  megye: Pest
  varos: Budapest
  iranyitoszam: 1202
  utcaHazszam: Farkaslaka utca 31.
  mailCim: tothjanos71@gmail.com
  kozlemeny: Prima Wellness bérlet 
