Haromszereplos fizetesi tranzakcio

Inditas: 2012.01.28. 21:59:10

Indito adatok
  posId: 02200814
  azonosito: cbaf2714
  osszeg: 8590
  devizanem: HUF
  nyelvkod: hu
  nevKell: true
  orszagKell: true
  megyeKell: true
  telepulesKell: true
  iranyitoszamKell: true
  utcaHazszamKell: true
  mailCimKell: true
  kozlemenyKell: true
  vevoVisszaigazolasKell: false
  ugyfelRegisztracioKell: 
  regisztraltUgyfelId: 
  shopMegjegyzes: CBA Fitness vásárlás: Aerobic 8 alkalmas Egésznap + 4 SPA
  backURL: http://shop.primawellness.hu:80/fiz3.php?func=fiz3%3FfizetesValasz%3Dtrue&posId=02200814&tranzId=cbaf2714&fizetesValasz=true&tranzakcioAzonosito=cbaf2714
  ketlepcsosFizetes: 

Befejezes: 2012.01.28. 21:59:11

Valasz: LETEZOFIZETESITRANZAKCIO

Valasz adatok
  posId: 02200814
  azonosito: cbaf2714
  posValaszkod: 
  authorizaciosKod: 
  statuszKod: 
  teljesites: 
  nev: 
  orszag: 
  megye: 
  varos: 
  iranyitoszam: 
  utcaHazszam: 
  mailCim: 
  kozlemeny: 
