Haromszereplos fizetesi tranzakcio

Inditas: 2012.01.26. 16:30:03

Indito adatok
  posId: 02200814
  azonosito: cbaf2702
  osszeg: 
  devizanem: HUF
  nyelvkod: hu
  nevKell: true
  orszagKell: true
  megyeKell: true
  telepulesKell: true
  iranyitoszamKell: true
  utcaHazszamKell: true
  mailCimKell: true
  kozlemenyKell: true
  vevoVisszaigazolasKell: false
  ugyfelRegisztracioKell: 
  regisztraltUgyfelId: 
  shopMegjegyzes: CBA Fitness vásárlás: Príma korl. Aerobic egésznap + 8spa
  backURL: http://shop.primawellness.hu:80/fiz3.php?func=fiz3%3FfizetesValasz%3Dtrue&posId=02200814&tranzId=cbaf2702&fizetesValasz=true&tranzakcioAzonosito=cbaf2702
  ketlepcsosFizetes: 

Befejezes: 2012.01.26. 16:30:05

Valasz: HIANYZIKMENNYISEG

Valasz adatok
  posId: 02200814
  azonosito: cbaf2702
  posValaszkod: 
  authorizaciosKod: 
  statuszKod: 
  teljesites: 
  nev: 
  orszag: 
  megye: 
  varos: 
  iranyitoszam: 
  utcaHazszam: 
  mailCim: 
  kozlemeny: 
