Haromszereplos fizetesi tranzakcio

Inditas: 2012.02.01. 08:20:00

Indito adatok
  posId: 02200814
  azonosito: primaw2745
  osszeg: 5311
  devizanem: HUF
  nyelvkod: hu
  nevKell: true
  orszagKell: true
  megyeKell: true
  telepulesKell: true
  iranyitoszamKell: true
  utcaHazszamKell: true
  mailCimKell: true
  kozlemenyKell: true
  vevoVisszaigazolasKell: false
  ugyfelRegisztracioKell: 
  regisztraltUgyfelId: 
  shopMegjegyzes: Príma Wellness vásárlás: Aerobic-SPA 4 alkalmas Egésznapos
  backURL: http://shop.primawellness.hu:80/fiz3.php?func=fiz3%3FfizetesValasz%3Dtrue&posId=02200814&tranzId=primaw2745&fizetesValasz=true&tranzakcioAzonosito=primaw2745
  ketlepcsosFizetes: 

Befejezes: 2012.02.01. 08:28:03

Valasz: FIZETESTIMEOUT

Valasz adatok
  posId: 02200814
  azonosito: primaw2745
  posValaszkod: 
  authorizaciosKod: 
  statuszKod: 
  teljesites: 2012.02.01 08.28.03 000
  nev: 
  orszag: 
  megye: 
  varos: 
  iranyitoszam: 
  utcaHazszam: 
  mailCim: 
  kozlemeny: 
