Haromszereplos fizetesi tranzakcio

Inditas: 2012.01.30. 14:12:43

Indito adatok
  posId: 02200814
  azonosito: primaw2736
  osszeg: 13291
  devizanem: HUF
  nyelvkod: hu
  nevKell: true
  orszagKell: true
  megyeKell: true
  telepulesKell: true
  iranyitoszamKell: true
  utcaHazszamKell: true
  mailCimKell: true
  kozlemenyKell: true
  vevoVisszaigazolasKell: false
  ugyfelRegisztracioKell: 
  regisztraltUgyfelId: 
  shopMegjegyzes: Príma Wellness vásárlás: Príma korl. Aerobic egésznap + 8spa
  backURL: http://shop.primawellness.hu:80/fiz3.php?func=fiz3%3FfizetesValasz%3Dtrue&posId=02200814&tranzId=primaw2736&fizetesValasz=true&tranzakcioAzonosito=primaw2736
  ketlepcsosFizetes: 

Befejezes: 2012.01.30. 14:13:19

Valasz: VISSZAUTASITOTTFIZETES

Valasz adatok
  posId: 02200814
  azonosito: primaw2736
  posValaszkod: 
  authorizaciosKod: 
  statuszKod: 
  teljesites: 2012.01.30 14.13.20 146
  nev: 
  orszag: 
  megye: 
  varos: 
  iranyitoszam: 
  utcaHazszam: 
  mailCim: 
  kozlemeny: 
