Haromszereplos fizetesi tranzakcio

Inditas: 2012.02.03. 12:56:36

Indito adatok
  posId: 02200814
  azonosito: primaw2774
  osszeg: 7496
  devizanem: HUF
  nyelvkod: hu
  nevKell: true
  orszagKell: true
  megyeKell: true
  telepulesKell: true
  iranyitoszamKell: true
  utcaHazszamKell: true
  mailCimKell: true
  kozlemenyKell: true
  vevoVisszaigazolasKell: false
  ugyfelRegisztracioKell: 
  regisztraltUgyfelId: 
  shopMegjegyzes: Príma Wellness vásárlás: Diák és Nyugd. Aerobik 8 alk Egésznapos+4 SPA
  backURL: http://shop.primawellness.hu:80/fiz3.php?func=fiz3%3FfizetesValasz%3Dtrue&posId=02200814&tranzId=primaw2774&fizetesValasz=true&tranzakcioAzonosito=primaw2774
  ketlepcsosFizetes: 

Befejezes: 2012.02.03. 12:58:29

Valasz: 055

Valasz adatok
  posId: 02200814
  azonosito: primaw2774
  posValaszkod: 
  authorizaciosKod: 
  statuszKod: 
  teljesites: 2012.02.03 12.58.28 049
  nev: 
  orszag: 
  megye: 
  varos: 
  iranyitoszam: 
  utcaHazszam: 
  mailCim: 
  kozlemeny: 
