Haromszereplos fizetesi tranzakcio

Inditas: 2012.01.18. 15:26:09

Indito adatok
  posId: 02200814
  azonosito: cbaf2649
  osszeg: 51000
  devizanem: HUF
  nyelvkod: hu
  nevKell: true
  orszagKell: true
  megyeKell: true
  telepulesKell: true
  iranyitoszamKell: true
  utcaHazszamKell: true
  mailCimKell: true
  kozlemenyKell: true
  vevoVisszaigazolasKell: false
  ugyfelRegisztracioKell: 
  regisztraltUgyfelId: 
  shopMegjegyzes: CBA Fitness vásárlás: Klubtagsági 3 hónap
  backURL: http://shop.primawellness.hu:80/fiz3.php?func=fiz3%3FfizetesValasz%3Dtrue&posId=02200814&tranzId=cbaf2649&fizetesValasz=true&tranzakcioAzonosito=cbaf2649
  ketlepcsosFizetes: 

Befejezes: 2012.01.18. 15:34:12

Valasz: FIZETESTIMEOUT

Valasz adatok
  posId: 02200814
  azonosito: cbaf2649
  posValaszkod: 
  authorizaciosKod: 
  statuszKod: 
  teljesites: 2012.01.18 15.34.13 000
  nev: 
  orszag: 
  megye: 
  varos: 
  iranyitoszam: 
  utcaHazszam: 
  mailCim: 
  kozlemeny: 
