Haromszereplos fizetesi tranzakcio

Inditas: 2012.02.02. 16:47:14

Indito adatok
  posId: 02200814
  azonosito: primaw2767
  osszeg: 12341
  devizanem: HUF
  nyelvkod: hu
  nevKell: true
  orszagKell: true
  megyeKell: true
  telepulesKell: true
  iranyitoszamKell: true
  utcaHazszamKell: true
  mailCimKell: true
  kozlemenyKell: true
  vevoVisszaigazolasKell: false
  ugyfelRegisztracioKell: 
  regisztraltUgyfelId: 
  shopMegjegyzes: Príma Wellness vásárlás: Fittness-SPA 12 alkalmas Egésznap
  backURL: http://shop.primawellness.hu:80/fiz3.php?func=fiz3%3FfizetesValasz%3Dtrue&posId=02200814&tranzId=primaw2767&fizetesValasz=true&tranzakcioAzonosito=primaw2767
  ketlepcsosFizetes: 

Befejezes: 2012.02.02. 16:55:18

Valasz: FIZETESTIMEOUT

Valasz adatok
  posId: 02200814
  azonosito: primaw2767
  posValaszkod: 
  authorizaciosKod: 
  statuszKod: 
  teljesites: 2012.02.02 16.55.19 000
  nev: 
  orszag: 
  megye: 
  varos: 
  iranyitoszam: 
  utcaHazszam: 
  mailCim: 
  kozlemeny: 
