Haromszereplos fizetesi tranzakcio

Inditas: 2012.02.01. 16:54:15

Indito adatok
  posId: 02200814
  azonosito: primaw2752
  osszeg: 12151
  devizanem: HUF
  nyelvkod: hu
  nevKell: true
  orszagKell: true
  megyeKell: true
  telepulesKell: true
  iranyitoszamKell: true
  utcaHazszamKell: true
  mailCimKell: true
  kozlemenyKell: true
  vevoVisszaigazolasKell: false
  ugyfelRegisztracioKell: 
  regisztraltUgyfelId: 
  shopMegjegyzes: Príma Wellness vásárlás: Diák és Nyugd. Aerobik korl. egésznap + 8 spa
  backURL: http://shop.primawellness.hu:80/fiz3.php?func=fiz3%3FfizetesValasz%3Dtrue&posId=02200814&tranzId=primaw2752&fizetesValasz=true&tranzakcioAzonosito=primaw2752
  ketlepcsosFizetes: 

Befejezes: 2012.02.01. 17:02:23

Valasz: FIZETESTIMEOUT

Valasz adatok
  posId: 02200814
  azonosito: primaw2752
  posValaszkod: 
  authorizaciosKod: 
  statuszKod: 
  teljesites: 2012.02.01 17.02.24 000
  nev: 
  orszag: 
  megye: 
  varos: 
  iranyitoszam: 
  utcaHazszam: 
  mailCim: 
  kozlemeny: 
