Haromszereplos fizetesi tranzakcio

Inditas: 2012.01.30. 13:28:02

Indito adatok
  posId: 02200814
  azonosito: cbaf2732
  osszeg: 9491
  devizanem: HUF
  nyelvkod: hu
  nevKell: true
  orszagKell: true
  megyeKell: true
  telepulesKell: true
  iranyitoszamKell: true
  utcaHazszamKell: true
  mailCimKell: true
  kozlemenyKell: true
  vevoVisszaigazolasKell: false
  ugyfelRegisztracioKell: 
  regisztraltUgyfelId: 
  shopMegjegyzes: Príma Wellness vásárlás: Diák és Nyugd. Fit-Spa 8 alk. egésznap
  backURL: http://shop.primawellness.hu:80/fiz3.php?func=fiz3%3FfizetesValasz%3Dtrue&posId=02200814&tranzId=cbaf2732&fizetesValasz=true&tranzakcioAzonosito=cbaf2732
  ketlepcsosFizetes: 

Befejezes: 2012.01.30. 13:36:05

Valasz: FIZETESTIMEOUT

Valasz adatok
  posId: 02200814
  azonosito: cbaf2732
  posValaszkod: 
  authorizaciosKod: 
  statuszKod: 
  teljesites: 2012.01.30 13.36.05 000
  nev: 
  orszag: 
  megye: 
  varos: 
  iranyitoszam: 
  utcaHazszam: 
  mailCim: 
  kozlemeny: 
