Haromszereplos fizetesi tranzakcio

Inditas: 2012.01.26. 20:19:04

Indito adatok
  posId: 02200814
  azonosito: cbaf2703
  osszeg: 
  devizanem: HUF
  nyelvkod: hu
  nevKell: true
  orszagKell: true
  megyeKell: true
  telepulesKell: true
  iranyitoszamKell: true
  utcaHazszamKell: true
  mailCimKell: true
  kozlemenyKell: true
  vevoVisszaigazolasKell: false
  ugyfelRegisztracioKell: 
  regisztraltUgyfelId: 
  shopMegjegyzes: CBA Fitness vásárlás: Aerobic 4 alkalmas DE 14h-ig + 2 SPA
  backURL: http://shop.primawellness.hu:80/fiz3.php?func=fiz3%3FfizetesValasz%3Dtrue&posId=02200814&tranzId=cbaf2703&fizetesValasz=true&tranzakcioAzonosito=cbaf2703
  ketlepcsosFizetes: 

Befejezes: 2012.01.26. 20:19:04

Valasz: HIANYZIKMENNYISEG

Valasz adatok
  posId: 02200814
  azonosito: cbaf2703
  posValaszkod: 
  authorizaciosKod: 
  statuszKod: 
  teljesites: 
  nev: 
  orszag: 
  megye: 
  varos: 
  iranyitoszam: 
  utcaHazszam: 
  mailCim: 
  kozlemeny: 
