Haromszereplos fizetesi tranzakcio

Inditas: 2012.01.14. 19:55:34

Indito adatok
  posId: 02200814
  azonosito: cbaf2599
  osszeg: 10915
  devizanem: HUF
  nyelvkod: hu
  nevKell: true
  orszagKell: true
  megyeKell: true
  telepulesKell: true
  iranyitoszamKell: true
  utcaHazszamKell: true
  mailCimKell: true
  kozlemenyKell: true
  vevoVisszaigazolasKell: false
  ugyfelRegisztracioKell: 
  regisztraltUgyfelId: 
  shopMegjegyzes: CBA Fitness vásárlás: Squash 5 alkalmas 06-10h  I.zóna
  backURL: http://shop.primawellness.hu:80/fiz3.php?func=fiz3%3FfizetesValasz%3Dtrue&posId=02200814&tranzId=cbaf2599&fizetesValasz=true&tranzakcioAzonosito=cbaf2599
  ketlepcsosFizetes: 

Befejezes: 2012.01.14. 19:55:34

Valasz: WEBSHOPIPNEMENGEDELYEZETT

Valasz adatok
  posId: 02200814
  azonosito: cbaf2599
  posValaszkod: 
  authorizaciosKod: 
  statuszKod: 
  teljesites: 
  nev: 
  orszag: 
  megye: 
  varos: 
  iranyitoszam: 
  utcaHazszam: 
  mailCim: 
  kozlemeny: 
