Haromszereplos fizetesi tranzakcio

Inditas: 2012.02.02. 15:41:50

Indito adatok
  posId: 02200814
  azonosito: primaw2759
  osszeg: 13291
  devizanem: HUF
  nyelvkod: hu
  nevKell: true
  orszagKell: true
  megyeKell: true
  telepulesKell: true
  iranyitoszamKell: true
  utcaHazszamKell: true
  mailCimKell: true
  kozlemenyKell: true
  vevoVisszaigazolasKell: false
  ugyfelRegisztracioKell: 
  regisztraltUgyfelId: 
  shopMegjegyzes: Príma Wellness vásárlás: Príma korl. Aerobic egésznap + 8spa
  backURL: http://shop.primawellness.hu:80/fiz3.php?func=fiz3%3FfizetesValasz%3Dtrue&posId=02200814&tranzId=primaw2759&fizetesValasz=true&tranzakcioAzonosito=primaw2759
  ketlepcsosFizetes: 

Befejezes: 2012.02.02. 15:49:53

Valasz: FIZETESTIMEOUT

Valasz adatok
  posId: 02200814
  azonosito: primaw2759
  posValaszkod: 
  authorizaciosKod: 
  statuszKod: 
  teljesites: 2012.02.02 15.49.54 000
  nev: 
  orszag: 
  megye: 
  varos: 
  iranyitoszam: 
  utcaHazszam: 
  mailCim: 
  kozlemeny: 
