Haromszereplos fizetesi tranzakcio

Inditas: 2012.01.18. 15:37:19

Indito adatok
  posId: 02200814
  azonosito: cbaf2657
  osszeg: 59375
  devizanem: HUF
  nyelvkod: hu
  nevKell: true
  orszagKell: true
  megyeKell: true
  telepulesKell: true
  iranyitoszamKell: true
  utcaHazszamKell: true
  mailCimKell: true
  kozlemenyKell: true
  vevoVisszaigazolasKell: false
  ugyfelRegisztracioKell: 
  regisztraltUgyfelId: 
  shopMegjegyzes: CBA Fitness vásárlás: Squash 25 alkalmas 06-21h 
  backURL: http://shop.primawellness.hu:80/fiz3.php?func=fiz3%3FfizetesValasz%3Dtrue&posId=02200814&tranzId=cbaf2657&fizetesValasz=true&tranzakcioAzonosito=cbaf2657
  ketlepcsosFizetes: 

Befejezes: 2012.01.18. 15:45:22

Valasz: FIZETESTIMEOUT

Valasz adatok
  posId: 02200814
  azonosito: cbaf2657
  posValaszkod: 
  authorizaciosKod: 
  statuszKod: 
  teljesites: 2012.01.18 15.45.22 000
  nev: 
  orszag: 
  megye: 
  varos: 
  iranyitoszam: 
  utcaHazszam: 
  mailCim: 
  kozlemeny: 
