Haromszereplos fizetesi tranzakcio

Inditas: 2012.01.29. 07:17:49

Indito adatok
  posId: 02200814
  azonosito: cbaf2716
  osszeg: 13291
  devizanem: HUF
  nyelvkod: hu
  nevKell: true
  orszagKell: true
  megyeKell: true
  telepulesKell: true
  iranyitoszamKell: true
  utcaHazszamKell: true
  mailCimKell: true
  kozlemenyKell: true
  vevoVisszaigazolasKell: false
  ugyfelRegisztracioKell: 
  regisztraltUgyfelId: 
  shopMegjegyzes: CBA Fitness vásárlás: Príma korl. Aerobic egésznap + 8spa
  backURL: http://shop.primawellness.hu:80/fiz3.php?func=fiz3%3FfizetesValasz%3Dtrue&posId=02200814&tranzId=cbaf2716&fizetesValasz=true&tranzakcioAzonosito=cbaf2716
  ketlepcsosFizetes: 

Befejezes: 2012.01.29. 07:17:54

Valasz: LETEZOFIZETESITRANZAKCIO

Valasz adatok
  posId: 02200814
  azonosito: cbaf2716
  posValaszkod: 
  authorizaciosKod: 
  statuszKod: 
  teljesites: 
  nev: 
  orszag: 
  megye: 
  varos: 
  iranyitoszam: 
  utcaHazszam: 
  mailCim: 
  kozlemeny: 
