Haromszereplos fizetesi tranzakcio

Inditas: 2012.02.05. 17:51:25

Indito adatok
  posId: 02200814
  azonosito: primaw2786
  osszeg: 7211
  devizanem: HUF
  nyelvkod: hu
  nevKell: true
  orszagKell: true
  megyeKell: true
  telepulesKell: true
  iranyitoszamKell: true
  utcaHazszamKell: true
  mailCimKell: true
  kozlemenyKell: true
  vevoVisszaigazolasKell: false
  ugyfelRegisztracioKell: 
  regisztraltUgyfelId: 
  shopMegjegyzes: Príma Wellness vásárlás: Fitness 8 alkalmas DE 14h-ig
  backURL: http://shop.primawellness.hu:80/fiz3.php?func=fiz3%3FfizetesValasz%3Dtrue&posId=02200814&tranzId=primaw2786&fizetesValasz=true&tranzakcioAzonosito=primaw2786
  ketlepcsosFizetes: 

Befejezes: 2012.02.05. 17:59:28

Valasz: FIZETESTIMEOUT

Valasz adatok
  posId: 02200814
  azonosito: primaw2786
  posValaszkod: 
  authorizaciosKod: 
  statuszKod: 
  teljesites: 2012.02.05 17.59.29 000
  nev: 
  orszag: 
  megye: 
  varos: 
  iranyitoszam: 
  utcaHazszam: 
  mailCim: 
  kozlemeny: 
