Haromszereplos fizetesi tranzakcio

Inditas: 2012.01.18. 15:23:11

Indito adatok
  posId: 02200814
  azonosito: cbaf2648
  osszeg: 9490
  devizanem: HUF
  nyelvkod: hu
  nevKell: true
  orszagKell: true
  megyeKell: true
  telepulesKell: true
  iranyitoszamKell: true
  utcaHazszamKell: true
  mailCimKell: true
  kozlemenyKell: true
  vevoVisszaigazolasKell: false
  ugyfelRegisztracioKell: 
  regisztraltUgyfelId: 
  shopMegjegyzes: CBA Fitness vásárlás: Squash 5 alkalmas 10-16h  II.zóna
  backURL: http://shop.primawellness.hu:80/fiz3.php?func=fiz3%3FfizetesValasz%3Dtrue&posId=02200814&tranzId=cbaf2648&fizetesValasz=true&tranzakcioAzonosito=cbaf2648
  ketlepcsosFizetes: 

Befejezes: 2012.01.18. 15:31:16

Valasz: FIZETESTIMEOUT

Valasz adatok
  posId: 02200814
  azonosito: cbaf2648
  posValaszkod: 
  authorizaciosKod: 
  statuszKod: 
  teljesites: 2012.01.18 15.31.17 000
  nev: 
  orszag: 
  megye: 
  varos: 
  iranyitoszam: 
  utcaHazszam: 
  mailCim: 
  kozlemeny: 
