Haromszereplos fizetesi tranzakcio

Inditas: 2012.01.17. 14:10:56

Indito adatok
  posId: 02200814
  azonosito: cbaf2606
  osszeg: 6640
  devizanem: HUF
  nyelvkod: hu
  nevKell: true
  orszagKell: true
  megyeKell: true
  telepulesKell: true
  iranyitoszamKell: true
  utcaHazszamKell: true
  mailCimKell: true
  kozlemenyKell: true
  vevoVisszaigazolasKell: false
  ugyfelRegisztracioKell: 
  regisztraltUgyfelId: 
  shopMegjegyzes: CBA Fitness vásárlás: Aquafitness bérlet 8alk. egésznapos
  backURL: http://shop.primawellness.hu:80/fiz3.php?func=fiz3%3FfizetesValasz%3Dtrue&posId=02200814&tranzId=cbaf2606&fizetesValasz=true&tranzakcioAzonosito=cbaf2606
  ketlepcsosFizetes: 

Befejezes: 2012.01.17. 14:10:56

Valasz: WEBSHOPIPNEMENGEDELYEZETT

Valasz adatok
  posId: 02200814
  azonosito: cbaf2606
  posValaszkod: 
  authorizaciosKod: 
  statuszKod: 
  teljesites: 
  nev: 
  orszag: 
  megye: 
  varos: 
  iranyitoszam: 
  utcaHazszam: 
  mailCim: 
  kozlemeny: 
