Haromszereplos fizetesi tranzakcio

Inditas: 2012.01.19. 10:36:52

Indito adatok
  posId: 02200814
  azonosito: cbaf2679
  osszeg: 10915
  devizanem: HUF
  nyelvkod: hu
  nevKell: true
  orszagKell: true
  megyeKell: true
  telepulesKell: true
  iranyitoszamKell: true
  utcaHazszamKell: true
  mailCimKell: true
  kozlemenyKell: true
  vevoVisszaigazolasKell: false
  ugyfelRegisztracioKell: 
  regisztraltUgyfelId: 
  shopMegjegyzes: CBA Fitness vásárlás: Squash 5 alkalmas 06-10h  I.zóna
  backURL: http://shop.primawellness.hu:80/fiz3.php?func=fiz3%3FfizetesValasz%3Dtrue&posId=02200814&tranzId=cbaf2679&fizetesValasz=true&tranzakcioAzonosito=cbaf2679
  ketlepcsosFizetes: 

Befejezes: 2012.01.19. 10:45:10

Valasz: FIZETESTIMEOUT

Valasz adatok
  posId: 02200814
  azonosito: cbaf2679
  posValaszkod: 
  authorizaciosKod: 
  statuszKod: 
  teljesites: 2012.01.19 10.45.12 000
  nev: 
  orszag: 
  megye: 
  varos: 
  iranyitoszam: 
  utcaHazszam: 
  mailCim: 
  kozlemeny: 
