Haromszereplos fizetesi tranzakcio

Inditas: 2012.01.30. 14:14:31

Indito adatok
  posId: 02200814
  azonosito: primaw2738
  osszeg: 13291
  devizanem: HUF
  nyelvkod: hu
  nevKell: true
  orszagKell: true
  megyeKell: true
  telepulesKell: true
  iranyitoszamKell: true
  utcaHazszamKell: true
  mailCimKell: true
  kozlemenyKell: true
  vevoVisszaigazolasKell: false
  ugyfelRegisztracioKell: 
  regisztraltUgyfelId: 
  shopMegjegyzes: Príma Wellness vásárlás: Príma korl. Fitness egésznap 
  backURL: http://shop.primawellness.hu:80/fiz3.php?func=fiz3%3FfizetesValasz%3Dtrue&posId=02200814&tranzId=primaw2738&fizetesValasz=true&tranzakcioAzonosito=primaw2738
  ketlepcsosFizetes: 

Befejezes: 2012.01.30. 14:22:34

Valasz: FIZETESTIMEOUT

Valasz adatok
  posId: 02200814
  azonosito: primaw2738
  posValaszkod: 
  authorizaciosKod: 
  statuszKod: 
  teljesites: 2012.01.30 14.22.34 000
  nev: 
  orszag: 
  megye: 
  varos: 
  iranyitoszam: 
  utcaHazszam: 
  mailCim: 
  kozlemeny: 
