Haromszereplos fizetesi tranzakcio

Inditas: 2012.03.16. 15:37:11

Indito adatok
  posId: 02200814
  azonosito: primaw3014
  osszeg: 9776
  devizanem: HUF
  nyelvkod: hu
  nevKell: true
  orszagKell: true
  megyeKell: true
  telepulesKell: true
  iranyitoszamKell: true
  utcaHazszamKell: true
  mailCimKell: true
  kozlemenyKell: true
  vevoVisszaigazolasKell: false
  ugyfelRegisztracioKell: 
  regisztraltUgyfelId: 
  shopMegjegyzes: Príma Wellness vásárlás: Aerobik 12 alkalmas Egésznapos
  backURL: http://shop.primawellness.hu:80/fiz3.php?func=fiz3%3FfizetesValasz%3Dtrue&posId=02200814&tranzId=primaw3014&fizetesValasz=true&tranzakcioAzonosito=primaw3014
  ketlepcsosFizetes: 

Befejezes: 2012.03.16. 15:45:12

Valasz: FIZETESTIMEOUT

Valasz adatok
  posId: 02200814
  azonosito: primaw3014
  posValaszkod: 
  authorizaciosKod: 
  statuszKod: 
  teljesites: 2012.03.16 15.45.13 000
  nev: 
  orszag: 
  megye: 
  varos: 
  iranyitoszam: 
  utcaHazszam: 
  mailCim: 
  kozlemeny: 
