Haromszereplos fizetesi tranzakcio

Inditas: 2012.02.24. 10:39:34

Indito adatok
  posId: 02200814
  azonosito: primaw2871
  osszeg: 8161
  devizanem: HUF
  nyelvkod: hu
  nevKell: true
  orszagKell: true
  megyeKell: true
  telepulesKell: true
  iranyitoszamKell: true
  utcaHazszamKell: true
  mailCimKell: true
  kozlemenyKell: true
  vevoVisszaigazolasKell: false
  ugyfelRegisztracioKell: 
  regisztraltUgyfelId: 
  shopMegjegyzes: Príma Wellness vásárlás: Fitness 8 alkalmas Egésznap
  backURL: http://shop.primawellness.hu:80/fiz3.php?func=fiz3%3FfizetesValasz%3Dtrue&posId=02200814&tranzId=primaw2871&fizetesValasz=true&tranzakcioAzonosito=primaw2871
  ketlepcsosFizetes: 

Befejezes: 2012.02.24. 10:47:48

Valasz: FIZETESTIMEOUT

Valasz adatok
  posId: 02200814
  azonosito: primaw2871
  posValaszkod: 
  authorizaciosKod: 
  statuszKod: 
  teljesites: 2012.02.24 10.47.49 000
  nev: 
  orszag: 
  megye: 
  varos: 
  iranyitoszam: 
  utcaHazszam: 
  mailCim: 
  kozlemeny: 
