Haromszereplos fizetesi tranzakcio

Inditas: 2012.03.06. 12:11:09

Indito adatok
  posId: 02200814
  azonosito: primaw2974
  osszeg: 8161
  devizanem: HUF
  nyelvkod: hu
  nevKell: true
  orszagKell: true
  megyeKell: true
  telepulesKell: true
  iranyitoszamKell: true
  utcaHazszamKell: true
  mailCimKell: true
  kozlemenyKell: true
  vevoVisszaigazolasKell: false
  ugyfelRegisztracioKell: 
  regisztraltUgyfelId: 
  shopMegjegyzes: Príma Wellness vásárlás: Aerobik 8 alkalmas Egésznapos
  backURL: http://shop.primawellness.hu:80/fiz3.php?func=fiz3%3FfizetesValasz%3Dtrue&posId=02200814&tranzId=primaw2974&fizetesValasz=true&tranzakcioAzonosito=primaw2974
  ketlepcsosFizetes: 

Befejezes: 2012.03.06. 12:19:10

Valasz: FIZETESTIMEOUT

Valasz adatok
  posId: 02200814
  azonosito: primaw2974
  posValaszkod: 
  authorizaciosKod: 
  statuszKod: 
  teljesites: 2012.03.06 12.19.11 000
  nev: 
  orszag: 
  megye: 
  varos: 
  iranyitoszam: 
  utcaHazszam: 
  mailCim: 
  kozlemeny: 
