Haromszereplos fizetesi tranzakcio

Inditas: 2012.03.15. 19:32:51

Indito adatok
  posId: 02200814
  azonosito: primaw3006
  osszeg: 8161
  devizanem: HUF
  nyelvkod: hu
  nevKell: true
  orszagKell: true
  megyeKell: true
  telepulesKell: true
  iranyitoszamKell: true
  utcaHazszamKell: true
  mailCimKell: true
  kozlemenyKell: true
  vevoVisszaigazolasKell: false
  ugyfelRegisztracioKell: 
  regisztraltUgyfelId: 
  shopMegjegyzes: Príma Wellness vásárlás: Fitness 8 alkalmas Egésznap
  backURL: http://shop.primawellness.hu:80/fiz3.php?func=fiz3%3FfizetesValasz%3Dtrue&posId=02200814&tranzId=primaw3006&fizetesValasz=true&tranzakcioAzonosito=primaw3006
  ketlepcsosFizetes: 

Befejezes: 2012.03.15. 19:40:52

Valasz: FIZETESTIMEOUT

Valasz adatok
  posId: 02200814
  azonosito: primaw3006
  posValaszkod: 
  authorizaciosKod: 
  statuszKod: 
  teljesites: 2012.03.15 19.40.52 000
  nev: 
  orszag: 
  megye: 
  varos: 
  iranyitoszam: 
  utcaHazszam: 
  mailCim: 
  kozlemeny: 
