Haromszereplos fizetesi tranzakcio

Inditas: 2012.03.10. 09:27:38

Indito adatok
  posId: 02200814
  azonosito: primaw2993
  osszeg: 2366
  devizanem: HUF
  nyelvkod: hu
  nevKell: true
  orszagKell: true
  megyeKell: true
  telepulesKell: true
  iranyitoszamKell: true
  utcaHazszamKell: true
  mailCimKell: true
  kozlemenyKell: true
  vevoVisszaigazolasKell: false
  ugyfelRegisztracioKell: 
  regisztraltUgyfelId: 
  shopMegjegyzes: Príma Wellness vásárlás: Squash 1 alk. 10-16
  backURL: http://shop.primawellness.hu:80/fiz3.php?func=fiz3%3FfizetesValasz%3Dtrue&posId=02200814&tranzId=primaw2993&fizetesValasz=true&tranzakcioAzonosito=primaw2993
  ketlepcsosFizetes: 

Befejezes: 2012.03.10. 09:35:39

Valasz: FIZETESTIMEOUT

Valasz adatok
  posId: 02200814
  azonosito: primaw2993
  posValaszkod: 
  authorizaciosKod: 
  statuszKod: 
  teljesites: 2012.03.10 09.35.40 000
  nev: 
  orszag: 
  megye: 
  varos: 
  iranyitoszam: 
  utcaHazszam: 
  mailCim: 
  kozlemeny: 
