Haromszereplos fizetesi tranzakcio

Inditas: 2012.03.11. 10:51:21

Indito adatok
  posId: 02200814
  azonosito: primaw2997
  osszeg: 5121
  devizanem: HUF
  nyelvkod: hu
  nevKell: true
  orszagKell: true
  megyeKell: true
  telepulesKell: true
  iranyitoszamKell: true
  utcaHazszamKell: true
  mailCimKell: true
  kozlemenyKell: true
  vevoVisszaigazolasKell: false
  ugyfelRegisztracioKell: 
  regisztraltUgyfelId: 
  shopMegjegyzes: Príma Wellness vásárlás: Fitness 4 alkalmas Egésznapos
  backURL: http://shop.primawellness.hu:80/fiz3.php?func=fiz3%3FfizetesValasz%3Dtrue&posId=02200814&tranzId=primaw2997&fizetesValasz=true&tranzakcioAzonosito=primaw2997
  ketlepcsosFizetes: 

Befejezes: 2012.03.11. 10:59:27

Valasz: FIZETESTIMEOUT

Valasz adatok
  posId: 02200814
  azonosito: primaw2997
  posValaszkod: 
  authorizaciosKod: 
  statuszKod: 
  teljesites: 2012.03.11 10.59.27 000
  nev: 
  orszag: 
  megye: 
  varos: 
  iranyitoszam: 
  utcaHazszam: 
  mailCim: 
  kozlemeny: 
