Haromszereplos fizetesi tranzakcio

Inditas: 2012.03.10. 20:55:31

Indito adatok
  posId: 02200814
  azonosito: primaw2994
  osszeg: 1701
  devizanem: HUF
  nyelvkod: hu
  nevKell: true
  orszagKell: true
  megyeKell: true
  telepulesKell: true
  iranyitoszamKell: true
  utcaHazszamKell: true
  mailCimKell: true
  kozlemenyKell: true
  vevoVisszaigazolasKell: false
  ugyfelRegisztracioKell: 
  regisztraltUgyfelId: 
  shopMegjegyzes: Príma Wellness vásárlás: Fittness-SPA 1 alkalmas jegy Egésznap
  backURL: http://shop.primawellness.hu:80/fiz3.php?func=fiz3%3FfizetesValasz%3Dtrue&posId=02200814&tranzId=primaw2994&fizetesValasz=true&tranzakcioAzonosito=primaw2994
  ketlepcsosFizetes: 

Befejezes: 2012.03.10. 21:03:32

Valasz: FIZETESTIMEOUT

Valasz adatok
  posId: 02200814
  azonosito: primaw2994
  posValaszkod: 
  authorizaciosKod: 
  statuszKod: 
  teljesites: 2012.03.10 21.03.33 000
  nev: 
  orszag: 
  megye: 
  varos: 
  iranyitoszam: 
  utcaHazszam: 
  mailCim: 
  kozlemeny: 
