Haromszereplos fizetesi tranzakcio

Inditas: 2012.02.23. 17:08:15

Indito adatok
  posId: 02200814
  azonosito: primaw2866
  osszeg: 20891
  devizanem: HUF
  nyelvkod: hu
  nevKell: true
  orszagKell: true
  megyeKell: true
  telepulesKell: true
  iranyitoszamKell: true
  utcaHazszamKell: true
  mailCimKell: true
  kozlemenyKell: true
  vevoVisszaigazolasKell: false
  ugyfelRegisztracioKell: 
  regisztraltUgyfelId: 
  shopMegjegyzes: Príma Wellness vásárlás: Squash 10 alkalmas Egésznapos
  backURL: http://shop.primawellness.hu:80/fiz3.php?func=fiz3%3FfizetesValasz%3Dtrue&posId=02200814&tranzId=primaw2866&fizetesValasz=true&tranzakcioAzonosito=primaw2866
  ketlepcsosFizetes: 

Befejezes: 2012.02.23. 17:16:18

Valasz: FIZETESTIMEOUT

Valasz adatok
  posId: 02200814
  azonosito: primaw2866
  posValaszkod: 
  authorizaciosKod: 
  statuszKod: 
  teljesites: 2012.02.23 17.16.19 000
  nev: 
  orszag: 
  megye: 
  varos: 
  iranyitoszam: 
  utcaHazszam: 
  mailCim: 
  kozlemeny: 
