Haromszereplos fizetesi tranzakcio

Inditas: 2012.03.21. 11:57:20

Indito adatok
  posId: 02200814
  azonosito: primaw3064
  osszeg: 7496
  devizanem: HUF
  nyelvkod: hu
  nevKell: true
  orszagKell: true
  megyeKell: true
  telepulesKell: true
  iranyitoszamKell: true
  utcaHazszamKell: true
  mailCimKell: true
  kozlemenyKell: true
  vevoVisszaigazolasKell: false
  ugyfelRegisztracioKell: 
  regisztraltUgyfelId: 
  shopMegjegyzes: Príma Wellness vásárlás: Diák és Nyugd. Aerobik 8 alk. Egésznapos
  backURL: http://shop.primawellness.hu:80/fiz3.php?func=fiz3%3FfizetesValasz%3Dtrue&posId=02200814&tranzId=primaw3064&fizetesValasz=true&tranzakcioAzonosito=primaw3064
  ketlepcsosFizetes: 

Befejezes: 2012.03.21. 11:59:56

Valasz: 055

Valasz adatok
  posId: 02200814
  azonosito: primaw3064
  posValaszkod: 
  authorizaciosKod: 
  statuszKod: 
  teljesites: 2012.03.21 11.59.53 928
  nev: 
  orszag: 
  megye: 
  varos: 
  iranyitoszam: 
  utcaHazszam: 
  mailCim: 
  kozlemeny: 
