Haromszereplos fizetesi tranzakcio

Inditas: 2012.03.24. 12:26:42

Indito adatok
  posId: 02200814
  azonosito: primaw3080
  osszeg: 8161
  devizanem: HUF
  nyelvkod: hu
  nevKell: true
  orszagKell: true
  megyeKell: true
  telepulesKell: true
  iranyitoszamKell: true
  utcaHazszamKell: true
  mailCimKell: true
  kozlemenyKell: true
  vevoVisszaigazolasKell: false
  ugyfelRegisztracioKell: 
  regisztraltUgyfelId: 
  shopMegjegyzes: Príma Wellness vásárlás: Aerobik 8 alkalmas Egésznapos
  backURL: http://shop.primawellness.hu:80/fiz3.php?func=fiz3%3FfizetesValasz%3Dtrue&posId=02200814&tranzId=primaw3080&fizetesValasz=true&tranzakcioAzonosito=primaw3080
  ketlepcsosFizetes: 

Befejezes: 2012.03.24. 12:34:43

Valasz: FIZETESTIMEOUT

Valasz adatok
  posId: 02200814
  azonosito: primaw3080
  posValaszkod: 
  authorizaciosKod: 
  statuszKod: 
  teljesites: 2012.03.24 12.34.44 000
  nev: 
  orszag: 
  megye: 
  varos: 
  iranyitoszam: 
  utcaHazszam: 
  mailCim: 
  kozlemeny: 
