Haromszereplos fizetesi tranzakcio

Inditas: 2012.02.10. 08:47:05

Indito adatok
  posId: 02200814
  azonosito: primaw2798
  osszeg: 8161
  devizanem: HUF
  nyelvkod: hu
  nevKell: true
  orszagKell: true
  megyeKell: true
  telepulesKell: true
  iranyitoszamKell: true
  utcaHazszamKell: true
  mailCimKell: true
  kozlemenyKell: true
  vevoVisszaigazolasKell: false
  ugyfelRegisztracioKell: 
  regisztraltUgyfelId: 
  shopMegjegyzes: Príma Wellness vásárlás: Aerobic 8 alkalmas Egésznap + 4 SPA
  backURL: http://shop.primawellness.hu:80/fiz3.php?func=fiz3%3FfizetesValasz%3Dtrue&posId=02200814&tranzId=primaw2798&fizetesValasz=true&tranzakcioAzonosito=primaw2798
  ketlepcsosFizetes: 

Befejezes: 2012.02.10. 08:55:08

Valasz: FIZETESTIMEOUT

Valasz adatok
  posId: 02200814
  azonosito: primaw2798
  posValaszkod: 
  authorizaciosKod: 
  statuszKod: 
  teljesites: 2012.02.10 08.55.08 000
  nev: 
  orszag: 
  megye: 
  varos: 
  iranyitoszam: 
  utcaHazszam: 
  mailCim: 
  kozlemeny: 
