Haromszereplos fizetesi tranzakcio

Inditas: 2012.04.01. 12:26:26

Indito adatok
  posId: 02200814
  azonosito: primaw3135
  osszeg: 13576
  devizanem: HUF
  nyelvkod: hu
  nevKell: true
  orszagKell: true
  megyeKell: true
  telepulesKell: true
  iranyitoszamKell: true
  utcaHazszamKell: true
  mailCimKell: true
  kozlemenyKell: true
  vevoVisszaigazolasKell: false
  ugyfelRegisztracioKell: 
  regisztraltUgyfelId: 
  shopMegjegyzes: Príma Wellness vásárlás: Fittness-SPA 12 alkalmas Egésznap
  backURL: http://shop.primawellness.hu:80/fiz3.php?func=fiz3%3FfizetesValasz%3Dtrue&posId=02200814&tranzId=primaw3135&fizetesValasz=true&tranzakcioAzonosito=primaw3135
  ketlepcsosFizetes: 

Befejezes: 2012.04.01. 12:34:27

Valasz: FIZETESTIMEOUT

Valasz adatok
  posId: 02200814
  azonosito: primaw3135
  posValaszkod: 
  authorizaciosKod: 
  statuszKod: 
  teljesites: 2012.04.01 12.34.28 000
  nev: 
  orszag: 
  megye: 
  varos: 
  iranyitoszam: 
  utcaHazszam: 
  mailCim: 
  kozlemeny: 
