Haromszereplos fizetesi tranzakcio

Inditas: 2012.03.28. 09:21:59

Indito adatok
  posId: 02200814
  azonosito: primaw3097
  osszeg: 5121
  devizanem: HUF
  nyelvkod: hu
  nevKell: true
  orszagKell: true
  megyeKell: true
  telepulesKell: true
  iranyitoszamKell: true
  utcaHazszamKell: true
  mailCimKell: true
  kozlemenyKell: true
  vevoVisszaigazolasKell: false
  ugyfelRegisztracioKell: 
  regisztraltUgyfelId: 
  shopMegjegyzes: Príma Wellness vásárlás: Aerobik 4 alkalmas Egésznapos
  backURL: http://shop.primawellness.hu:80/fiz3.php?func=fiz3%3FfizetesValasz%3Dtrue&posId=02200814&tranzId=primaw3097&fizetesValasz=true&tranzakcioAzonosito=primaw3097
  ketlepcsosFizetes: 

Befejezes: 2012.03.28. 09:30:01

Valasz: FIZETESTIMEOUT

Valasz adatok
  posId: 02200814
  azonosito: primaw3097
  posValaszkod: 
  authorizaciosKod: 
  statuszKod: 
  teljesites: 2012.03.28 09.30.02 000
  nev: 
  orszag: 
  megye: 
  varos: 
  iranyitoszam: 
  utcaHazszam: 
  mailCim: 
  kozlemeny: 
