Haromszereplos fizetesi tranzakcio

Inditas: 2012.03.18. 08:42:12

Indito adatok
  posId: 02200814
  azonosito: primaw3028
  osszeg: 6166
  devizanem: HUF
  nyelvkod: hu
  nevKell: true
  orszagKell: true
  megyeKell: true
  telepulesKell: true
  iranyitoszamKell: true
  utcaHazszamKell: true
  mailCimKell: true
  kozlemenyKell: true
  vevoVisszaigazolasKell: false
  ugyfelRegisztracioKell: 
  regisztraltUgyfelId: 
  shopMegjegyzes: Príma Wellness vásárlás: Fittness-SPA 4 alkalmas Egésznapos
  backURL: http://shop.primawellness.hu:80/fiz3.php?func=fiz3%3FfizetesValasz%3Dtrue&posId=02200814&tranzId=primaw3028&fizetesValasz=true&tranzakcioAzonosito=primaw3028
  ketlepcsosFizetes: 

Befejezes: 2012.03.18. 08:50:13

Valasz: FIZETESTIMEOUT

Valasz adatok
  posId: 02200814
  azonosito: primaw3028
  posValaszkod: 
  authorizaciosKod: 
  statuszKod: 
  teljesites: 2012.03.18 08.50.13 000
  nev: 
  orszag: 
  megye: 
  varos: 
  iranyitoszam: 
  utcaHazszam: 
  mailCim: 
  kozlemeny: 
