Haromszereplos fizetesi tranzakcio

Inditas: 2012.02.23. 08:40:50

Indito adatok
  posId: 02200814
  azonosito: primaw2864
  osszeg: 11866
  devizanem: HUF
  nyelvkod: hu
  nevKell: true
  orszagKell: true
  megyeKell: true
  telepulesKell: true
  iranyitoszamKell: true
  utcaHazszamKell: true
  mailCimKell: true
  kozlemenyKell: true
  vevoVisszaigazolasKell: false
  ugyfelRegisztracioKell: 
  regisztraltUgyfelId: 
  shopMegjegyzes: Príma Wellness vásárlás: Squash 5 alkalmas Egésznapos
  backURL: http://shop.primawellness.hu:80/fiz3.php?func=fiz3%3FfizetesValasz%3Dtrue&posId=02200814&tranzId=primaw2864&fizetesValasz=true&tranzakcioAzonosito=primaw2864
  ketlepcsosFizetes: 

Befejezes: 2012.02.23. 08:48:52

Valasz: FIZETESTIMEOUT

Valasz adatok
  posId: 02200814
  azonosito: primaw2864
  posValaszkod: 
  authorizaciosKod: 
  statuszKod: 
  teljesites: 2012.02.23 08.48.52 000
  nev: 
  orszag: 
  megye: 
  varos: 
  iranyitoszam: 
  utcaHazszam: 
  mailCim: 
  kozlemeny: 
