Haromszereplos fizetesi tranzakcio

Inditas: 2012.04.02. 09:42:59

Indito adatok
  posId: 02200814
  azonosito: primaw3140
  osszeg: 10441
  devizanem: HUF
  nyelvkod: hu
  nevKell: true
  orszagKell: true
  megyeKell: true
  telepulesKell: true
  iranyitoszamKell: true
  utcaHazszamKell: true
  mailCimKell: true
  kozlemenyKell: true
  vevoVisszaigazolasKell: false
  ugyfelRegisztracioKell: 
  regisztraltUgyfelId: 
  shopMegjegyzes: Príma Wellness vásárlás: Diák és Nyugd. Fit-Spa 12 alk DE 14h-ig
  backURL: http://shop.primawellness.hu:80/fiz3.php?func=fiz3%3FfizetesValasz%3Dtrue&posId=02200814&tranzId=primaw3140&fizetesValasz=true&tranzakcioAzonosito=primaw3140
  ketlepcsosFizetes: 

Befejezes: 2012.04.02. 09:51:00

Valasz: FIZETESTIMEOUT

Valasz adatok
  posId: 02200814
  azonosito: primaw3140
  posValaszkod: 
  authorizaciosKod: 
  statuszKod: 
  teljesites: 2012.04.02 09.51.01 000
  nev: 
  orszag: 
  megye: 
  varos: 
  iranyitoszam: 
  utcaHazszam: 
  mailCim: 
  kozlemeny: 
