Haromszereplos fizetesi tranzakcio

Inditas: 2012.02.11. 15:22:34

Indito adatok
  posId: 02200814
  azonosito: primaw2811
  osszeg: 15191
  devizanem: HUF
  nyelvkod: hu
  nevKell: true
  orszagKell: true
  megyeKell: true
  telepulesKell: true
  iranyitoszamKell: true
  utcaHazszamKell: true
  mailCimKell: true
  kozlemenyKell: true
  vevoVisszaigazolasKell: false
  ugyfelRegisztracioKell: 
  regisztraltUgyfelId: 
  shopMegjegyzes: Príma Wellness vásárlás: Príma korl. Fitness-Spa egésznapos
  backURL: http://shop.primawellness.hu:80/fiz3.php?func=fiz3%3FfizetesValasz%3Dtrue&posId=02200814&tranzId=primaw2811&fizetesValasz=true&tranzakcioAzonosito=primaw2811
  ketlepcsosFizetes: 

Befejezes: 2012.02.11. 15:30:37

Valasz: FIZETESTIMEOUT

Valasz adatok
  posId: 02200814
  azonosito: primaw2811
  posValaszkod: 
  authorizaciosKod: 
  statuszKod: 
  teljesites: 2012.02.11 15.30.38 000
  nev: 
  orszag: 
  megye: 
  varos: 
  iranyitoszam: 
  utcaHazszam: 
  mailCim: 
  kozlemeny: 
