Haromszereplos fizetesi tranzakcio

Inditas: 2012.03.15. 23:24:44

Indito adatok
  posId: 02200814
  azonosito: primaw3009
  osszeg: 9776
  devizanem: HUF
  nyelvkod: hu
  nevKell: true
  orszagKell: true
  megyeKell: true
  telepulesKell: true
  iranyitoszamKell: true
  utcaHazszamKell: true
  mailCimKell: true
  kozlemenyKell: true
  vevoVisszaigazolasKell: false
  ugyfelRegisztracioKell: 
  regisztraltUgyfelId: 
  shopMegjegyzes: Príma Wellness vásárlás: Aerobik 12 alkalmas Egésznapos
  backURL: http://shop.primawellness.hu:80/fiz3.php?func=fiz3%3FfizetesValasz%3Dtrue&posId=02200814&tranzId=primaw3009&fizetesValasz=true&tranzakcioAzonosito=primaw3009
  ketlepcsosFizetes: 

Befejezes: 2012.03.15. 23:32:45

Valasz: FIZETESTIMEOUT

Valasz adatok
  posId: 02200814
  azonosito: primaw3009
  posValaszkod: 
  authorizaciosKod: 
  statuszKod: 
  teljesites: 2012.03.15 23.32.45 000
  nev: 
  orszag: 
  megye: 
  varos: 
  iranyitoszam: 
  utcaHazszam: 
  mailCim: 
  kozlemeny: 
