Haromszereplos fizetesi tranzakcio

Inditas: 2012.03.29. 08:05:02

Indito adatok
  posId: 02200814
  azonosito: primaw3106
  osszeg: 4551
  devizanem: HUF
  nyelvkod: hu
  nevKell: true
  orszagKell: true
  megyeKell: true
  telepulesKell: true
  iranyitoszamKell: true
  utcaHazszamKell: true
  mailCimKell: true
  kozlemenyKell: true
  vevoVisszaigazolasKell: false
  ugyfelRegisztracioKell: 
  regisztraltUgyfelId: 
  shopMegjegyzes: Príma Wellness vásárlás: Fitness 4 alkalmas DE 14h-ig
  backURL: http://shop.primawellness.hu:80/fiz3.php?func=fiz3%3FfizetesValasz%3Dtrue&posId=02200814&tranzId=primaw3106&fizetesValasz=true&tranzakcioAzonosito=primaw3106
  ketlepcsosFizetes: 

Befejezes: 2012.03.29. 08:13:03

Valasz: FIZETESTIMEOUT

Valasz adatok
  posId: 02200814
  azonosito: primaw3106
  posValaszkod: 
  authorizaciosKod: 
  statuszKod: 
  teljesites: 2012.03.29 08.13.03 000
  nev: 
  orszag: 
  megye: 
  varos: 
  iranyitoszam: 
  utcaHazszam: 
  mailCim: 
  kozlemeny: 
