Haromszereplos fizetesi tranzakcio

Inditas: 2012.04.06. 13:24:21

Indito adatok
  posId: 02200814
  azonosito: primaw3161
  osszeg: 8161
  devizanem: HUF
  nyelvkod: hu
  nevKell: true
  orszagKell: true
  megyeKell: true
  telepulesKell: true
  iranyitoszamKell: true
  utcaHazszamKell: true
  mailCimKell: true
  kozlemenyKell: true
  vevoVisszaigazolasKell: false
  ugyfelRegisztracioKell: 
  regisztraltUgyfelId: 
  shopMegjegyzes: Príma Wellness vásárlás: Aerobik 8 alkalmas Egésznapos
  backURL: http://shop.primawellness.hu:80/fiz3.php?func=fiz3%3FfizetesValasz%3Dtrue&posId=02200814&tranzId=primaw3161&fizetesValasz=true&tranzakcioAzonosito=primaw3161
  ketlepcsosFizetes: 

Befejezes: 2012.04.06. 13:32:31

Valasz: FIZETESTIMEOUT

Valasz adatok
  posId: 02200814
  azonosito: primaw3161
  posValaszkod: 
  authorizaciosKod: 
  statuszKod: 
  teljesites: 2012.04.06 13.32.32 000
  nev: 
  orszag: 
  megye: 
  varos: 
  iranyitoszam: 
  utcaHazszam: 
  mailCim: 
  kozlemeny: 
