Haromszereplos fizetesi tranzakcio

Inditas: 2012.04.05. 11:11:39

Indito adatok
  posId: 02200814
  azonosito: primaw3159
  osszeg: 8161
  devizanem: HUF
  nyelvkod: hu
  nevKell: true
  orszagKell: true
  megyeKell: true
  telepulesKell: true
  iranyitoszamKell: true
  utcaHazszamKell: true
  mailCimKell: true
  kozlemenyKell: true
  vevoVisszaigazolasKell: false
  ugyfelRegisztracioKell: 
  regisztraltUgyfelId: 
  shopMegjegyzes: Príma Wellness vásárlás: Aerobik 8 alkalmas Egésznapos
  backURL: http://shop.primawellness.hu:80/fiz3.php?func=fiz3%3FfizetesValasz%3Dtrue&posId=02200814&tranzId=primaw3159&fizetesValasz=true&tranzakcioAzonosito=primaw3159
  ketlepcsosFizetes: 

Befejezes: 2012.04.05. 11:19:42

Valasz: FIZETESTIMEOUT

Valasz adatok
  posId: 02200814
  azonosito: primaw3159
  posValaszkod: 
  authorizaciosKod: 
  statuszKod: 
  teljesites: 2012.04.05 11.19.42 000
  nev: 
  orszag: 
  megye: 
  varos: 
  iranyitoszam: 
  utcaHazszam: 
  mailCim: 
  kozlemeny: 
