Haromszereplos fizetesi tranzakcio

Inditas: 2012.02.24. 14:05:03

Indito adatok
  posId: 02200814
  azonosito: primaw2894
  osszeg: 9776
  devizanem: HUF
  nyelvkod: hu
  nevKell: true
  orszagKell: true
  megyeKell: true
  telepulesKell: true
  iranyitoszamKell: true
  utcaHazszamKell: true
  mailCimKell: true
  kozlemenyKell: true
  vevoVisszaigazolasKell: false
  ugyfelRegisztracioKell: 
  regisztraltUgyfelId: 
  shopMegjegyzes: Príma Wellness vásárlás: Aerobik 12 alkalmas Egésznapos
  backURL: http://shop.primawellness.hu:80/fiz3.php?func=fiz3%3FfizetesValasz%3Dtrue&posId=02200814&tranzId=primaw2894&fizetesValasz=true&tranzakcioAzonosito=primaw2894
  ketlepcsosFizetes: 

Befejezes: 2012.02.24. 14:13:12

Valasz: FIZETESTIMEOUT

Valasz adatok
  posId: 02200814
  azonosito: primaw2894
  posValaszkod: 
  authorizaciosKod: 
  statuszKod: 
  teljesites: 2012.02.24 14.13.13 000
  nev: 
  orszag: 
  megye: 
  varos: 
  iranyitoszam: 
  utcaHazszam: 
  mailCim: 
  kozlemeny: 
