Haromszereplos fizetesi tranzakcio

Inditas: 2012.04.06. 23:18:39

Indito adatok
  posId: 02200814
  azonosito: primaw3165
  osszeg: 13576
  devizanem: HUF
  nyelvkod: hu
  nevKell: true
  orszagKell: true
  megyeKell: true
  telepulesKell: true
  iranyitoszamKell: true
  utcaHazszamKell: true
  mailCimKell: true
  kozlemenyKell: true
  vevoVisszaigazolasKell: false
  ugyfelRegisztracioKell: 
  regisztraltUgyfelId: 
  shopMegjegyzes: Príma Wellness vásárlás: Aerobic-Spa 12 alkalmas Egésznap
  backURL: http://shop.primawellness.hu:80/fiz3.php?func=fiz3%3FfizetesValasz%3Dtrue&posId=02200814&tranzId=primaw3165&fizetesValasz=true&tranzakcioAzonosito=primaw3165
  ketlepcsosFizetes: 

Befejezes: 2012.04.06. 23:26:45

Valasz: FIZETESTIMEOUT

Valasz adatok
  posId: 02200814
  azonosito: primaw3165
  posValaszkod: 
  authorizaciosKod: 
  statuszKod: 
  teljesites: 2012.04.06 23.26.45 000
  nev: 
  orszag: 
  megye: 
  varos: 
  iranyitoszam: 
  utcaHazszam: 
  mailCim: 
  kozlemeny: 
