Haromszereplos fizetesi tranzakcio

Inditas: 2012.03.05. 13:41:29

Indito adatok
  posId: 02200814
  azonosito: primaw2968
  osszeg: 13291
  devizanem: HUF
  nyelvkod: hu
  nevKell: true
  orszagKell: true
  megyeKell: true
  telepulesKell: true
  iranyitoszamKell: true
  utcaHazszamKell: true
  mailCimKell: true
  kozlemenyKell: true
  vevoVisszaigazolasKell: false
  ugyfelRegisztracioKell: 
  regisztraltUgyfelId: 
  shopMegjegyzes: Príma Wellness vásárlás: Príma korl. Aerobik Egésznap
  backURL: http://shop.primawellness.hu:80/fiz3.php?func=fiz3%3FfizetesValasz%3Dtrue&posId=02200814&tranzId=primaw2968&fizetesValasz=true&tranzakcioAzonosito=primaw2968
  ketlepcsosFizetes: 

Befejezes: 2012.03.05. 13:49:30

Valasz: FIZETESTIMEOUT

Valasz adatok
  posId: 02200814
  azonosito: primaw2968
  posValaszkod: 
  authorizaciosKod: 
  statuszKod: 
  teljesites: 2012.03.05 13.49.31 000
  nev: 
  orszag: 
  megye: 
  varos: 
  iranyitoszam: 
  utcaHazszam: 
  mailCim: 
  kozlemeny: 
