Haromszereplos fizetesi tranzakcio

Inditas: 2012.04.17. 16:11:50

Indito adatok
  posId: 02200814
  azonosito: primaw3192
  osszeg: 9776
  devizanem: HUF
  nyelvkod: hu
  nevKell: true
  orszagKell: true
  megyeKell: true
  telepulesKell: true
  iranyitoszamKell: true
  utcaHazszamKell: true
  mailCimKell: true
  kozlemenyKell: true
  vevoVisszaigazolasKell: false
  ugyfelRegisztracioKell: 
  regisztraltUgyfelId: 
  shopMegjegyzes: Príma Wellness vásárlás: Aerobik 12 alkalmas Egésznapos
  backURL: http://web.primawellness.hu:80/shop/fiz3.php?func=fiz3%3FfizetesValasz%3Dtrue&posId=02200814&tranzId=primaw3192&fizetesValasz=true&tranzakcioAzonosito=primaw3192
  ketlepcsosFizetes: 

Befejezes: 2012.04.17. 16:19:57

Valasz: FIZETESTIMEOUT

Valasz adatok
  posId: 02200814
  azonosito: primaw3192
  posValaszkod: 
  authorizaciosKod: 
  statuszKod: 
  teljesites: 2012.04.17 16.19.58 000
  nev: 
  orszag: 
  megye: 
  varos: 
  iranyitoszam: 
  utcaHazszam: 
  mailCim: 
  kozlemeny: 
