Haromszereplos fizetesi tranzakcio

Inditas: 2012.03.07. 15:01:29

Indito adatok
  posId: 02200814
  azonosito: primaw2979
  osszeg: 16141
  devizanem: HUF
  nyelvkod: hu
  nevKell: true
  orszagKell: true
  megyeKell: true
  telepulesKell: true
  iranyitoszamKell: true
  utcaHazszamKell: true
  mailCimKell: true
  kozlemenyKell: true
  vevoVisszaigazolasKell: false
  ugyfelRegisztracioKell: 
  regisztraltUgyfelId: 
  shopMegjegyzes: Príma Wellness vásárlás: Príma korl. Aerobic-Spa egésznap
  backURL: http://shop.primawellness.hu:80/fiz3.php?func=fiz3%3FfizetesValasz%3Dtrue&posId=02200814&tranzId=primaw2979&fizetesValasz=true&tranzakcioAzonosito=primaw2979
  ketlepcsosFizetes: 

Befejezes: 2012.03.07. 15:03:31

Valasz: 055

Valasz adatok
  posId: 02200814
  azonosito: primaw2979
  posValaszkod: 
  authorizaciosKod: 
  statuszKod: 
  teljesites: 2012.03.07 15.03.29 417
  nev: 
  orszag: 
  megye: 
  varos: 
  iranyitoszam: 
  utcaHazszam: 
  mailCim: 
  kozlemeny: 
