Haromszereplos fizetesi tranzakcio

Inditas: 2012.03.29. 16:56:56

Indito adatok
  posId: 02200814
  azonosito: primaw3113
  osszeg: 6166
  devizanem: HUF
  nyelvkod: hu
  nevKell: true
  orszagKell: true
  megyeKell: true
  telepulesKell: true
  iranyitoszamKell: true
  utcaHazszamKell: true
  mailCimKell: true
  kozlemenyKell: true
  vevoVisszaigazolasKell: false
  ugyfelRegisztracioKell: 
  regisztraltUgyfelId: 
  shopMegjegyzes: Príma Wellness vásárlás: Aerobic-SPA 4 alkalmas Egésznapos
  backURL: http://shop.primawellness.hu:80/fiz3.php?func=fiz3%3FfizetesValasz%3Dtrue&posId=02200814&tranzId=primaw3113&fizetesValasz=true&tranzakcioAzonosito=primaw3113
  ketlepcsosFizetes: 

Befejezes: 2012.03.29. 17:04:57

Valasz: FIZETESTIMEOUT

Valasz adatok
  posId: 02200814
  azonosito: primaw3113
  posValaszkod: 
  authorizaciosKod: 
  statuszKod: 
  teljesites: 2012.03.29 17.04.58 000
  nev: 
  orszag: 
  megye: 
  varos: 
  iranyitoszam: 
  utcaHazszam: 
  mailCim: 
  kozlemeny: 
