Haromszereplos fizetesi tranzakcio

Inditas: 2012.02.13. 20:44:17

Indito adatok
  posId: 02200814
  azonosito: primaw2831
  osszeg: 8446
  devizanem: HUF
  nyelvkod: hu
  nevKell: true
  orszagKell: true
  megyeKell: true
  telepulesKell: true
  iranyitoszamKell: true
  utcaHazszamKell: true
  mailCimKell: true
  kozlemenyKell: true
  vevoVisszaigazolasKell: false
  ugyfelRegisztracioKell: 
  regisztraltUgyfelId: 
  shopMegjegyzes: Príma Wellness vásárlás: Fitness 12 alkalmas DE 14h-ig
  backURL: http://shop.primawellness.hu:80/fiz3.php?func=fiz3%3FfizetesValasz%3Dtrue&posId=02200814&tranzId=primaw2831&fizetesValasz=true&tranzakcioAzonosito=primaw2831
  ketlepcsosFizetes: 

Befejezes: 2012.02.13. 20:52:19

Valasz: FIZETESTIMEOUT

Valasz adatok
  posId: 02200814
  azonosito: primaw2831
  posValaszkod: 
  authorizaciosKod: 
  statuszKod: 
  teljesites: 2012.02.13 20.52.19 000
  nev: 
  orszag: 
  megye: 
  varos: 
  iranyitoszam: 
  utcaHazszam: 
  mailCim: 
  kozlemeny: 
