Haromszereplos fizetesi tranzakcio

Inditas: 2012.03.19. 21:22:35

Indito adatok
  posId: 02200814
  azonosito: primaw3048
  osszeg: 8446
  devizanem: HUF
  nyelvkod: hu
  nevKell: true
  orszagKell: true
  megyeKell: true
  telepulesKell: true
  iranyitoszamKell: true
  utcaHazszamKell: true
  mailCimKell: true
  kozlemenyKell: true
  vevoVisszaigazolasKell: false
  ugyfelRegisztracioKell: 
  regisztraltUgyfelId: 
  shopMegjegyzes: Príma Wellness vásárlás: Aerobik 12 alkalmas DE 14-ig
  backURL: http://shop.primawellness.hu:80/fiz3.php?func=fiz3%3FfizetesValasz%3Dtrue&posId=02200814&tranzId=primaw3048&fizetesValasz=true&tranzakcioAzonosito=primaw3048
  ketlepcsosFizetes: 

Befejezes: 2012.03.19. 21:30:36

Valasz: FIZETESTIMEOUT

Valasz adatok
  posId: 02200814
  azonosito: primaw3048
  posValaszkod: 
  authorizaciosKod: 
  statuszKod: 
  teljesites: 2012.03.19 21.30.36 000
  nev: 
  orszag: 
  megye: 
  varos: 
  iranyitoszam: 
  utcaHazszam: 
  mailCim: 
  kozlemeny: 
