Haromszereplos fizetesi tranzakcio

Inditas: 2012.03.17. 10:34:38

Indito adatok
  posId: 02200814
  azonosito: primaw3019
  osszeg: 16141
  devizanem: HUF
  nyelvkod: hu
  nevKell: true
  orszagKell: true
  megyeKell: true
  telepulesKell: true
  iranyitoszamKell: true
  utcaHazszamKell: true
  mailCimKell: true
  kozlemenyKell: true
  vevoVisszaigazolasKell: false
  ugyfelRegisztracioKell: 
  regisztraltUgyfelId: 
  shopMegjegyzes: Príma Wellness vásárlás: Príma korl. Fitness-Spa egésznapos
  backURL: http://shop.primawellness.hu:80/fiz3.php?func=fiz3%3FfizetesValasz%3Dtrue&posId=02200814&tranzId=primaw3019&fizetesValasz=true&tranzakcioAzonosito=primaw3019
  ketlepcsosFizetes: 

Befejezes: 2012.03.17. 10:42:40

Valasz: FIZETESTIMEOUT

Valasz adatok
  posId: 02200814
  azonosito: primaw3019
  posValaszkod: 
  authorizaciosKod: 
  statuszKod: 
  teljesites: 2012.03.17 10.42.40 000
  nev: 
  orszag: 
  megye: 
  varos: 
  iranyitoszam: 
  utcaHazszam: 
  mailCim: 
  kozlemeny: 
