Haromszereplos fizetesi tranzakcio

Inditas: 2012.02.06. 16:39:30

Indito adatok
  posId: 02200814
  azonosito: primaw2788
  osszeg: 5121
  devizanem: HUF
  nyelvkod: hu
  nevKell: true
  orszagKell: true
  megyeKell: true
  telepulesKell: true
  iranyitoszamKell: true
  utcaHazszamKell: true
  mailCimKell: true
  kozlemenyKell: true
  vevoVisszaigazolasKell: false
  ugyfelRegisztracioKell: 
  regisztraltUgyfelId: 
  shopMegjegyzes: Príma Wellness vásárlás: Aerobic 4 alkalmas Egésznapos + 2 SPA
  backURL: http://shop.primawellness.hu:80/fiz3.php?func=fiz3%3FfizetesValasz%3Dtrue&posId=02200814&tranzId=primaw2788&fizetesValasz=true&tranzakcioAzonosito=primaw2788
  ketlepcsosFizetes: 

Befejezes: 2012.02.06. 16:44:32

Valasz: 050

Valasz adatok
  posId: 02200814
  azonosito: primaw2788
  posValaszkod: 
  authorizaciosKod: 
  statuszKod: 
  teljesites: 2012.02.06 16.44.28 654
  nev: 
  orszag: 
  megye: 
  varos: 
  iranyitoszam: 
  utcaHazszam: 
  mailCim: 
  kozlemeny: 
