Haromszereplos fizetesi tranzakcio

Inditas: 2012.03.03. 18:41:25

Indito adatok
  posId: 02200814
  azonosito: primaw2959
  osszeg: 8161
  devizanem: HUF
  nyelvkod: hu
  nevKell: true
  orszagKell: true
  megyeKell: true
  telepulesKell: true
  iranyitoszamKell: true
  utcaHazszamKell: true
  mailCimKell: true
  kozlemenyKell: true
  vevoVisszaigazolasKell: false
  ugyfelRegisztracioKell: 
  regisztraltUgyfelId: 
  shopMegjegyzes: Príma Wellness vásárlás: Aerobik 8 alkalmas Egésznapos
  backURL: http://shop.primawellness.hu:80/fiz3.php?func=fiz3%3FfizetesValasz%3Dtrue&posId=02200814&tranzId=primaw2959&fizetesValasz=true&tranzakcioAzonosito=primaw2959
  ketlepcsosFizetes: 

Befejezes: 2012.03.03. 18:49:26

Valasz: FIZETESTIMEOUT

Valasz adatok
  posId: 02200814
  azonosito: primaw2959
  posValaszkod: 
  authorizaciosKod: 
  statuszKod: 
  teljesites: 2012.03.03 18.49.26 000
  nev: 
  orszag: 
  megye: 
  varos: 
  iranyitoszam: 
  utcaHazszam: 
  mailCim: 
  kozlemeny: 
