Haromszereplos fizetesi tranzakcio

Inditas: 2012.06.06. 08:07:06

Indito adatok
  posId: 02200814
  azonosito: primaw3200
  osszeg: 13291
  devizanem: HUF
  nyelvkod: hu
  nevKell: true
  orszagKell: true
  megyeKell: true
  telepulesKell: true
  iranyitoszamKell: true
  utcaHazszamKell: true
  mailCimKell: true
  kozlemenyKell: true
  vevoVisszaigazolasKell: false
  ugyfelRegisztracioKell: 
  regisztraltUgyfelId: 
  shopMegjegyzes: Príma Wellness vásárlás: Príma korl. Aerobik Egésznap
  backURL: http://shop.primawellness.hu:80/fiz3.php?func=fiz3%3FfizetesValasz%3Dtrue&posId=02200814&tranzId=primaw3200&fizetesValasz=true&tranzakcioAzonosito=primaw3200
  ketlepcsosFizetes: 

Befejezes: 2012.06.06. 08:07:15

Valasz: LETEZOFIZETESITRANZAKCIO

Valasz adatok
  posId: 02200814
  azonosito: primaw3200
  posValaszkod: 
  authorizaciosKod: 
  statuszKod: 
  teljesites: 
  nev: 
  orszag: 
  megye: 
  varos: 
  iranyitoszam: 
  utcaHazszam: 
  mailCim: 
  kozlemeny: 
