Haromszereplos fizetesi tranzakcio

Inditas: 2012.04.19. 12:31:56

Indito adatok
  posId: 02200814
  azonosito: primaw3199
  osszeg: 14906
  devizanem: HUF
  nyelvkod: hu
  nevKell: true
  orszagKell: true
  megyeKell: true
  telepulesKell: true
  iranyitoszamKell: true
  utcaHazszamKell: true
  mailCimKell: true
  kozlemenyKell: true
  vevoVisszaigazolasKell: false
  ugyfelRegisztracioKell: 
  regisztraltUgyfelId: 
  shopMegjegyzes: Príma Wellness vásárlás: Diák és Nyugd. Fit-Spa korl. egésznap
  backURL: http://web.primawellness.hu:80/shop/fiz3.php?func=fiz3%3FfizetesValasz%3Dtrue&posId=02200814&tranzId=primaw3199&fizetesValasz=true&tranzakcioAzonosito=primaw3199
  ketlepcsosFizetes: 

Befejezes: 2012.04.19. 12:39:58

Valasz: FIZETESTIMEOUT

Valasz adatok
  posId: 02200814
  azonosito: primaw3199
  posValaszkod: 
  authorizaciosKod: 
  statuszKod: 
  teljesites: 2012.04.19 12.39.58 000
  nev: 
  orszag: 
  megye: 
  varos: 
  iranyitoszam: 
  utcaHazszam: 
  mailCim: 
  kozlemeny: 
