Haromszereplos fizetesi tranzakcio

Inditas: 2012.03.30. 22:41:25

Indito adatok
  posId: 02200814
  azonosito: primaw3132
  osszeg: 9776
  devizanem: HUF
  nyelvkod: hu
  nevKell: true
  orszagKell: true
  megyeKell: true
  telepulesKell: true
  iranyitoszamKell: true
  utcaHazszamKell: true
  mailCimKell: true
  kozlemenyKell: true
  vevoVisszaigazolasKell: false
  ugyfelRegisztracioKell: 
  regisztraltUgyfelId: 
  shopMegjegyzes: Príma Wellness vásárlás: Fitness 12 alkalmas Egésznap
  backURL: http://shop.primawellness.hu:80/fiz3.php?func=fiz3%3FfizetesValasz%3Dtrue&posId=02200814&tranzId=primaw3132&fizetesValasz=true&tranzakcioAzonosito=primaw3132
  ketlepcsosFizetes: 

Befejezes: 2012.03.30. 22:46:36

Valasz: VISSZAUTASITOTTFIZETES

Valasz adatok
  posId: 02200814
  azonosito: primaw3132
  posValaszkod: 
  authorizaciosKod: 
  statuszKod: 
  teljesites: 2012.03.30 22.46.32 353
  nev: 
  orszag: 
  megye: 
  varos: 
  iranyitoszam: 
  utcaHazszam: 
  mailCim: 
  kozlemeny: 
