Haromszereplos fizetesi tranzakcio

Inditas: 2012.03.11. 11:02:22

Indito adatok
  posId: 02200814
  azonosito: primaw2998
  osszeg: 5121
  devizanem: HUF
  nyelvkod: hu
  nevKell: true
  orszagKell: true
  megyeKell: true
  telepulesKell: true
  iranyitoszamKell: true
  utcaHazszamKell: true
  mailCimKell: true
  kozlemenyKell: true
  vevoVisszaigazolasKell: false
  ugyfelRegisztracioKell: 
  regisztraltUgyfelId: 
  shopMegjegyzes: Príma Wellness vásárlás: Fitness 4 alkalmas Egésznapos
  backURL: http://shop.primawellness.hu:80/fiz3.php?func=fiz3%3FfizetesValasz%3Dtrue&posId=02200814&tranzId=primaw2998&fizetesValasz=true&tranzakcioAzonosito=primaw2998
  ketlepcsosFizetes: 

Befejezes: 2012.03.11. 11:10:23

Valasz: FIZETESTIMEOUT

Valasz adatok
  posId: 02200814
  azonosito: primaw2998
  posValaszkod: 
  authorizaciosKod: 
  statuszKod: 
  teljesites: 2012.03.11 11.10.24 000
  nev: 
  orszag: 
  megye: 
  varos: 
  iranyitoszam: 
  utcaHazszam: 
  mailCim: 
  kozlemeny: 
