Haromszereplos fizetesi tranzakcio

Inditas: 2012.02.10. 21:53:47

Indito adatok
  posId: 02200814
  azonosito: primaw2805
  osszeg: 9776
  devizanem: HUF
  nyelvkod: hu
  nevKell: true
  orszagKell: true
  megyeKell: true
  telepulesKell: true
  iranyitoszamKell: true
  utcaHazszamKell: true
  mailCimKell: true
  kozlemenyKell: true
  vevoVisszaigazolasKell: false
  ugyfelRegisztracioKell: 
  regisztraltUgyfelId: 
  shopMegjegyzes: Príma Wellness vásárlás: Aerobic 12 alkalmas Egésznap + 6 SPA
  backURL: http://shop.primawellness.hu:80/fiz3.php?func=fiz3%3FfizetesValasz%3Dtrue&posId=02200814&tranzId=primaw2805&fizetesValasz=true&tranzakcioAzonosito=primaw2805
  ketlepcsosFizetes: 

Befejezes: 2012.02.10. 21:54:23

Valasz: VISSZAUTASITOTTFIZETES

Valasz adatok
  posId: 02200814
  azonosito: primaw2805
  posValaszkod: 
  authorizaciosKod: 
  statuszKod: 
  teljesites: 2012.02.10 21.54.19 129
  nev: 
  orszag: 
  megye: 
  varos: 
  iranyitoszam: 
  utcaHazszam: 
  mailCim: 
  kozlemeny: 
