Haromszereplos fizetesi tranzakcio

Inditas: 2012.02.13. 18:50:56

Indito adatok
  posId: 02200814
  azonosito: primaw2825
  osszeg: 8446
  devizanem: HUF
  nyelvkod: hu
  nevKell: true
  orszagKell: true
  megyeKell: true
  telepulesKell: true
  iranyitoszamKell: true
  utcaHazszamKell: true
  mailCimKell: true
  kozlemenyKell: true
  vevoVisszaigazolasKell: false
  ugyfelRegisztracioKell: 
  regisztraltUgyfelId: 
  shopMegjegyzes: Príma Wellness vásárlás: Aerobic 12 alkalmas DE 14h-ig + 6 SPA
  backURL: http://shop.primawellness.hu:80/fiz3.php?func=fiz3%3FfizetesValasz%3Dtrue&posId=02200814&tranzId=primaw2825&fizetesValasz=true&tranzakcioAzonosito=primaw2825
  ketlepcsosFizetes: 

Befejezes: 2012.02.13. 18:58:59

Valasz: FIZETESTIMEOUT

Valasz adatok
  posId: 02200814
  azonosito: primaw2825
  posValaszkod: 
  authorizaciosKod: 
  statuszKod: 
  teljesites: 2012.02.13 18.58.59 000
  nev: 
  orszag: 
  megye: 
  varos: 
  iranyitoszam: 
  utcaHazszam: 
  mailCim: 
  kozlemeny: 
