Haromszereplos fizetesi tranzakcio

Inditas: 2012.02.18. 09:15:33

Indito adatok
  posId: 02200814
  azonosito: primaw2848
  osszeg: 13291
  devizanem: HUF
  nyelvkod: hu
  nevKell: true
  orszagKell: true
  megyeKell: true
  telepulesKell: true
  iranyitoszamKell: true
  utcaHazszamKell: true
  mailCimKell: true
  kozlemenyKell: true
  vevoVisszaigazolasKell: false
  ugyfelRegisztracioKell: 
  regisztraltUgyfelId: 
  shopMegjegyzes: Príma Wellness vásárlás: Príma korl. Fitness egésznap 
  backURL: http://shop.primawellness.hu:80/fiz3.php?func=fiz3%3FfizetesValasz%3Dtrue&posId=02200814&tranzId=primaw2848&fizetesValasz=true&tranzakcioAzonosito=primaw2848
  ketlepcsosFizetes: 

Befejezes: 2012.02.18. 09:23:36

Valasz: FIZETESTIMEOUT

Valasz adatok
  posId: 02200814
  azonosito: primaw2848
  posValaszkod: 
  authorizaciosKod: 
  statuszKod: 
  teljesites: 2012.02.18 09.23.36 000
  nev: 
  orszag: 
  megye: 
  varos: 
  iranyitoszam: 
  utcaHazszam: 
  mailCim: 
  kozlemeny: 
