Haromszereplos fizetesi tranzakcio

Inditas: 2012.04.02. 23:21:10

Indito adatok
  posId: 02200814
  azonosito: primaw3144
  osszeg: 21375
  devizanem: HUF
  nyelvkod: hu
  nevKell: true
  orszagKell: true
  megyeKell: true
  telepulesKell: true
  iranyitoszamKell: true
  utcaHazszamKell: true
  mailCimKell: true
  kozlemenyKell: true
  vevoVisszaigazolasKell: false
  ugyfelRegisztracioKell: 
  regisztraltUgyfelId: 
  shopMegjegyzes: Príma Wellness vásárlás: Masszázsbérlet normál 6 alkalmas 60 perces
  backURL: http://shop.primawellness.hu:80/fiz3.php?func=fiz3%3FfizetesValasz%3Dtrue&posId=02200814&tranzId=primaw3144&fizetesValasz=true&tranzakcioAzonosito=primaw3144
  ketlepcsosFizetes: 

Befejezes: 2012.04.02. 23:29:11

Valasz: FIZETESTIMEOUT

Valasz adatok
  posId: 02200814
  azonosito: primaw3144
  posValaszkod: 
  authorizaciosKod: 
  statuszKod: 
  teljesites: 2012.04.02 23.29.12 000
  nev: 
  orszag: 
  megye: 
  varos: 
  iranyitoszam: 
  utcaHazszam: 
  mailCim: 
  kozlemeny: 
