Haromszereplos fizetesi tranzakcio

Inditas: 2012.04.16. 15:02:16

Indito adatok
  posId: 02200814
  azonosito: primaw3187
  osszeg: 1416
  devizanem: HUF
  nyelvkod: hu
  nevKell: true
  orszagKell: true
  megyeKell: true
  telepulesKell: true
  iranyitoszamKell: true
  utcaHazszamKell: true
  mailCimKell: true
  kozlemenyKell: true
  vevoVisszaigazolasKell: false
  ugyfelRegisztracioKell: 
  regisztraltUgyfelId: 
  shopMegjegyzes: Príma Wellness vásárlás: Fitness 1 alkalmas jegy Egésznap 
  backURL: http://web.primawellness.hu:80/shopfiz3.php?func=fiz3%3FfizetesValasz%3Dtrue&posId=02200814&tranzId=primaw3187&fizetesValasz=true&tranzakcioAzonosito=primaw3187
  ketlepcsosFizetes: 

Befejezes: 2012.04.16. 15:03:14

Valasz: VISSZAUTASITOTTFIZETES

Valasz adatok
  posId: 02200814
  azonosito: primaw3187
  posValaszkod: 
  authorizaciosKod: 
  statuszKod: 
  teljesites: 2012.04.16 15.03.12 439
  nev: 
  orszag: 
  megye: 
  varos: 
  iranyitoszam: 
  utcaHazszam: 
  mailCim: 
  kozlemeny: 
