Haromszereplos fizetesi tranzakcio

Inditas: 2012.02.23. 07:46:47

Indito adatok
  posId: 02200814
  azonosito: primaw2863
  osszeg: 11866
  devizanem: HUF
  nyelvkod: hu
  nevKell: true
  orszagKell: true
  megyeKell: true
  telepulesKell: true
  iranyitoszamKell: true
  utcaHazszamKell: true
  mailCimKell: true
  kozlemenyKell: true
  vevoVisszaigazolasKell: false
  ugyfelRegisztracioKell: 
  regisztraltUgyfelId: 
  shopMegjegyzes: Príma Wellness vásárlás: Squash 5 alkalmas Egésznapos
  backURL: http://shop.primawellness.hu:80/fiz3.php?func=fiz3%3FfizetesValasz%3Dtrue&posId=02200814&tranzId=primaw2863&fizetesValasz=true&tranzakcioAzonosito=primaw2863
  ketlepcsosFizetes: 

Befejezes: 2012.02.23. 07:54:50

Valasz: FIZETESTIMEOUT

Valasz adatok
  posId: 02200814
  azonosito: primaw2863
  posValaszkod: 
  authorizaciosKod: 
  statuszKod: 
  teljesites: 2012.02.23 07.54.50 000
  nev: 
  orszag: 
  megye: 
  varos: 
  iranyitoszam: 
  utcaHazszam: 
  mailCim: 
  kozlemeny: 
