Haromszereplos fizetesi tranzakcio

Inditas: 2012.03.21. 15:51:28

Indito adatok
  posId: 02200814
  azonosito: primaw3068
  osszeg: 8161
  devizanem: HUF
  nyelvkod: hu
  nevKell: true
  orszagKell: true
  megyeKell: true
  telepulesKell: true
  iranyitoszamKell: true
  utcaHazszamKell: true
  mailCimKell: true
  kozlemenyKell: true
  vevoVisszaigazolasKell: false
  ugyfelRegisztracioKell: 
  regisztraltUgyfelId: 
  shopMegjegyzes: Príma Wellness vásárlás: Aerobik 8 alkalmas Egésznapos
  backURL: http://shop.primawellness.hu:80/fiz3.php?func=fiz3%3FfizetesValasz%3Dtrue&posId=02200814&tranzId=primaw3068&fizetesValasz=true&tranzakcioAzonosito=primaw3068
  ketlepcsosFizetes: 

Befejezes: 2012.03.21. 15:59:29

Valasz: FIZETESTIMEOUT

Valasz adatok
  posId: 02200814
  azonosito: primaw3068
  posValaszkod: 
  authorizaciosKod: 
  statuszKod: 
  teljesites: 2012.03.21 15.59.30 000
  nev: 
  orszag: 
  megye: 
  varos: 
  iranyitoszam: 
  utcaHazszam: 
  mailCim: 
  kozlemeny: 
