Haromszereplos fizetesi tranzakcio

Inditas: 2012.02.08. 17:15:22

Indito adatok
  posId: 02200814
  azonosito: primaw2792
  osszeg: 2841
  devizanem: HUF
  nyelvkod: hu
  nevKell: true
  orszagKell: true
  megyeKell: true
  telepulesKell: true
  iranyitoszamKell: true
  utcaHazszamKell: true
  mailCimKell: true
  kozlemenyKell: true
  vevoVisszaigazolasKell: false
  ugyfelRegisztracioKell: 
  regisztraltUgyfelId: 
  shopMegjegyzes: Príma Wellness vásárlás: Squash 1 alk. 16-21
  backURL: http://shop.primawellness.hu:80/fiz3.php?func=fiz3%3FfizetesValasz%3Dtrue&posId=02200814&tranzId=primaw2792&fizetesValasz=true&tranzakcioAzonosito=primaw2792
  ketlepcsosFizetes: 

Befejezes: 2012.02.08. 17:23:24

Valasz: FIZETESTIMEOUT

Valasz adatok
  posId: 02200814
  azonosito: primaw2792
  posValaszkod: 
  authorizaciosKod: 
  statuszKod: 
  teljesites: 2012.02.08 17.23.25 000
  nev: 
  orszag: 
  megye: 
  varos: 
  iranyitoszam: 
  utcaHazszam: 
  mailCim: 
  kozlemeny: 
