Haromszereplos fizetesi tranzakcio

Inditas: 2012.03.18. 23:49:13

Indito adatok
  posId: 02200814
  azonosito: primaw3030
  osszeg: 13291
  devizanem: HUF
  nyelvkod: hu
  nevKell: true
  orszagKell: true
  megyeKell: true
  telepulesKell: true
  iranyitoszamKell: true
  utcaHazszamKell: true
  mailCimKell: true
  kozlemenyKell: true
  vevoVisszaigazolasKell: false
  ugyfelRegisztracioKell: 
  regisztraltUgyfelId: 
  shopMegjegyzes: Príma Wellness vásárlás: Príma korl. Aerobik Egésznap
  backURL: http://shop.primawellness.hu:80/fiz3.php?func=fiz3%3FfizetesValasz%3Dtrue&posId=02200814&tranzId=primaw3030&fizetesValasz=true&tranzakcioAzonosito=primaw3030
  ketlepcsosFizetes: 

Befejezes: 2012.03.18. 23:57:14

Valasz: FIZETESTIMEOUT

Valasz adatok
  posId: 02200814
  azonosito: primaw3030
  posValaszkod: 
  authorizaciosKod: 
  statuszKod: 
  teljesites: 2012.03.18 23.57.14 000
  nev: 
  orszag: 
  megye: 
  varos: 
  iranyitoszam: 
  utcaHazszam: 
  mailCim: 
  kozlemeny: 
