Haromszereplos fizetesi tranzakcio

Inditas: 2012.03.30. 09:51:07

Indito adatok
  posId: 02200814
  azonosito: primaw3121
  osszeg: 9776
  devizanem: HUF
  nyelvkod: hu
  nevKell: true
  orszagKell: true
  megyeKell: true
  telepulesKell: true
  iranyitoszamKell: true
  utcaHazszamKell: true
  mailCimKell: true
  kozlemenyKell: true
  vevoVisszaigazolasKell: false
  ugyfelRegisztracioKell: 
  regisztraltUgyfelId: 
  shopMegjegyzes: Príma Wellness vásárlás: Fitness 12 alkalmas Egésznap
  backURL: http://shop.primawellness.hu:80/fiz3.php?func=fiz3%3FfizetesValasz%3Dtrue&posId=02200814&tranzId=primaw3121&fizetesValasz=true&tranzakcioAzonosito=primaw3121
  ketlepcsosFizetes: 

Befejezes: 2012.03.30. 09:59:08

Valasz: FIZETESTIMEOUT

Valasz adatok
  posId: 02200814
  azonosito: primaw3121
  posValaszkod: 
  authorizaciosKod: 
  statuszKod: 
  teljesites: 2012.03.30 09.59.08 000
  nev: 
  orszag: 
  megye: 
  varos: 
  iranyitoszam: 
  utcaHazszam: 
  mailCim: 
  kozlemeny: 
