Haromszereplos fizetesi tranzakcio

Inditas: 2012.02.24. 14:07:03

Indito adatok
  posId: 02200814
  azonosito: primaw2897
  osszeg: 4551
  devizanem: HUF
  nyelvkod: hu
  nevKell: true
  orszagKell: true
  megyeKell: true
  telepulesKell: true
  iranyitoszamKell: true
  utcaHazszamKell: true
  mailCimKell: true
  kozlemenyKell: true
  vevoVisszaigazolasKell: false
  ugyfelRegisztracioKell: 
  regisztraltUgyfelId: 
  shopMegjegyzes: Príma Wellness vásárlás: Aerobik 4 alkalmas DE 14-ig
  backURL: http://shop.primawellness.hu:80/fiz3.php?func=fiz3%3FfizetesValasz%3Dtrue&posId=02200814&tranzId=primaw2897&fizetesValasz=true&tranzakcioAzonosito=primaw2897
  ketlepcsosFizetes: 

Befejezes: 2012.02.24. 14:08:37

Valasz: VISSZAUTASITOTTFIZETES

Valasz adatok
  posId: 02200814
  azonosito: primaw2897
  posValaszkod: 
  authorizaciosKod: 
  statuszKod: 
  teljesites: 2012.02.24 14.08.36 518
  nev: 
  orszag: 
  megye: 
  varos: 
  iranyitoszam: 
  utcaHazszam: 
  mailCim: 
  kozlemeny: 
