Haromszereplos fizetesi tranzakcio

Inditas: 2012.02.20. 09:44:54

Indito adatok
  posId: 02200814
  azonosito: primaw2855
  osszeg: 8826
  devizanem: HUF
  nyelvkod: hu
  nevKell: true
  orszagKell: true
  megyeKell: true
  telepulesKell: true
  iranyitoszamKell: true
  utcaHazszamKell: true
  mailCimKell: true
  kozlemenyKell: true
  vevoVisszaigazolasKell: false
  ugyfelRegisztracioKell: 
  regisztraltUgyfelId: 
  shopMegjegyzes: Príma Wellness vásárlás: Diák és Nyugd. Fitness 12 alk Egésznap
  backURL: http://shop.primawellness.hu:80/fiz3.php?func=fiz3%3FfizetesValasz%3Dtrue&posId=02200814&tranzId=primaw2855&fizetesValasz=true&tranzakcioAzonosito=primaw2855
  ketlepcsosFizetes: 

Befejezes: 2012.02.20. 09:52:58

Valasz: FIZETESTIMEOUT

Valasz adatok
  posId: 02200814
  azonosito: primaw2855
  posValaszkod: 
  authorizaciosKod: 
  statuszKod: 
  teljesites: 2012.02.20 09.52.58 000
  nev: 
  orszag: 
  megye: 
  varos: 
  iranyitoszam: 
  utcaHazszam: 
  mailCim: 
  kozlemeny: 
