Haromszereplos fizetesi tranzakcio

Inditas: 2012.03.19. 12:59:20

Indito adatok
  posId: 02200814
  azonosito: primaw3041
  osszeg: 2841
  devizanem: HUF
  nyelvkod: hu
  nevKell: true
  orszagKell: true
  megyeKell: true
  telepulesKell: true
  iranyitoszamKell: true
  utcaHazszamKell: true
  mailCimKell: true
  kozlemenyKell: true
  vevoVisszaigazolasKell: false
  ugyfelRegisztracioKell: 
  regisztraltUgyfelId: 
  shopMegjegyzes: Príma Wellness vásárlás: Squash 1 alk. 16-21
  backURL: http://shop.primawellness.hu:80/fiz3.php?func=fiz3%3FfizetesValasz%3Dtrue&posId=02200814&tranzId=primaw3041&fizetesValasz=true&tranzakcioAzonosito=primaw3041
  ketlepcsosFizetes: 

Befejezes: 2012.03.19. 13:07:26

Valasz: FIZETESTIMEOUT

Valasz adatok
  posId: 02200814
  azonosito: primaw3041
  posValaszkod: 
  authorizaciosKod: 
  statuszKod: 
  teljesites: 2012.03.19 13.07.26 000
  nev: 
  orszag: 
  megye: 
  varos: 
  iranyitoszam: 
  utcaHazszam: 
  mailCim: 
  kozlemeny: 
