Haromszereplos fizetesi tranzakcio

Inditas: 2012.02.24. 14:16:44

Indito adatok
  posId: 02200814
  azonosito: primaw2909
  osszeg: 8826
  devizanem: HUF
  nyelvkod: hu
  nevKell: true
  orszagKell: true
  megyeKell: true
  telepulesKell: true
  iranyitoszamKell: true
  utcaHazszamKell: true
  mailCimKell: true
  kozlemenyKell: true
  vevoVisszaigazolasKell: false
  ugyfelRegisztracioKell: 
  regisztraltUgyfelId: 
  shopMegjegyzes: Príma Wellness vásárlás: Diák és Nyugd. Aerobik 12 alk. Egésznapos
  backURL: http://shop.primawellness.hu:80/fiz3.php?func=fiz3%3FfizetesValasz%3Dtrue&posId=02200814&tranzId=primaw2909&fizetesValasz=true&tranzakcioAzonosito=primaw2909
  ketlepcsosFizetes: 

Befejezes: 2012.02.24. 14:24:47

Valasz: FIZETESTIMEOUT

Valasz adatok
  posId: 02200814
  azonosito: primaw2909
  posValaszkod: 
  authorizaciosKod: 
  statuszKod: 
  teljesites: 2012.02.24 14.24.48 000
  nev: 
  orszag: 
  megye: 
  varos: 
  iranyitoszam: 
  utcaHazszam: 
  mailCim: 
  kozlemeny: 
